2025-03-24 18:20:26,315 - ERROR - Error fetching https://data.egov.kz/api/v4/onirler_bolinisinde_energiyame5/?apiKey=dcc32505f6134b818ec7ce60b1d5b0c6: 404 Client Error: Not Found for url: https://data.egov.kz/api/v4/onirler_bolinisinde_energiyame5/?apiKey=dcc32505f6134b818ec7ce60b1d5b0c6
2025-03-24 18:22:10,982 - ERROR - Error fetching https://data.egov.kz/api/v4/svedeniya_ob_obektah_energosn1/?apiKey=dcc32505f6134b818ec7ce60b1d5b0c6: 404 Client Error: Not Found for url: https://data.egov.kz/api/v4/svedeniya_ob_obektah_energosn1/?apiKey=dcc32505f6134b818ec7ce60b1d5b0c6
2025-03-24 18:22:15,733 - ERROR - Error fetching https://data.egov.kz/api/v4/onirler_bolinisinde_kommunaldy2/?apiKey=dcc32505f6134b818ec7ce60b1d5b0c6: 404 Client Error: Not Found for url: https://data.egov.kz/api/v4/onirler_bolinisinde_kommunaldy2/?apiKey=dcc32505f6134b818ec7ce60b1d5b0c6
2025-03-24 18:23:50,380 - ERROR - Error fetching https://data.egov.kz/api/v4/data_on_the_results_of_interna14/?apiKey=dcc32505f6134b818ec7ce60b1d5b0c6: 404 Client Error: Not Found for url: https://data.egov.kz/api/v4/data_on_the_results_of_interna14/?apiKey=dcc32505f6134b818ec7ce60b1d5b0c6
2025-03-24 18:23:50,636 - ERROR - Error fetching https://data.egov.kz/api/v4/information_on_the_transfer_of/?apiKey=dcc32505f6134b818ec7ce60b1d5b0c6: 404 Client Error: Not Found for url: https://data.egov.kz/api/v4/information_on_the_transfer_of/?apiKey=dcc32505f6134b818ec7ce60b1d5b0c6
2025-03-24 18:23:50,833 - ERROR - Error fetching https://data.egov.kz/api/v4/onirler_bolinisinde_kommunaldy1/?apiKey=dcc32505f6134b818ec7ce60b1d5b0c6: 404 Client Error: Not Found for url: https://data.egov.kz/api/v4/onirler_bolinisinde_kommunaldy1/?apiKey=dcc32505f6134b818ec7ce60b1d5b0c6
2025-03-24 18:23:51,073 - ERROR - Error fetching https://data.egov.kz/api/v4/onirler_bolinisinde_zhekeshele/?apiKey=dcc32505f6134b818ec7ce60b1d5b0c6: 404 Client Error: Not Found for url: https://data.egov.kz/api/v4/onirler_bolinisinde_zhekeshele/?apiKey=dcc32505f6134b818ec7ce60b1d5b0c6
2025-03-24 18:23:55,646 - ERROR - Error fetching https://data.egov.kz/api/v4/onirler_bolinisinde_zhol_kuryl/?apiKey=dcc32505f6134b818ec7ce60b1d5b0c6: 404 Client Error: Not Found for url: https://data.egov.kz/api/v4/onirler_bolinisinde_zhol_kuryl/?apiKey=dcc32505f6134b818ec7ce60b1d5b0c6
2025-03-24 18:23:56,016 - ERROR - Error fetching https://data.egov.kz/api/v4/onirler_bolinisinde_sayazhai_u/?apiKey=dcc32505f6134b818ec7ce60b1d5b0c6: 404 Client Error: Not Found for url: https://data.egov.kz/api/v4/onirler_bolinisinde_sayazhai_u/?apiKey=dcc32505f6134b818ec7ce60b1d5b0c6
2025-03-24 18:23:56,454 - ERROR - Error fetching https://data.egov.kz/api/v4/onirler_bolinisinde_zhylytu_ke1/?apiKey=dcc32505f6134b818ec7ce60b1d5b0c6: 404 Client Error: Not Found for url: https://data.egov.kz/api/v4/onirler_bolinisinde_zhylytu_ke1/?apiKey=dcc32505f6134b818ec7ce60b1d5b0c6
2025-03-24 18:24:06,389 - ERROR - Error fetching https://data.egov.kz/api/v4/bir_tereze_kagidaty_boiynsha_i/?apiKey=dcc32505f6134b818ec7ce60b1d5b0c6: 404 Client Error: Not Found for url: https://data.egov.kz/api/v4/bir_tereze_kagidaty_boiynsha_i/?apiKey=dcc32505f6134b818ec7ce60b1d5b0c6
2025-03-24 18:24:31,058 - INFO - Saved 472 records to results/api_byMIO.csv
2025-03-24 18:24:31,060 - WARNING - Saved error report to results\error_report_api_byMIO.csv
2025-03-24 18:25:12,224 - WARNING - Skipping invalid API URL: https://data.egov.kz/proxy/kazgeologiya_ugbk_ak_zhargy?apiKey=dcc32505f6134b818ec7ce60b1d5b0c6
2025-03-24 18:25:12,225 - WARNING - Skipping invalid API URL: https://data.egov.kz/proxy/kazgeologiya_ugbk_ak_damu_s?apiKey=dcc32505f6134b818ec7ce60b1d5b0c6
2025-03-24 18:25:12,225 - WARNING - Skipping invalid API URL: https://data.egov.kz/proxy/kazgeologiya_ugbk_ak_sybail?apiKey=dcc32505f6134b818ec7ce60b1d5b0c6
2025-03-24 18:25:12,225 - WARNING - Skipping invalid API URL: https://data.egov.kz/proxy/opendata-api-uri141?apiKey=dcc32505f6134b818ec7ce60b1d5b0c6
2025-03-24 18:25:12,225 - WARNING - Skipping invalid API URL: https://data.egov.kz/proxy/kazgeologiya_ugbk_ak_iskerl?apiKey=dcc32505f6134b818ec7ce60b1d5b0c6
2025-03-24 18:25:12,226 - WARNING - Skipping invalid API URL: https://data.egov.kz/proxy/opendata-api-uri143?apiKey=dcc32505f6134b818ec7ce60b1d5b0c6
2025-03-24 18:25:12,226 - WARNING - Skipping invalid API URL: https://data.egov.kz/proxy/opendata-api-uri144?apiKey=dcc32505f6134b818ec7ce60b1d5b0c6
2025-03-24 18:25:12,226 - WARNING - Skipping invalid API URL: https://data.egov.kz/proxy/kazgeologiya_ugbk_ak_direkt?apiKey=dcc32505f6134b818ec7ce60b1d5b0c6
2025-03-24 18:25:12,226 - WARNING - Skipping invalid API URL: https://data.egov.kz/proxy/kazgeologiya_ugbk_ak_taueke?apiKey=dcc32505f6134b818ec7ce60b1d5b0c6
2025-03-24 18:25:12,226 - WARNING - Skipping invalid API URL: https://data.egov.kz/proxy/opendata-api-uri145?apiKey=dcc32505f6134b818ec7ce60b1d5b0c6
2025-03-24 18:25:12,226 - WARNING - Skipping invalid API URL: https://data.egov.kz/proxy/opendata-api-uri146?apiKey=dcc32505f6134b818ec7ce60b1d5b0c6
2025-03-24 18:25:12,226 - WARNING - Skipping invalid API URL: https://data.egov.kz/proxy/kazgeologiya_ugbk_ak_direkt1?apiKey=dcc32505f6134b818ec7ce60b1d5b0c6
2025-03-24 18:25:12,227 - WARNING - Skipping invalid API URL: https://data.egov.kz/proxy/kazgeologiya_ugbk_ak_ombuds?apiKey=dcc32505f6134b818ec7ce60b1d5b0c6
2025-03-24 18:25:12,227 - WARNING - Skipping invalid API URL: https://data.egov.kz/proxy/kazgeologiya_ugbk_ak_korpor?apiKey=dcc32505f6134b818ec7ce60b1d5b0c6
2025-03-24 18:25:12,229 - WARNING - Skipping invalid API URL: https://data.egov.kz/proxy/kazgeologiya_ak_zhane_dauys_?apiKey=dcc32505f6134b818ec7ce60b1d5b0c6
2025-03-24 18:25:12,746 - ERROR - Error fetching https://data.egov.kz/api/v4/sybailas_zhemkorlykka_karsy_sa1/?apiKey=dcc32505f6134b818ec7ce60b1d5b0c6: 404 Client Error: Not Found for url: https://data.egov.kz/api/v4/sybailas_zhemkorlykka_karsy_sa1/?apiKey=dcc32505f6134b818ec7ce60b1d5b0c6
2025-03-24 18:25:13,547 - ERROR - Error fetching https://data.egov.kz/api/v4/kazgeologiya_ulttyk_geologiyal/?apiKey=dcc32505f6134b818ec7ce60b1d5b0c6: 404 Client Error: Not Found for url: https://data.egov.kz/api/v4/kazgeologiya_ulttyk_geologiyal/?apiKey=dcc32505f6134b818ec7ce60b1d5b0c6
2025-03-24 18:25:13,853 - ERROR - Error fetching https://data.egov.kz/api/v4/kazgeologiya_ulttyk_geologiyal1/?apiKey=dcc32505f6134b818ec7ce60b1d5b0c6: 404 Client Error: Not Found for url: https://data.egov.kz/api/v4/kazgeologiya_ulttyk_geologiyal1/?apiKey=dcc32505f6134b818ec7ce60b1d5b0c6
2025-03-24 18:25:14,338 - ERROR - Error fetching https://data.egov.kz/api/v4/kazgeologiya_ak_direktorlar_ke/?apiKey=dcc32505f6134b818ec7ce60b1d5b0c6: 404 Client Error: Not Found for url: https://data.egov.kz/api/v4/kazgeologiya_ak_direktorlar_ke/?apiKey=dcc32505f6134b818ec7ce60b1d5b0c6
2025-03-24 18:25:21,099 - ERROR - Error fetching https://data.egov.kz/api/v4/ulttyk_akparattyk_tehnologiya4/?apiKey=dcc32505f6134b818ec7ce60b1d5b0c6: 404 Client Error: Not Found for url: https://data.egov.kz/api/v4/ulttyk_akparattyk_tehnologiya4/?apiKey=dcc32505f6134b818ec7ce60b1d5b0c6
2025-03-24 18:25:21,100 - WARNING - Skipping invalid API URL: https://data.egov.kz/proxy/berilgen_licenziyalar_men_lice?apiKey=dcc32505f6134b818ec7ce60b1d5b0c6
2025-03-24 18:25:21,100 - WARNING - Skipping invalid API URL: https://data.egov.kz/proxy/zandy_tulgalardyn_olardyn_kur1?apiKey=dcc32505f6134b818ec7ce60b1d5b0c6
2025-03-24 18:25:21,100 - WARNING - Skipping invalid API URL: https://data.egov.kz/proxy/nakty_uakytta_zhanartylatyn_za?apiKey=dcc32505f6134b818ec7ce60b1d5b0c6
2025-03-24 18:26:16,668 - ERROR - Error fetching https://data.egov.kz/api/v4/kauymdastyktarda_odaktarda_k/?apiKey=dcc32505f6134b818ec7ce60b1d5b0c6: 404 Client Error: Not Found for url: https://data.egov.kz/api/v4/kauymdastyktarda_odaktarda_k/?apiKey=dcc32505f6134b818ec7ce60b1d5b0c6
2025-03-24 18:26:17,028 - ERROR - Error fetching https://data.egov.kz/api/v4/memlekettik_annuitettik_kompa5/?apiKey=dcc32505f6134b818ec7ce60b1d5b0c6: 404 Client Error: Not Found for url: https://data.egov.kz/api/v4/memlekettik_annuitettik_kompa5/?apiKey=dcc32505f6134b818ec7ce60b1d5b0c6
2025-03-24 18:26:19,448 - ERROR - Error fetching https://data.egov.kz/api/v4/mak_kyzmetinin_zhuzege_asyryla/?apiKey=dcc32505f6134b818ec7ce60b1d5b0c6: 404 Client Error: Not Found for url: https://data.egov.kz/api/v4/mak_kyzmetinin_zhuzege_asyryla/?apiKey=dcc32505f6134b818ec7ce60b1d5b0c6
2025-03-24 18:26:19,540 - ERROR - Error fetching https://data.egov.kz/api/v4/saktandyru_uiymyna_reitingtik_/?apiKey=dcc32505f6134b818ec7ce60b1d5b0c6: 404 Client Error: Not Found for url: https://data.egov.kz/api/v4/saktandyru_uiymyna_reitingtik_/?apiKey=dcc32505f6134b818ec7ce60b1d5b0c6
2025-03-24 18:26:19,636 - ERROR - Error fetching https://data.egov.kz/api/v4/mak-tn_memlekettik_tirkeu_nom/?apiKey=dcc32505f6134b818ec7ce60b1d5b0c6: 404 Client Error: Not Found for url: https://data.egov.kz/api/v4/mak-tn_memlekettik_tirkeu_nom/?apiKey=dcc32505f6134b818ec7ce60b1d5b0c6
2025-03-24 18:26:19,738 - ERROR - Error fetching https://data.egov.kz/api/v4/mak-tyn_kurylgan_saktandyru_pu/?apiKey=dcc32505f6134b818ec7ce60b1d5b0c6: 404 Client Error: Not Found for url: https://data.egov.kz/api/v4/mak-tyn_kurylgan_saktandyru_pu/?apiKey=dcc32505f6134b818ec7ce60b1d5b0c6
2025-03-24 18:26:20,423 - ERROR - Error fetching https://data.egov.kz/api/v4/olarga_engizilgen_ozgerister_m/?apiKey=dcc32505f6134b818ec7ce60b1d5b0c6: 404 Client Error: Not Found for url: https://data.egov.kz/api/v4/olarga_engizilgen_ozgerister_m/?apiKey=dcc32505f6134b818ec7ce60b1d5b0c6
2025-03-24 18:26:22,401 - ERROR - Error fetching https://data.egov.kz/api/v4/alkei_margulannyn_olzhabai_ba/?apiKey=dcc32505f6134b818ec7ce60b1d5b0c6: 404 Client Error: Not Found for url: https://data.egov.kz/api/v4/alkei_margulannyn_olzhabai_ba/?apiKey=dcc32505f6134b818ec7ce60b1d5b0c6
2025-03-24 18:26:22,661 - ERROR - Error fetching https://data.egov.kz/api/v4/8_nauryz_halykaralyk_aielder/?apiKey=dcc32505f6134b818ec7ce60b1d5b0c6: 404 Client Error: Not Found for url: https://data.egov.kz/api/v4/8_nauryz_halykaralyk_aielder/?apiKey=dcc32505f6134b818ec7ce60b1d5b0c6
2025-03-24 18:26:22,772 - ERROR - Error fetching https://data.egov.kz/api/v4/129/?apiKey=dcc32505f6134b818ec7ce60b1d5b0c6: 404 Client Error: Not Found for url: https://data.egov.kz/api/v4/129/?apiKey=dcc32505f6134b818ec7ce60b1d5b0c6
2025-03-24 18:26:22,881 - ERROR - Error fetching https://data.egov.kz/api/v4/opendata-api-uri452/?apiKey=dcc32505f6134b818ec7ce60b1d5b0c6: 404 Client Error: Not Found for url: https://data.egov.kz/api/v4/opendata-api-uri452/?apiKey=dcc32505f6134b818ec7ce60b1d5b0c6
2025-03-24 18:26:22,989 - ERROR - Error fetching https://data.egov.kz/api/v4/opendata-api-uri453/?apiKey=dcc32505f6134b818ec7ce60b1d5b0c6: 404 Client Error: Not Found for url: https://data.egov.kz/api/v4/opendata-api-uri453/?apiKey=dcc32505f6134b818ec7ce60b1d5b0c6
2025-03-24 18:26:23,102 - ERROR - Error fetching https://data.egov.kz/api/v4/23_sauir_-_halykaralyk_kitap_k/?apiKey=dcc32505f6134b818ec7ce60b1d5b0c6: 404 Client Error: Not Found for url: https://data.egov.kz/api/v4/23_sauir_-_halykaralyk_kitap_k/?apiKey=dcc32505f6134b818ec7ce60b1d5b0c6
2025-03-24 18:26:23,205 - ERROR - Error fetching https://data.egov.kz/api/v4/kazakstannyn_halyk_zhazushysy/?apiKey=dcc32505f6134b818ec7ce60b1d5b0c6: 404 Client Error: Not Found for url: https://data.egov.kz/api/v4/kazakstannyn_halyk_zhazushysy/?apiKey=dcc32505f6134b818ec7ce60b1d5b0c6
2025-03-24 18:26:23,319 - ERROR - Error fetching https://data.egov.kz/api/v4/7mamyr__otan_korgaushylar_kun/?apiKey=dcc32505f6134b818ec7ce60b1d5b0c6: 404 Client Error: Not Found for url: https://data.egov.kz/api/v4/7mamyr__otan_korgaushylar_kun/?apiKey=dcc32505f6134b818ec7ce60b1d5b0c6
2025-03-24 18:26:23,495 - ERROR - Error fetching https://data.egov.kz/api/v4/v_ruhani_kazyna-2022__festival/?apiKey=dcc32505f6134b818ec7ce60b1d5b0c6: 404 Client Error: Not Found for url: https://data.egov.kz/api/v4/v_ruhani_kazyna-2022__festival/?apiKey=dcc32505f6134b818ec7ce60b1d5b0c6
2025-03-24 18:26:23,673 - ERROR - Error fetching https://data.egov.kz/api/v4/sseifullin_atyndagy_almaty_ob1/?apiKey=dcc32505f6134b818ec7ce60b1d5b0c6: 404 Client Error: Not Found for url: https://data.egov.kz/api/v4/sseifullin_atyndagy_almaty_ob1/?apiKey=dcc32505f6134b818ec7ce60b1d5b0c6
2025-03-24 18:26:24,237 - ERROR - Error fetching https://data.egov.kz/api/v4/sseifullin_atyndagy_almaty_ob/?apiKey=dcc32505f6134b818ec7ce60b1d5b0c6: 404 Client Error: Not Found for url: https://data.egov.kz/api/v4/sseifullin_atyndagy_almaty_ob/?apiKey=dcc32505f6134b818ec7ce60b1d5b0c6
2025-03-24 18:26:25,542 - ERROR - Error fetching https://data.egov.kz/api/v4/4_mausym_memlekettik_ramizder/?apiKey=dcc32505f6134b818ec7ce60b1d5b0c6: 404 Client Error: Not Found for url: https://data.egov.kz/api/v4/4_mausym_memlekettik_ramizder/?apiKey=dcc32505f6134b818ec7ce60b1d5b0c6
2025-03-24 18:26:26,177 - ERROR - Error fetching https://data.egov.kz/api/v4/mumkindigi_shekteuli_zagip_ok/?apiKey=dcc32505f6134b818ec7ce60b1d5b0c6: 404 Client Error: Not Found for url: https://data.egov.kz/api/v4/mumkindigi_shekteuli_zagip_ok/?apiKey=dcc32505f6134b818ec7ce60b1d5b0c6
2025-03-24 18:26:26,753 - ERROR - Error fetching https://data.egov.kz/api/v4/bilim_men_bailyk_kaisysy_art/?apiKey=dcc32505f6134b818ec7ce60b1d5b0c6: 404 Client Error: Not Found for url: https://data.egov.kz/api/v4/bilim_men_bailyk_kaisysy_art/?apiKey=dcc32505f6134b818ec7ce60b1d5b0c6
2025-03-24 18:26:48,983 - ERROR - Error fetching https://data.egov.kz/api/v4/kogamnyn_atkarushy_organy_tura2/?apiKey=dcc32505f6134b818ec7ce60b1d5b0c6: 404 Client Error: Not Found for url: https://data.egov.kz/api/v4/kogamnyn_atkarushy_organy_tura2/?apiKey=dcc32505f6134b818ec7ce60b1d5b0c6
2025-03-24 18:27:23,289 - ERROR - Error fetching https://data.egov.kz/api/v4/jsc_bank_service_bureau_of_th25/?apiKey=dcc32505f6134b818ec7ce60b1d5b0c6: 404 Client Error: Not Found for url: https://data.egov.kz/api/v4/jsc_bank_service_bureau_of_th25/?apiKey=dcc32505f6134b818ec7ce60b1d5b0c6
2025-03-24 18:27:30,865 - ERROR - Error fetching https://data.egov.kz/api/v4/information_about_board_of_dir/?apiKey=dcc32505f6134b818ec7ce60b1d5b0c6: 404 Client Error: Not Found for url: https://data.egov.kz/api/v4/information_about_board_of_dir/?apiKey=dcc32505f6134b818ec7ce60b1d5b0c6
2025-03-24 18:27:31,097 - ERROR - Error fetching https://data.egov.kz/api/v4/research_areas_of_economic_res/?apiKey=dcc32505f6134b818ec7ce60b1d5b0c6: 404 Client Error: Not Found for url: https://data.egov.kz/api/v4/research_areas_of_economic_res/?apiKey=dcc32505f6134b818ec7ce60b1d5b0c6
2025-03-24 18:27:31,677 - ERROR - Error fetching https://data.egov.kz/api/v4/full_list_of_journal_of_econom/?apiKey=dcc32505f6134b818ec7ce60b1d5b0c6: 404 Client Error: Not Found for url: https://data.egov.kz/api/v4/full_list_of_journal_of_econom/?apiKey=dcc32505f6134b818ec7ce60b1d5b0c6
2025-03-24 18:27:32,299 - ERROR - Error fetching https://data.egov.kz/api/v4/dgm_events_plan_2021_october/?apiKey=dcc32505f6134b818ec7ce60b1d5b0c6: 404 Client Error: Not Found for url: https://data.egov.kz/api/v4/dgm_events_plan_2021_october/?apiKey=dcc32505f6134b818ec7ce60b1d5b0c6
2025-03-24 18:27:35,636 - ERROR - Error fetching https://data.egov.kz/api/v4/opendata-api-uri877/?apiKey=dcc32505f6134b818ec7ce60b1d5b0c6: 404 Client Error: Not Found for url: https://data.egov.kz/api/v4/opendata-api-uri877/?apiKey=dcc32505f6134b818ec7ce60b1d5b0c6
2025-03-24 18:27:48,375 - ERROR - Error fetching https://data.egov.kz/api/v4/ceo1/?apiKey=dcc32505f6134b818ec7ce60b1d5b0c6: 404 Client Error: Not Found for url: https://data.egov.kz/api/v4/ceo1/?apiKey=dcc32505f6134b818ec7ce60b1d5b0c6
2025-03-24 18:27:54,208 - ERROR - Error fetching https://data.egov.kz/api/v4/kogam_basshylygy_turaly_malime/?apiKey=dcc32505f6134b818ec7ce60b1d5b0c6: 404 Client Error: Not Found for url: https://data.egov.kz/api/v4/kogam_basshylygy_turaly_malime/?apiKey=dcc32505f6134b818ec7ce60b1d5b0c6
2025-03-24 18:27:54,725 - ERROR - Error fetching https://data.egov.kz/api/v4/kogamnyn_direktorlar_kenesinin/?apiKey=dcc32505f6134b818ec7ce60b1d5b0c6: 404 Client Error: Not Found for url: https://data.egov.kz/api/v4/kogamnyn_direktorlar_kenesinin/?apiKey=dcc32505f6134b818ec7ce60b1d5b0c6
2025-03-24 18:27:55,034 - ERROR - Error fetching https://data.egov.kz/api/v4/kogamnyn_bailanys_derekteri/?apiKey=dcc32505f6134b818ec7ce60b1d5b0c6: 404 Client Error: Not Found for url: https://data.egov.kz/api/v4/kogamnyn_bailanys_derekteri/?apiKey=dcc32505f6134b818ec7ce60b1d5b0c6
2025-03-24 18:27:56,261 - ERROR - Error fetching https://data.egov.kz/api/v4/otandyk_ondirushiler_men_ekspo/?apiKey=dcc32505f6134b818ec7ce60b1d5b0c6: 404 Client Error: Not Found for url: https://data.egov.kz/api/v4/otandyk_ondirushiler_men_ekspo/?apiKey=dcc32505f6134b818ec7ce60b1d5b0c6
2025-03-24 18:27:58,967 - ERROR - Error fetching https://data.egov.kz/api/v4/opendata-api-uri292/?apiKey=dcc32505f6134b818ec7ce60b1d5b0c6: 404 Client Error: Not Found for url: https://data.egov.kz/api/v4/opendata-api-uri292/?apiKey=dcc32505f6134b818ec7ce60b1d5b0c6
2025-03-24 18:27:59,510 - ERROR - Error fetching https://data.egov.kz/api/v4/pravlenie3/?apiKey=dcc32505f6134b818ec7ce60b1d5b0c6: 404 Client Error: Not Found for url: https://data.egov.kz/api/v4/pravlenie3/?apiKey=dcc32505f6134b818ec7ce60b1d5b0c6
2025-03-24 18:28:00,492 - ERROR - Error fetching https://data.egov.kz/api/v4/400_baska_arnalgan_sut-tauar_f/?apiKey=dcc32505f6134b818ec7ce60b1d5b0c6: 404 Client Error: Not Found for url: https://data.egov.kz/api/v4/400_baska_arnalgan_sut-tauar_f/?apiKey=dcc32505f6134b818ec7ce60b1d5b0c6
2025-03-24 18:28:01,154 - ERROR - Error fetching https://data.egov.kz/api/v4/aksu_kant_zauyty/?apiKey=dcc32505f6134b818ec7ce60b1d5b0c6: 404 Client Error: Not Found for url: https://data.egov.kz/api/v4/aksu_kant_zauyty/?apiKey=dcc32505f6134b818ec7ce60b1d5b0c6
2025-03-24 18:28:01,611 - ERROR - Error fetching https://data.egov.kz/api/v4/zheruiyk_energo_zhel_elektr_/?apiKey=dcc32505f6134b818ec7ce60b1d5b0c6: 404 Client Error: Not Found for url: https://data.egov.kz/api/v4/zheruiyk_energo_zhel_elektr_/?apiKey=dcc32505f6134b818ec7ce60b1d5b0c6
2025-03-24 18:28:02,397 - ERROR - Error fetching https://data.egov.kz/api/v4/kokozek_ks/?apiKey=dcc32505f6134b818ec7ce60b1d5b0c6: 404 Client Error: Not Found for url: https://data.egov.kz/api/v4/kokozek_ks/?apiKey=dcc32505f6134b818ec7ce60b1d5b0c6
2025-03-24 18:28:06,471 - ERROR - Error fetching https://data.egov.kz/api/v4/resmi_zhanalyktar_baspasoz_ha1/?apiKey=dcc32505f6134b818ec7ce60b1d5b0c6: 404 Client Error: Not Found for url: https://data.egov.kz/api/v4/resmi_zhanalyktar_baspasoz_ha1/?apiKey=dcc32505f6134b818ec7ce60b1d5b0c6
2025-03-24 18:28:07,112 - ERROR - Error fetching https://data.egov.kz/api/v4/opendata-api-uri920/?apiKey=dcc32505f6134b818ec7ce60b1d5b0c6: 404 Client Error: Not Found for url: https://data.egov.kz/api/v4/opendata-api-uri920/?apiKey=dcc32505f6134b818ec7ce60b1d5b0c6
2025-03-24 18:28:07,559 - ERROR - Error fetching https://data.egov.kz/api/v4/opendata-api-uri923/?apiKey=dcc32505f6134b818ec7ce60b1d5b0c6: 404 Client Error: Not Found for url: https://data.egov.kz/api/v4/opendata-api-uri923/?apiKey=dcc32505f6134b818ec7ce60b1d5b0c6
2025-03-24 18:28:08,179 - ERROR - Error fetching https://data.egov.kz/api/v4/zhobalar_men_zertteuler_turaly/?apiKey=dcc32505f6134b818ec7ce60b1d5b0c6: 404 Client Error: Not Found for url: https://data.egov.kz/api/v4/zhobalar_men_zertteuler_turaly/?apiKey=dcc32505f6134b818ec7ce60b1d5b0c6
2025-03-24 18:28:09,492 - ERROR - Error fetching https://data.egov.kz/api/v4/depositors_who_have_entered_in4/?apiKey=dcc32505f6134b818ec7ce60b1d5b0c6: 404 Client Error: Not Found for url: https://data.egov.kz/api/v4/depositors_who_have_entered_in4/?apiKey=dcc32505f6134b818ec7ce60b1d5b0c6
2025-03-24 18:28:10,162 - ERROR - Error fetching https://data.egov.kz/api/v4/depositors_who_have_entered_in5/?apiKey=dcc32505f6134b818ec7ce60b1d5b0c6: 404 Client Error: Not Found for url: https://data.egov.kz/api/v4/depositors_who_have_entered_in5/?apiKey=dcc32505f6134b818ec7ce60b1d5b0c6
2025-03-24 18:28:18,067 - ERROR - Error fetching https://data.egov.kz/api/v4/sostav_pravlenya/?apiKey=dcc32505f6134b818ec7ce60b1d5b0c6: 404 Client Error: Not Found for url: https://data.egov.kz/api/v4/sostav_pravlenya/?apiKey=dcc32505f6134b818ec7ce60b1d5b0c6
2025-03-24 18:28:18,314 - ERROR - Error fetching https://data.egov.kz/api/v4/struktura_org/?apiKey=dcc32505f6134b818ec7ce60b1d5b0c6: 404 Client Error: Not Found for url: https://data.egov.kz/api/v4/struktura_org/?apiKey=dcc32505f6134b818ec7ce60b1d5b0c6
2025-03-24 18:28:20,323 - ERROR - Error fetching https://data.egov.kz/api/v4/spisok_aktov/?apiKey=dcc32505f6134b818ec7ce60b1d5b0c6: 404 Client Error: Not Found for url: https://data.egov.kz/api/v4/spisok_aktov/?apiKey=dcc32505f6134b818ec7ce60b1d5b0c6
2025-03-24 18:28:27,082 - ERROR - Error fetching https://data.egov.kz/api/v4/agash_kesu_bileti1/?apiKey=dcc32505f6134b818ec7ce60b1d5b0c6: 404 Client Error: Not Found for url: https://data.egov.kz/api/v4/agash_kesu_bileti1/?apiKey=dcc32505f6134b818ec7ce60b1d5b0c6
2025-03-24 18:28:40,634 - ERROR - Error fetching https://data.egov.kz/api/v4/sd/?apiKey=dcc32505f6134b818ec7ce60b1d5b0c6: 404 Client Error: Not Found for url: https://data.egov.kz/api/v4/sd/?apiKey=dcc32505f6134b818ec7ce60b1d5b0c6
2025-03-24 18:28:41,010 - ERROR - Error fetching https://data.egov.kz/api/v4/pravlenie/?apiKey=dcc32505f6134b818ec7ce60b1d5b0c6: 404 Client Error: Not Found for url: https://data.egov.kz/api/v4/pravlenie/?apiKey=dcc32505f6134b818ec7ce60b1d5b0c6
2025-03-24 18:28:41,260 - ERROR - Error fetching https://data.egov.kz/api/v4/grafik_pr/?apiKey=dcc32505f6134b818ec7ce60b1d5b0c6: 404 Client Error: Not Found for url: https://data.egov.kz/api/v4/grafik_pr/?apiKey=dcc32505f6134b818ec7ce60b1d5b0c6
2025-03-24 18:28:41,721 - ERROR - Error fetching https://data.egov.kz/api/v4/struc/?apiKey=dcc32505f6134b818ec7ce60b1d5b0c6: 404 Client Error: Not Found for url: https://data.egov.kz/api/v4/struc/?apiKey=dcc32505f6134b818ec7ce60b1d5b0c6
2025-03-24 18:28:41,899 - ERROR - Error fetching https://data.egov.kz/api/v4/vid_deyat/?apiKey=dcc32505f6134b818ec7ce60b1d5b0c6: 404 Client Error: Not Found for url: https://data.egov.kz/api/v4/vid_deyat/?apiKey=dcc32505f6134b818ec7ce60b1d5b0c6
2025-03-24 18:28:42,751 - ERROR - Error fetching https://data.egov.kz/api/v4/company_news/?apiKey=dcc32505f6134b818ec7ce60b1d5b0c6: 404 Client Error: Not Found for url: https://data.egov.kz/api/v4/company_news/?apiKey=dcc32505f6134b818ec7ce60b1d5b0c6
2025-03-24 18:28:44,290 - ERROR - Error fetching https://data.egov.kz/api/v4/242/?apiKey=dcc32505f6134b818ec7ce60b1d5b0c6: 404 Client Error: Not Found for url: https://data.egov.kz/api/v4/242/?apiKey=dcc32505f6134b818ec7ce60b1d5b0c6
2025-03-24 18:28:51,047 - ERROR - Error fetching https://data.egov.kz/api/v4/opendata-api-uri501/?apiKey=dcc32505f6134b818ec7ce60b1d5b0c6: 404 Client Error: Not Found for url: https://data.egov.kz/api/v4/opendata-api-uri501/?apiKey=dcc32505f6134b818ec7ce60b1d5b0c6
2025-03-24 18:28:51,249 - ERROR - Error fetching https://data.egov.kz/api/v4/opendata-api-uri502/?apiKey=dcc32505f6134b818ec7ce60b1d5b0c6: 404 Client Error: Not Found for url: https://data.egov.kz/api/v4/opendata-api-uri502/?apiKey=dcc32505f6134b818ec7ce60b1d5b0c6
2025-03-24 18:28:54,009 - ERROR - Error fetching https://data.egov.kz/api/v4/opendata-api-uri503/?apiKey=dcc32505f6134b818ec7ce60b1d5b0c6: 404 Client Error: Not Found for url: https://data.egov.kz/api/v4/opendata-api-uri503/?apiKey=dcc32505f6134b818ec7ce60b1d5b0c6
2025-03-24 18:28:55,925 - ERROR - Error fetching https://data.egov.kz/api/v4/opendata-api-uri504/?apiKey=dcc32505f6134b818ec7ce60b1d5b0c6: 404 Client Error: Not Found for url: https://data.egov.kz/api/v4/opendata-api-uri504/?apiKey=dcc32505f6134b818ec7ce60b1d5b0c6
2025-03-24 18:28:59,276 - ERROR - Error fetching https://data.egov.kz/api/v4/opendata-api-uri276/?apiKey=dcc32505f6134b818ec7ce60b1d5b0c6: 404 Client Error: Not Found for url: https://data.egov.kz/api/v4/opendata-api-uri276/?apiKey=dcc32505f6134b818ec7ce60b1d5b0c6
2025-03-24 18:29:00,215 - ERROR - Error fetching https://data.egov.kz/api/v4/opendata-api-uri275/?apiKey=dcc32505f6134b818ec7ce60b1d5b0c6: 404 Client Error: Not Found for url: https://data.egov.kz/api/v4/opendata-api-uri275/?apiKey=dcc32505f6134b818ec7ce60b1d5b0c6
2025-03-24 18:29:00,807 - ERROR - Error fetching https://data.egov.kz/api/v4/agash_kesu_bileti/?apiKey=dcc32505f6134b818ec7ce60b1d5b0c6: 404 Client Error: Not Found for url: https://data.egov.kz/api/v4/agash_kesu_bileti/?apiKey=dcc32505f6134b818ec7ce60b1d5b0c6
2025-03-24 18:29:01,290 - ERROR - Error fetching https://data.egov.kz/api/v4/opendata-api-uri277/?apiKey=dcc32505f6134b818ec7ce60b1d5b0c6: 404 Client Error: Not Found for url: https://data.egov.kz/api/v4/opendata-api-uri277/?apiKey=dcc32505f6134b818ec7ce60b1d5b0c6
2025-03-24 18:29:11,064 - ERROR - Error fetching https://data.egov.kz/api/v4/egemen_kazakstan_zhane_kaza/?apiKey=dcc32505f6134b818ec7ce60b1d5b0c6: 404 Client Error: Not Found for url: https://data.egov.kz/api/v4/egemen_kazakstan_zhane_kaza/?apiKey=dcc32505f6134b818ec7ce60b1d5b0c6
2025-03-24 18:29:11,625 - ERROR - Error fetching https://data.egov.kz/api/v4/opendata-api-uri281/?apiKey=dcc32505f6134b818ec7ce60b1d5b0c6: 404 Client Error: Not Found for url: https://data.egov.kz/api/v4/opendata-api-uri281/?apiKey=dcc32505f6134b818ec7ce60b1d5b0c6
2025-03-24 18:29:11,894 - ERROR - Error fetching https://data.egov.kz/api/v4/opendata-api-uri282/?apiKey=dcc32505f6134b818ec7ce60b1d5b0c6: 404 Client Error: Not Found for url: https://data.egov.kz/api/v4/opendata-api-uri282/?apiKey=dcc32505f6134b818ec7ce60b1d5b0c6
2025-03-24 18:29:12,252 - ERROR - Error fetching https://data.egov.kz/api/v4/agash_kesu_biletin_beru4/?apiKey=dcc32505f6134b818ec7ce60b1d5b0c6: 404 Client Error: Not Found for url: https://data.egov.kz/api/v4/agash_kesu_biletin_beru4/?apiKey=dcc32505f6134b818ec7ce60b1d5b0c6
2025-03-24 18:29:12,856 - ERROR - Error fetching https://data.egov.kz/api/v4/almaty_oblysynyn_tabigi_resur1/?apiKey=dcc32505f6134b818ec7ce60b1d5b0c6: 404 Client Error: Not Found for url: https://data.egov.kz/api/v4/almaty_oblysynyn_tabigi_resur1/?apiKey=dcc32505f6134b818ec7ce60b1d5b0c6
2025-03-24 18:29:13,344 - ERROR - Error fetching https://data.egov.kz/api/v4/opendata-api-uri264/?apiKey=dcc32505f6134b818ec7ce60b1d5b0c6: 404 Client Error: Not Found for url: https://data.egov.kz/api/v4/opendata-api-uri264/?apiKey=dcc32505f6134b818ec7ce60b1d5b0c6
2025-03-24 18:29:14,151 - ERROR - Error fetching https://data.egov.kz/api/v4/opendata-api-uri263/?apiKey=dcc32505f6134b818ec7ce60b1d5b0c6: 404 Client Error: Not Found for url: https://data.egov.kz/api/v4/opendata-api-uri263/?apiKey=dcc32505f6134b818ec7ce60b1d5b0c6
2025-03-24 18:29:16,741 - ERROR - Error fetching https://data.egov.kz/api/v4/opendata-api-uri242/?apiKey=dcc32505f6134b818ec7ce60b1d5b0c6: 404 Client Error: Not Found for url: https://data.egov.kz/api/v4/opendata-api-uri242/?apiKey=dcc32505f6134b818ec7ce60b1d5b0c6
2025-03-24 18:29:17,356 - ERROR - Error fetching https://data.egov.kz/api/v4/opendata-api-uri243/?apiKey=dcc32505f6134b818ec7ce60b1d5b0c6: 404 Client Error: Not Found for url: https://data.egov.kz/api/v4/opendata-api-uri243/?apiKey=dcc32505f6134b818ec7ce60b1d5b0c6
2025-03-24 18:29:17,607 - ERROR - Error fetching https://data.egov.kz/api/v4/008_garysh_kyzmeti_zhane_akpa/?apiKey=dcc32505f6134b818ec7ce60b1d5b0c6: 404 Client Error: Not Found for url: https://data.egov.kz/api/v4/008_garysh_kyzmeti_zhane_akpa/?apiKey=dcc32505f6134b818ec7ce60b1d5b0c6
2025-03-24 18:29:18,386 - ERROR - Error fetching https://data.egov.kz/api/v4/11/?apiKey=dcc32505f6134b818ec7ce60b1d5b0c6: 404 Client Error: Not Found for url: https://data.egov.kz/api/v4/11/?apiKey=dcc32505f6134b818ec7ce60b1d5b0c6
2025-03-24 18:29:20,318 - ERROR - Error fetching https://data.egov.kz/api/v4/opendata-api-uri271/?apiKey=dcc32505f6134b818ec7ce60b1d5b0c6: 404 Client Error: Not Found for url: https://data.egov.kz/api/v4/opendata-api-uri271/?apiKey=dcc32505f6134b818ec7ce60b1d5b0c6
2025-03-24 18:29:20,670 - ERROR - Error fetching https://data.egov.kz/api/v4/opendata-api-uri272/?apiKey=dcc32505f6134b818ec7ce60b1d5b0c6: 404 Client Error: Not Found for url: https://data.egov.kz/api/v4/opendata-api-uri272/?apiKey=dcc32505f6134b818ec7ce60b1d5b0c6
2025-03-24 18:29:21,149 - ERROR - Error fetching https://data.egov.kz/api/v4/orman_biletin_beru1/?apiKey=dcc32505f6134b818ec7ce60b1d5b0c6: 404 Client Error: Not Found for url: https://data.egov.kz/api/v4/orman_biletin_beru1/?apiKey=dcc32505f6134b818ec7ce60b1d5b0c6
2025-03-24 18:29:23,638 - ERROR - Error fetching https://data.egov.kz/api/v4/agash_kesu_biletin_beru3/?apiKey=dcc32505f6134b818ec7ce60b1d5b0c6: 404 Client Error: Not Found for url: https://data.egov.kz/api/v4/agash_kesu_biletin_beru3/?apiKey=dcc32505f6134b818ec7ce60b1d5b0c6
2025-03-24 18:29:25,393 - ERROR - Error fetching https://data.egov.kz/api/v4/orman_biletterin_beru/?apiKey=dcc32505f6134b818ec7ce60b1d5b0c6: 404 Client Error: Not Found for url: https://data.egov.kz/api/v4/orman_biletterin_beru/?apiKey=dcc32505f6134b818ec7ce60b1d5b0c6
2025-03-24 18:29:29,343 - ERROR - Error fetching https://data.egov.kz/api/v4/jsc_national_investment_corpo2/?apiKey=dcc32505f6134b818ec7ce60b1d5b0c6: 404 Client Error: Not Found for url: https://data.egov.kz/api/v4/jsc_national_investment_corpo2/?apiKey=dcc32505f6134b818ec7ce60b1d5b0c6
2025-03-24 18:29:30,669 - ERROR - Error fetching https://data.egov.kz/api/v4/code_of_business_ethics_of_nic/?apiKey=dcc32505f6134b818ec7ce60b1d5b0c6: 404 Client Error: Not Found for url: https://data.egov.kz/api/v4/code_of_business_ethics_of_nic/?apiKey=dcc32505f6134b818ec7ce60b1d5b0c6
2025-03-24 18:29:30,974 - ERROR - Error fetching https://data.egov.kz/api/v4/kegen_orman_sharuashylygy_ko1/?apiKey=dcc32505f6134b818ec7ce60b1d5b0c6: 404 Client Error: Not Found for url: https://data.egov.kz/api/v4/kegen_orman_sharuashylygy_ko1/?apiKey=dcc32505f6134b818ec7ce60b1d5b0c6
2025-03-24 18:29:31,386 - ERROR - Error fetching https://data.egov.kz/api/v4/zhakashev_dauren1/?apiKey=dcc32505f6134b818ec7ce60b1d5b0c6: 404 Client Error: Not Found for url: https://data.egov.kz/api/v4/zhakashev_dauren1/?apiKey=dcc32505f6134b818ec7ce60b1d5b0c6
2025-03-24 18:29:32,135 - ERROR - Error fetching https://data.egov.kz/api/v4/zhakashev_dauren2/?apiKey=dcc32505f6134b818ec7ce60b1d5b0c6: 404 Client Error: Not Found for url: https://data.egov.kz/api/v4/zhakashev_dauren2/?apiKey=dcc32505f6134b818ec7ce60b1d5b0c6
2025-03-24 18:29:32,955 - ERROR - Error fetching https://data.egov.kz/api/v4/mkb_org_certificate/?apiKey=dcc32505f6134b818ec7ce60b1d5b0c6: 404 Client Error: Not Found for url: https://data.egov.kz/api/v4/mkb_org_certificate/?apiKey=dcc32505f6134b818ec7ce60b1d5b0c6
2025-03-24 18:29:33,546 - ERROR - Error fetching https://data.egov.kz/api/v4/test3/?apiKey=dcc32505f6134b818ec7ce60b1d5b0c6: 404 Client Error: Not Found for url: https://data.egov.kz/api/v4/test3/?apiKey=dcc32505f6134b818ec7ce60b1d5b0c6
2025-03-24 18:29:38,913 - ERROR - Error fetching https://data.egov.kz/api/v4/kadrlar_boliminyn_statistikaly2/?apiKey=dcc32505f6134b818ec7ce60b1d5b0c6: 404 Client Error: Not Found for url: https://data.egov.kz/api/v4/kadrlar_boliminyn_statistikaly2/?apiKey=dcc32505f6134b818ec7ce60b1d5b0c6
2025-03-24 18:29:39,005 - ERROR - Error fetching https://data.egov.kz/api/v4/almaty_oblysynyn_tabigi_resur2/?apiKey=dcc32505f6134b818ec7ce60b1d5b0c6: 404 Client Error: Not Found for url: https://data.egov.kz/api/v4/almaty_oblysynyn_tabigi_resur2/?apiKey=dcc32505f6134b818ec7ce60b1d5b0c6
2025-03-24 18:29:39,100 - ERROR - Error fetching https://data.egov.kz/api/v4/opendata-api-uri283/?apiKey=dcc32505f6134b818ec7ce60b1d5b0c6: 404 Client Error: Not Found for url: https://data.egov.kz/api/v4/opendata-api-uri283/?apiKey=dcc32505f6134b818ec7ce60b1d5b0c6
2025-03-24 18:29:39,410 - ERROR - Error fetching https://data.egov.kz/api/v4/zagip_zhane_nashar_koretin_aza6/?apiKey=dcc32505f6134b818ec7ce60b1d5b0c6: 404 Client Error: Not Found for url: https://data.egov.kz/api/v4/zagip_zhane_nashar_koretin_aza6/?apiKey=dcc32505f6134b818ec7ce60b1d5b0c6
2025-03-24 18:29:45,413 - ERROR - Error fetching https://data.egov.kz/api/v4/opendata-api-uri531/?apiKey=dcc32505f6134b818ec7ce60b1d5b0c6: 404 Client Error: Not Found for url: https://data.egov.kz/api/v4/opendata-api-uri531/?apiKey=dcc32505f6134b818ec7ce60b1d5b0c6
2025-03-24 18:29:46,096 - ERROR - Error fetching https://data.egov.kz/api/v4/opendata-api-uri533/?apiKey=dcc32505f6134b818ec7ce60b1d5b0c6: 404 Client Error: Not Found for url: https://data.egov.kz/api/v4/opendata-api-uri533/?apiKey=dcc32505f6134b818ec7ce60b1d5b0c6
2025-03-24 18:29:49,459 - ERROR - Error fetching https://data.egov.kz/api/v4/opendata-api-uri356/?apiKey=dcc32505f6134b818ec7ce60b1d5b0c6: 404 Client Error: Not Found for url: https://data.egov.kz/api/v4/opendata-api-uri356/?apiKey=dcc32505f6134b818ec7ce60b1d5b0c6
2025-03-24 18:29:50,732 - INFO - Saved 412 records to results/api_byQuasiOrg.csv
2025-03-24 18:29:50,737 - WARNING - Saved error report to results\error_report_api_byQuasiOrg.csv
2025-03-24 18:32:29,765 - WARNING - Skipping invalid API URL: https://data.egov.kz/proxy/opendata-api-uri456?apiKey=dcc32505f6134b818ec7ce60b1d5b0c6
2025-03-24 18:32:29,766 - WARNING - Skipping invalid API URL: https://data.egov.kz/proxy/zhan_basyna_shakkandagy_ondiri?apiKey=dcc32505f6134b818ec7ce60b1d5b0c6
2025-03-24 18:32:29,767 - WARNING - Skipping invalid API URL: https://data.egov.kz/proxy/ondiris_shotyndagy_zhalpy_kosy?apiKey=dcc32505f6134b818ec7ce60b1d5b0c6
2025-03-24 18:32:29,768 - WARNING - Skipping invalid API URL: https://data.egov.kz/proxy/opendata-api-uri457?apiKey=dcc32505f6134b818ec7ce60b1d5b0c6
2025-03-24 18:32:29,768 - WARNING - Skipping invalid API URL: https://data.egov.kz/proxy/opendata-api-uri458?apiKey=dcc32505f6134b818ec7ce60b1d5b0c6
2025-03-24 18:32:29,768 - WARNING - Skipping invalid API URL: https://data.egov.kz/proxy/zhalpy_onirlik_onimnin_nakty_k?apiKey=dcc32505f6134b818ec7ce60b1d5b0c6
2025-03-24 18:32:29,769 - WARNING - Skipping invalid API URL: https://data.egov.kz/proxy/zhan_basyna_shakkandagy_zhalpy?apiKey=dcc32505f6134b818ec7ce60b1d5b0c6
2025-03-24 18:32:29,770 - WARNING - Skipping invalid API URL: https://data.egov.kz/proxy/zheke_kasipkerlerdin_onim_shyg1?apiKey=dcc32505f6134b818ec7ce60b1d5b0c6
2025-03-24 18:32:29,770 - WARNING - Skipping invalid API URL: https://data.egov.kz/proxy/shagyn_zhane_orta_kasipkerlik_11?apiKey=dcc32505f6134b818ec7ce60b1d5b0c6
2025-03-24 18:32:29,770 - WARNING - Skipping invalid API URL: https://data.egov.kz/proxy/zhan_basyna_shakkanda_shagyn_z1?apiKey=dcc32505f6134b818ec7ce60b1d5b0c6
2025-03-24 18:32:29,770 - WARNING - Skipping invalid API URL: https://data.egov.kz/proxy/opendata-api-uri459?apiKey=dcc32505f6134b818ec7ce60b1d5b0c6
2025-03-24 18:32:29,771 - WARNING - Skipping invalid API URL: https://data.egov.kz/proxy/opendata-api-uri460?apiKey=dcc32505f6134b818ec7ce60b1d5b0c6
2025-03-24 18:32:29,771 - WARNING - Skipping invalid API URL: https://data.egov.kz/proxy/nakty_akshalai_tabystar_indeks?apiKey=dcc32505f6134b818ec7ce60b1d5b0c6
2025-03-24 18:32:29,771 - WARNING - Skipping invalid API URL: https://data.egov.kz/proxy/opendata-api-uri461?apiKey=dcc32505f6134b818ec7ce60b1d5b0c6
2025-03-24 18:32:29,772 - WARNING - Skipping invalid API URL: https://data.egov.kz/proxy/halyktyn_ortasha_zhan_basyna_s?apiKey=dcc32505f6134b818ec7ce60b1d5b0c6
2025-03-24 18:32:29,772 - WARNING - Skipping invalid API URL: https://data.egov.kz/proxy/tutynuga_zhumsalgan_tabystyn_e?apiKey=dcc32505f6134b818ec7ce60b1d5b0c6
2025-03-24 18:32:29,772 - WARNING - Skipping invalid API URL: https://data.egov.kz/proxy/opendata-api-uri463?apiKey=dcc32505f6134b818ec7ce60b1d5b0c6
2025-03-24 18:32:29,772 - WARNING - Skipping invalid API URL: https://data.egov.kz/proxy/opendata-api-uri464?apiKey=dcc32505f6134b818ec7ce60b1d5b0c6
2025-03-24 18:32:29,773 - WARNING - Skipping invalid API URL: https://data.egov.kz/proxy/opendata-api-uri465?apiKey=dcc32505f6134b818ec7ce60b1d5b0c6
2025-03-24 18:32:29,773 - WARNING - Skipping invalid API URL: https://data.egov.kz/proxy/halyktyn_ortasha_zhan_basyna_s1?apiKey=dcc32505f6134b818ec7ce60b1d5b0c6
2025-03-24 18:32:29,773 - WARNING - Skipping invalid API URL: https://data.egov.kz/proxy/halyktyn_ortasha_zhan_basyna_s6?apiKey=dcc32505f6134b818ec7ce60b1d5b0c6
2025-03-24 18:32:29,774 - WARNING - Skipping invalid API URL: https://data.egov.kz/proxy/opendata-api-uri466?apiKey=dcc32505f6134b818ec7ce60b1d5b0c6
2025-03-24 18:32:29,774 - WARNING - Skipping invalid API URL: https://data.egov.kz/proxy/halyktyn_ortasha_zhan_basyna_s43?apiKey=dcc32505f6134b818ec7ce60b1d5b0c6
2025-03-24 18:32:29,774 - WARNING - Skipping invalid API URL: https://data.egov.kz/proxy/ortasha_ui_sharuashylygyna_sha11?apiKey=dcc32505f6134b818ec7ce60b1d5b0c6
2025-03-24 18:32:29,775 - WARNING - Skipping invalid API URL: https://data.egov.kz/proxy/ortasha_ui_sharuashylygyna_sha28?apiKey=dcc32505f6134b818ec7ce60b1d5b0c6
2025-03-24 18:32:29,775 - WARNING - Skipping invalid API URL: https://data.egov.kz/proxy/ortasha_ui_sharuashylygyna_sha29?apiKey=dcc32505f6134b818ec7ce60b1d5b0c6
2025-03-24 18:32:29,775 - WARNING - Skipping invalid API URL: https://data.egov.kz/proxy/ortasha_ui_sharuashylygyna_sha30?apiKey=dcc32505f6134b818ec7ce60b1d5b0c6
2025-03-24 18:32:29,776 - WARNING - Skipping invalid API URL: https://data.egov.kz/proxy/ortasha_ui_sharuashylygyna_sha31?apiKey=dcc32505f6134b818ec7ce60b1d5b0c6
2025-03-24 18:32:29,777 - WARNING - Skipping invalid API URL: https://data.egov.kz/proxy/ortasha_ui_sharuashylygyna_sha32?apiKey=dcc32505f6134b818ec7ce60b1d5b0c6
2025-03-24 18:32:29,777 - WARNING - Skipping invalid API URL: https://data.egov.kz/proxy/halyktyn_ortasha_zhan_basyna_s44?apiKey=dcc32505f6134b818ec7ce60b1d5b0c6
2025-03-24 18:32:29,777 - WARNING - Skipping invalid API URL: https://data.egov.kz/proxy/opendata-api-uri467?apiKey=dcc32505f6134b818ec7ce60b1d5b0c6
2025-03-24 18:32:29,777 - WARNING - Skipping invalid API URL: https://data.egov.kz/proxy/opendata-api-uri468?apiKey=dcc32505f6134b818ec7ce60b1d5b0c6
2025-03-24 18:32:29,778 - WARNING - Skipping invalid API URL: https://data.egov.kz/proxy/opendata-api-uri469?apiKey=dcc32505f6134b818ec7ce60b1d5b0c6
2025-03-24 18:32:29,778 - WARNING - Skipping invalid API URL: https://data.egov.kz/proxy/halyktyn_ortasha_zhan_basyna_s45?apiKey=dcc32505f6134b818ec7ce60b1d5b0c6
2025-03-24 18:32:29,779 - WARNING - Skipping invalid API URL: https://data.egov.kz/proxy/tabysy_en_tomengi_kunkoris_den3?apiKey=dcc32505f6134b818ec7ce60b1d5b0c6
2025-03-24 18:32:29,779 - WARNING - Skipping invalid API URL: https://data.egov.kz/proxy/tabysy_azyk-tulik_korzhynynyn_3?apiKey=dcc32505f6134b818ec7ce60b1d5b0c6
2025-03-24 18:32:29,779 - WARNING - Skipping invalid API URL: https://data.egov.kz/proxy/halyktyn_negizgi_tamak_onimder1?apiKey=dcc32505f6134b818ec7ce60b1d5b0c6
2025-03-24 18:32:29,780 - WARNING - Skipping invalid API URL: https://data.egov.kz/proxy/tabysy_en_tomengi_kunkoris_den4?apiKey=dcc32505f6134b818ec7ce60b1d5b0c6
2025-03-24 18:32:29,780 - WARNING - Skipping invalid API URL: https://data.egov.kz/proxy/opendata-api-uri470?apiKey=dcc32505f6134b818ec7ce60b1d5b0c6
2025-03-24 18:32:29,780 - WARNING - Skipping invalid API URL: https://data.egov.kz/proxy/tutynu_bagalarynyn_indeksi?apiKey=dcc32505f6134b818ec7ce60b1d5b0c6
2025-03-24 18:32:29,780 - WARNING - Skipping invalid API URL: https://data.egov.kz/proxy/opendata-api-uri471?apiKey=dcc32505f6134b818ec7ce60b1d5b0c6
2025-03-24 18:32:29,781 - WARNING - Skipping invalid API URL: https://data.egov.kz/proxy/opendata-api-uri472?apiKey=dcc32505f6134b818ec7ce60b1d5b0c6
2025-03-24 18:32:29,781 - WARNING - Skipping invalid API URL: https://data.egov.kz/proxy/halyktyn_10-dyk_toptary_boiyn6?apiKey=dcc32505f6134b818ec7ce60b1d5b0c6
2025-03-24 18:32:29,781 - WARNING - Skipping invalid API URL: https://data.egov.kz/proxy/halyktyn_20-dyk_toptary_boiyn3?apiKey=dcc32505f6134b818ec7ce60b1d5b0c6
2025-03-24 18:32:29,781 - WARNING - Skipping invalid API URL: https://data.egov.kz/proxy/opendata-api-uri473?apiKey=dcc32505f6134b818ec7ce60b1d5b0c6
2025-03-24 18:32:29,782 - WARNING - Skipping invalid API URL: https://data.egov.kz/proxy/halyktyn_10_paiyzdyk_decildi2?apiKey=dcc32505f6134b818ec7ce60b1d5b0c6
2025-03-24 18:32:29,782 - WARNING - Skipping invalid API URL: https://data.egov.kz/proxy/opendata-api-uri474?apiKey=dcc32505f6134b818ec7ce60b1d5b0c6
2025-03-24 18:32:29,782 - WARNING - Skipping invalid API URL: https://data.egov.kz/proxy/opendata-api-uri475?apiKey=dcc32505f6134b818ec7ce60b1d5b0c6
2025-03-24 18:32:29,783 - WARNING - Skipping invalid API URL: https://data.egov.kz/proxy/opendata-api-uri476?apiKey=dcc32505f6134b818ec7ce60b1d5b0c6
2025-03-24 18:32:29,783 - WARNING - Skipping invalid API URL: https://data.egov.kz/proxy/opendata-api-uri477?apiKey=dcc32505f6134b818ec7ce60b1d5b0c6
2025-03-24 18:32:29,783 - WARNING - Skipping invalid API URL: https://data.egov.kz/proxy/ui_sharuashylyktaryn_aleumetti3?apiKey=dcc32505f6134b818ec7ce60b1d5b0c6
2025-03-24 18:32:29,784 - WARNING - Skipping invalid API URL: https://data.egov.kz/proxy/zhana_turgyn_uidi_satu_bagasy?apiKey=dcc32505f6134b818ec7ce60b1d5b0c6
2025-03-24 18:32:29,784 - WARNING - Skipping invalid API URL: https://data.egov.kz/proxy/opendata-api-uri478?apiKey=dcc32505f6134b818ec7ce60b1d5b0c6
2025-03-24 18:32:29,784 - WARNING - Skipping invalid API URL: https://data.egov.kz/proxy/internet_zhelisine_kosylgan_ko1?apiKey=dcc32505f6134b818ec7ce60b1d5b0c6
2025-03-24 18:32:29,785 - WARNING - Skipping invalid API URL: https://data.egov.kz/proxy/zhumys_istep_turgan_zheke_kasi1?apiKey=dcc32505f6134b818ec7ce60b1d5b0c6
2025-03-24 18:32:29,785 - WARNING - Skipping invalid API URL: https://data.egov.kz/proxy/tirkelgen_zheke_kasipkerler_sa1?apiKey=dcc32505f6134b818ec7ce60b1d5b0c6
2025-03-24 18:32:29,785 - WARNING - Skipping invalid API URL: https://data.egov.kz/proxy/kosylu_ornyna_tauelsiz_interne?apiKey=dcc32505f6134b818ec7ce60b1d5b0c6
2025-03-24 18:32:29,786 - WARNING - Skipping invalid API URL: https://data.egov.kz/proxy/opendata-api-uri479?apiKey=dcc32505f6134b818ec7ce60b1d5b0c6
2025-03-24 18:32:29,786 - WARNING - Skipping invalid API URL: https://data.egov.kz/proxy/zhumys_istep_turgan_shagyn_zha2?apiKey=dcc32505f6134b818ec7ce60b1d5b0c6
2025-03-24 18:32:29,787 - WARNING - Skipping invalid API URL: https://data.egov.kz/proxy/tirkelgen_shagyn_zhane_orta_ka2?apiKey=dcc32505f6134b818ec7ce60b1d5b0c6
2025-03-24 18:32:29,787 - WARNING - Skipping invalid API URL: https://data.egov.kz/proxy/opendata-api-uri480?apiKey=dcc32505f6134b818ec7ce60b1d5b0c6
2025-03-24 18:32:29,787 - WARNING - Skipping invalid API URL: https://data.egov.kz/proxy/opendata-api-uri481?apiKey=dcc32505f6134b818ec7ce60b1d5b0c6
2025-03-24 18:32:29,788 - WARNING - Skipping invalid API URL: https://data.egov.kz/proxy/opendata-api-uri482?apiKey=dcc32505f6134b818ec7ce60b1d5b0c6
2025-03-24 18:32:29,788 - WARNING - Skipping invalid API URL: https://data.egov.kz/proxy/opendata-api-uri483?apiKey=dcc32505f6134b818ec7ce60b1d5b0c6
2025-03-24 18:32:29,788 - WARNING - Skipping invalid API URL: https://data.egov.kz/proxy/kundyk_mandegi_koterme_sauda_k1?apiKey=dcc32505f6134b818ec7ce60b1d5b0c6
2025-03-24 18:32:29,788 - WARNING - Skipping invalid API URL: https://data.egov.kz/proxy/kundyk_mandegi_bolshek_sauda_k?apiKey=dcc32505f6134b818ec7ce60b1d5b0c6
2025-03-24 18:32:29,789 - WARNING - Skipping invalid API URL: https://data.egov.kz/proxy/zhan_basyna_shakkandagy_bolshe1?apiKey=dcc32505f6134b818ec7ce60b1d5b0c6
2025-03-24 18:32:29,789 - WARNING - Skipping invalid API URL: https://data.egov.kz/proxy/opendata-api-uri484?apiKey=dcc32505f6134b818ec7ce60b1d5b0c6
2025-03-24 18:32:29,789 - WARNING - Skipping invalid API URL: https://data.egov.kz/proxy/opendata-api-uri485?apiKey=dcc32505f6134b818ec7ce60b1d5b0c6
2025-03-24 18:32:29,790 - WARNING - Skipping invalid API URL: https://data.egov.kz/proxy/opendata-api-uri486?apiKey=dcc32505f6134b818ec7ce60b1d5b0c6
2025-03-24 18:32:29,790 - WARNING - Skipping invalid API URL: https://data.egov.kz/proxy/gazdyk_avtomobilge_mai_kuu_st?apiKey=dcc32505f6134b818ec7ce60b1d5b0c6
2025-03-24 18:32:29,790 - WARNING - Skipping invalid API URL: https://data.egov.kz/proxy/avtomobilge_mai_kuu_stanciyal?apiKey=dcc32505f6134b818ec7ce60b1d5b0c6
2025-03-24 18:32:29,791 - WARNING - Skipping invalid API URL: https://data.egov.kz/proxy/satyp_alyngan_tauarlardyn_kole1?apiKey=dcc32505f6134b818ec7ce60b1d5b0c6
2025-03-24 18:32:29,791 - WARNING - Skipping invalid API URL: https://data.egov.kz/proxy/sauda_bazarlarynyn_sany2?apiKey=dcc32505f6134b818ec7ce60b1d5b0c6
2025-03-24 18:32:29,791 - WARNING - Skipping invalid API URL: https://data.egov.kz/proxy/dungirshekterdin_sany1?apiKey=dcc32505f6134b818ec7ce60b1d5b0c6
2025-03-24 18:32:29,791 - WARNING - Skipping invalid API URL: https://data.egov.kz/proxy/anshylyk_sharuashylyktaryna_be8?apiKey=dcc32505f6134b818ec7ce60b1d5b0c6
2025-03-24 18:32:29,792 - WARNING - Skipping invalid API URL: https://data.egov.kz/proxy/zhabaiy_andar_sanynyn_esebi_zh3?apiKey=dcc32505f6134b818ec7ce60b1d5b0c6
2025-03-24 18:32:43,504 - ERROR - Error fetching https://data.egov.kz/api/v4/organizatory_torgov/?apiKey=dcc32505f6134b818ec7ce60b1d5b0c6: 404 Client Error: Not Found for url: https://data.egov.kz/api/v4/organizatory_torgov/?apiKey=dcc32505f6134b818ec7ce60b1d5b0c6
2025-03-24 18:32:55,576 - ERROR - Error fetching https://data.egov.kz/api/v4/saktandyru_kaita_saktandyru_3/?apiKey=dcc32505f6134b818ec7ce60b1d5b0c6: 404 Client Error: Not Found for url: https://data.egov.kz/api/v4/saktandyru_kaita_saktandyru_3/?apiKey=dcc32505f6134b818ec7ce60b1d5b0c6
2025-03-24 18:32:59,483 - ERROR - Error fetching https://data.egov.kz/api/v4/opendata-api-uri606/?apiKey=dcc32505f6134b818ec7ce60b1d5b0c6: 404 Client Error: Not Found for url: https://data.egov.kz/api/v4/opendata-api-uri606/?apiKey=dcc32505f6134b818ec7ce60b1d5b0c6
2025-03-24 18:33:23,162 - ERROR - Error fetching https://data.egov.kz/api/v4/information_about_the_accounts/?apiKey=dcc32505f6134b818ec7ce60b1d5b0c6: 404 Client Error: Not Found for url: https://data.egov.kz/api/v4/information_about_the_accounts/?apiKey=dcc32505f6134b818ec7ce60b1d5b0c6
2025-03-24 18:33:24,221 - WARNING - Skipping invalid API URL: https://data.egov.kz/proxy/gp_od_service_ediniy?apiKey=dcc32505f6134b818ec7ce60b1d5b0c6
2025-03-24 18:33:24,221 - WARNING - Skipping invalid API URL: https://data.egov.kz/proxy/gp_od_service_1m?apiKey=dcc32505f6134b818ec7ce60b1d5b0c6
2025-03-24 18:33:24,222 - WARNING - Skipping invalid API URL: https://data.egov.kz/proxy/gp_od_service_1n?apiKey=dcc32505f6134b818ec7ce60b1d5b0c6
2025-03-24 18:33:24,222 - WARNING - Skipping invalid API URL: https://data.egov.kz/proxy/gp_od_service_1ol1?apiKey=dcc32505f6134b818ec7ce60b1d5b0c6
2025-03-24 18:33:24,223 - WARNING - Skipping invalid API URL: https://data.egov.kz/proxy/gp_od_service_1e?apiKey=dcc32505f6134b818ec7ce60b1d5b0c6
2025-03-24 18:33:24,223 - WARNING - Skipping invalid API URL: https://data.egov.kz/proxy/gp_od_service_dtp1?apiKey=dcc32505f6134b818ec7ce60b1d5b0c6
2025-03-24 18:33:24,224 - WARNING - Skipping invalid API URL: https://data.egov.kz/proxy/gp_od_service_1?apiKey=dcc32505f6134b818ec7ce60b1d5b0c6
2025-03-24 18:33:24,224 - WARNING - Skipping invalid API URL: https://data.egov.kz/proxy/gp_od_service_2?apiKey=dcc32505f6134b818ec7ce60b1d5b0c6
2025-03-24 18:33:24,224 - WARNING - Skipping invalid API URL: https://data.egov.kz/proxy/gp_od_service_1zh?apiKey=dcc32505f6134b818ec7ce60b1d5b0c6
2025-03-24 18:33:24,224 - WARNING - Skipping invalid API URL: https://data.egov.kz/proxy/gp_od_service_6?apiKey=dcc32505f6134b818ec7ce60b1d5b0c6
2025-03-24 18:33:24,225 - WARNING - Skipping invalid API URL: https://data.egov.kz/proxy/gp_od_service_7?apiKey=dcc32505f6134b818ec7ce60b1d5b0c6
2025-03-24 18:33:24,225 - WARNING - Skipping invalid API URL: https://data.egov.kz/proxy/gp_od_service_10?apiKey=dcc32505f6134b818ec7ce60b1d5b0c6
2025-03-24 18:33:24,225 - WARNING - Skipping invalid API URL: https://data.egov.kz/proxy/gp_od_service_sng3?apiKey=dcc32505f6134b818ec7ce60b1d5b0c6
2025-03-24 18:33:24,225 - WARNING - Skipping invalid API URL: https://data.egov.kz/proxy/gp_od_service_sng11?apiKey=dcc32505f6134b818ec7ce60b1d5b0c6
2025-03-24 18:33:24,227 - WARNING - Skipping invalid API URL: https://data.egov.kz/proxy/gp_od_service_1et1?apiKey=dcc32505f6134b818ec7ce60b1d5b0c6
2025-03-24 18:33:24,228 - WARNING - Skipping invalid API URL: https://data.egov.kz/proxy/gp_od_service_3k1?apiKey=dcc32505f6134b818ec7ce60b1d5b0c6
2025-03-24 18:33:24,228 - WARNING - Skipping invalid API URL: https://data.egov.kz/proxy/gp_od_service_121?apiKey=dcc32505f6134b818ec7ce60b1d5b0c6
2025-03-24 18:33:24,229 - WARNING - Skipping invalid API URL: https://data.egov.kz/proxy/gp_od_service_42?apiKey=dcc32505f6134b818ec7ce60b1d5b0c6
2025-03-24 18:33:24,229 - WARNING - Skipping invalid API URL: https://data.egov.kz/proxy/gp_od_service_7k1?apiKey=dcc32505f6134b818ec7ce60b1d5b0c6
2025-03-24 18:33:24,229 - WARNING - Skipping invalid API URL: https://data.egov.kz/proxy/gp_od_service_6k1?apiKey=dcc32505f6134b818ec7ce60b1d5b0c6
2025-03-24 18:33:24,231 - WARNING - Skipping invalid API URL: https://data.egov.kz/proxy/gp_od_service_1r1?apiKey=dcc32505f6134b818ec7ce60b1d5b0c6
2025-03-24 18:33:24,231 - WARNING - Skipping invalid API URL: https://data.egov.kz/proxy/gp_od_service_eo?apiKey=dcc32505f6134b818ec7ce60b1d5b0c6
2025-03-24 18:33:24,231 - WARNING - Skipping invalid API URL: https://data.egov.kz/proxy/gp_od_service_to?apiKey=dcc32505f6134b818ec7ce60b1d5b0c6
2025-03-24 18:33:24,232 - WARNING - Skipping invalid API URL: https://data.egov.kz/proxy/gp_od_service_em?apiKey=dcc32505f6134b818ec7ce60b1d5b0c6
2025-03-24 18:33:24,232 - WARNING - Skipping invalid API URL: https://data.egov.kz/proxy/gp_od_service_tm?apiKey=dcc32505f6134b818ec7ce60b1d5b0c6
2025-03-24 18:33:24,232 - WARNING - Skipping invalid API URL: https://data.egov.kz/proxy/gp_od_service_pf?apiKey=dcc32505f6134b818ec7ce60b1d5b0c6
2025-03-24 18:33:24,233 - WARNING - Skipping invalid API URL: https://data.egov.kz/proxy/gp_od_service_1ad?apiKey=dcc32505f6134b818ec7ce60b1d5b0c6
2025-03-24 18:33:24,233 - WARNING - Skipping invalid API URL: https://data.egov.kz/proxy/opendata-api-uri538?apiKey=dcc32505f6134b818ec7ce60b1d5b0c6
2025-03-24 18:33:24,233 - WARNING - Skipping invalid API URL: https://data.egov.kz/proxy/gp_od_service_5a?apiKey=dcc32505f6134b818ec7ce60b1d5b0c6
2025-03-24 18:33:24,234 - WARNING - Skipping invalid API URL: https://data.egov.kz/proxy/gp_od_service_5k?apiKey=dcc32505f6134b818ec7ce60b1d5b0c6
2025-03-24 18:33:24,234 - WARNING - Skipping invalid API URL: https://data.egov.kz/proxy/gp_od_service_5?apiKey=dcc32505f6134b818ec7ce60b1d5b0c6
2025-03-24 18:33:34,897 - ERROR - Error fetching https://data.egov.kz/api/v4/opendata-api-uri758/?apiKey=dcc32505f6134b818ec7ce60b1d5b0c6: 404 Client Error: Not Found for url: https://data.egov.kz/api/v4/opendata-api-uri758/?apiKey=dcc32505f6134b818ec7ce60b1d5b0c6
2025-03-24 18:35:06,112 - ERROR - Error fetching https://data.egov.kz/api/v4/koliktik_bakylaudyn_stacionarl/?apiKey=dcc32505f6134b818ec7ce60b1d5b0c6: 404 Client Error: Not Found for url: https://data.egov.kz/api/v4/koliktik_bakylaudyn_stacionarl/?apiKey=dcc32505f6134b818ec7ce60b1d5b0c6
2025-03-24 18:35:25,744 - ERROR - Error fetching https://data.egov.kz/api/v4/satu_obektileri_boiynsha_alda/?apiKey=dcc32505f6134b818ec7ce60b1d5b0c6: 404 Client Error: Not Found for url: https://data.egov.kz/api/v4/satu_obektileri_boiynsha_alda/?apiKey=dcc32505f6134b818ec7ce60b1d5b0c6
2025-03-24 18:35:26,055 - ERROR - Error fetching https://data.egov.kz/api/v4/memlekettik_satyp_aludy_biryng1/?apiKey=dcc32505f6134b818ec7ce60b1d5b0c6: 404 Client Error: Not Found for url: https://data.egov.kz/api/v4/memlekettik_satyp_aludy_biryng1/?apiKey=dcc32505f6134b818ec7ce60b1d5b0c6
2025-03-24 18:35:26,258 - ERROR - Error fetching https://data.egov.kz/api/v4/memlekettik_satyp_alu_zhuiesin/?apiKey=dcc32505f6134b818ec7ce60b1d5b0c6: 404 Client Error: Not Found for url: https://data.egov.kz/api/v4/memlekettik_satyp_alu_zhuiesin/?apiKey=dcc32505f6134b818ec7ce60b1d5b0c6
2025-03-24 18:35:28,484 - ERROR - Error fetching https://data.egov.kz/api/v4/memlekettik_satyp_alu_boiynsha/?apiKey=dcc32505f6134b818ec7ce60b1d5b0c6: 404 Client Error: Not Found for url: https://data.egov.kz/api/v4/memlekettik_satyp_alu_boiynsha/?apiKey=dcc32505f6134b818ec7ce60b1d5b0c6
2025-03-24 18:35:29,095 - ERROR - Error fetching https://data.egov.kz/api/v4/memlekettik_satyp_aludy_otkizu/?apiKey=dcc32505f6134b818ec7ce60b1d5b0c6: 404 Client Error: Not Found for url: https://data.egov.kz/api/v4/memlekettik_satyp_aludy_otkizu/?apiKey=dcc32505f6134b818ec7ce60b1d5b0c6
2025-03-24 18:35:30,327 - ERROR - Error fetching https://data.egov.kz/api/v4/memlekettik_satyp_alu_tasilime/?apiKey=dcc32505f6134b818ec7ce60b1d5b0c6: 404 Client Error: Not Found for url: https://data.egov.kz/api/v4/memlekettik_satyp_alu_tasilime/?apiKey=dcc32505f6134b818ec7ce60b1d5b0c6
2025-03-24 18:35:30,646 - ERROR - Error fetching https://data.egov.kz/api/v4/memlekettik_satyp_alu_zhuiesin1/?apiKey=dcc32505f6134b818ec7ce60b1d5b0c6: 404 Client Error: Not Found for url: https://data.egov.kz/api/v4/memlekettik_satyp_alu_zhuiesin1/?apiKey=dcc32505f6134b818ec7ce60b1d5b0c6
2025-03-24 18:35:31,359 - ERROR - Error fetching https://data.egov.kz/api/v4/memlekettik_satyp_alu_zhuiesin2/?apiKey=dcc32505f6134b818ec7ce60b1d5b0c6: 404 Client Error: Not Found for url: https://data.egov.kz/api/v4/memlekettik_satyp_alu_zhuiesin2/?apiKey=dcc32505f6134b818ec7ce60b1d5b0c6
2025-03-24 18:35:31,750 - ERROR - Error fetching https://data.egov.kz/api/v4/memlekettik_satyp_alu_zhuiesin3/?apiKey=dcc32505f6134b818ec7ce60b1d5b0c6: 404 Client Error: Not Found for url: https://data.egov.kz/api/v4/memlekettik_satyp_alu_zhuiesin3/?apiKey=dcc32505f6134b818ec7ce60b1d5b0c6
2025-03-24 18:35:31,874 - ERROR - Error fetching https://data.egov.kz/api/v4/memlekettik_satyp_alu_zhuiesin4/?apiKey=dcc32505f6134b818ec7ce60b1d5b0c6: 404 Client Error: Not Found for url: https://data.egov.kz/api/v4/memlekettik_satyp_alu_zhuiesin4/?apiKey=dcc32505f6134b818ec7ce60b1d5b0c6
2025-03-24 18:35:32,662 - ERROR - Error fetching https://data.egov.kz/api/v4/budzhettik_bagdarlama_akimshil/?apiKey=dcc32505f6134b818ec7ce60b1d5b0c6: 404 Client Error: Not Found for url: https://data.egov.kz/api/v4/budzhettik_bagdarlama_akimshil/?apiKey=dcc32505f6134b818ec7ce60b1d5b0c6
2025-03-24 18:35:34,478 - ERROR - Error fetching https://data.egov.kz/api/v4/memlekettik_satyp_alu_zhuiesin5/?apiKey=dcc32505f6134b818ec7ce60b1d5b0c6: 404 Client Error: Not Found for url: https://data.egov.kz/api/v4/memlekettik_satyp_alu_zhuiesin5/?apiKey=dcc32505f6134b818ec7ce60b1d5b0c6
2025-03-24 18:35:34,910 - ERROR - Error fetching https://data.egov.kz/api/v4/satyp_alu_tasili_boiynsha_anyk/?apiKey=dcc32505f6134b818ec7ce60b1d5b0c6: 404 Client Error: Not Found for url: https://data.egov.kz/api/v4/satyp_alu_tasili_boiynsha_anyk/?apiKey=dcc32505f6134b818ec7ce60b1d5b0c6
2025-03-24 18:35:35,072 - ERROR - Error fetching https://data.egov.kz/api/v4/memlekettik_satyp_aluga_lottar/?apiKey=dcc32505f6134b818ec7ce60b1d5b0c6: 404 Client Error: Not Found for url: https://data.egov.kz/api/v4/memlekettik_satyp_aluga_lottar/?apiKey=dcc32505f6134b818ec7ce60b1d5b0c6
2025-03-24 18:35:35,627 - ERROR - Error fetching https://data.egov.kz/api/v4/memlekettik_satyp_aluga_tapsyr/?apiKey=dcc32505f6134b818ec7ce60b1d5b0c6: 404 Client Error: Not Found for url: https://data.egov.kz/api/v4/memlekettik_satyp_aluga_tapsyr/?apiKey=dcc32505f6134b818ec7ce60b1d5b0c6
2025-03-24 18:35:42,889 - WARNING - Skipping invalid API URL: https://data.egov.kz/proxy/volumes_of_generated_waste_by_?apiKey=dcc32505f6134b818ec7ce60b1d5b0c6
2025-03-24 18:35:42,889 - WARNING - Skipping invalid API URL: https://data.egov.kz/proxy/volumes_of_generated_hazardous?apiKey=dcc32505f6134b818ec7ce60b1d5b0c6
2025-03-24 18:35:42,890 - WARNING - Skipping invalid API URL: https://data.egov.kz/proxy/volumes_of_non-hazardous_waste?apiKey=dcc32505f6134b818ec7ce60b1d5b0c6
2025-03-24 18:35:42,890 - WARNING - Skipping invalid API URL: https://data.egov.kz/proxy/the_volume_of_hazardous_waste_1?apiKey=dcc32505f6134b818ec7ce60b1d5b0c6
2025-03-24 18:35:42,890 - WARNING - Skipping invalid API URL: https://data.egov.kz/proxy/opendata-api-uri493?apiKey=dcc32505f6134b818ec7ce60b1d5b0c6
2025-03-24 18:35:42,891 - WARNING - Skipping invalid API URL: https://data.egov.kz/proxy/waste_volume_by_type?apiKey=dcc32505f6134b818ec7ce60b1d5b0c6
2025-03-24 18:35:42,891 - WARNING - Skipping invalid API URL: https://data.egov.kz/proxy/opendata-api-uri494?apiKey=dcc32505f6134b818ec7ce60b1d5b0c6
2025-03-24 18:35:42,891 - WARNING - Skipping invalid API URL: https://data.egov.kz/proxy/the_volume_of_non-hazardous_wa3?apiKey=dcc32505f6134b818ec7ce60b1d5b0c6
2025-03-24 18:35:42,892 - WARNING - Skipping invalid API URL: https://data.egov.kz/proxy/volume_of_hazardous_waste_by_t?apiKey=dcc32505f6134b818ec7ce60b1d5b0c6
2025-03-24 18:35:42,892 - WARNING - Skipping invalid API URL: https://data.egov.kz/proxy/volume_of_non-hazardous_waste_2?apiKey=dcc32505f6134b818ec7ce60b1d5b0c6
2025-03-24 18:35:42,893 - WARNING - Skipping invalid API URL: https://data.egov.kz/proxy/volume_of_medical_waste_by_reg?apiKey=dcc32505f6134b818ec7ce60b1d5b0c6
2025-03-24 18:35:45,374 - ERROR - Error fetching https://data.egov.kz/api/v4/kr_zher_koinauyn_paidalanushyl/?apiKey=dcc32505f6134b818ec7ce60b1d5b0c6: 404 Client Error: Not Found for url: https://data.egov.kz/api/v4/kr_zher_koinauyn_paidalanushyl/?apiKey=dcc32505f6134b818ec7ce60b1d5b0c6
2025-03-24 18:35:51,481 - WARNING - Skipping invalid API URL: https://data.egov.kz/proxy/reestr_dolzh_po_isp_pr?apiKey=dcc32505f6134b818ec7ce60b1d5b0c6
2025-03-24 18:36:11,027 - INFO - Saved 629 records to results/api_byCGO.csv
2025-03-24 18:36:11,032 - WARNING - Saved error report to results\error_report_api_byCGO.csv
