2025-03-26 15:28:49,074 - INFO - Saved dataset to results/datasets\v5.csv
2025-03-26 15:28:51,740 - INFO - Saved dataset to results/datasets\v3.csv
2025-03-26 15:28:54,721 - INFO - Saved dataset to results/datasets\v3.csv
2025-03-26 15:28:56,042 - INFO - Saved dataset to results/datasets\v5.csv
2025-03-26 15:28:57,862 - INFO - Saved dataset to results/datasets\v5.csv
2025-03-26 15:28:59,404 - INFO - Saved dataset to results/datasets\v3.csv
2025-03-26 15:29:01,024 - INFO - Saved dataset to results/datasets\v1.csv
2025-03-26 15:29:03,707 - INFO - Saved dataset to results/datasets\v3.csv
2025-03-26 15:29:05,077 - INFO - Saved dataset to results/datasets\v1.csv
2025-03-26 15:29:07,496 - ERROR - Failed to fetch https://data.egov.kz/api/v4/onirler_bolinisinde_energiyame5/?apiKey=dcc32505f6134b818ec7ce60b1d5b0c6: 404 Client Error: Not Found for url: https://data.egov.kz/api/v4/onirler_bolinisinde_energiyame5/?apiKey=dcc32505f6134b818ec7ce60b1d5b0c6&apiKey=dcc32505f6134b818ec7ce60b1d5b0c6
2025-03-26 15:29:09,031 - INFO - Saved dataset to results/datasets\v2.csv
2025-03-26 15:29:09,956 - INFO - Saved dataset to results/datasets\v2.csv
2025-03-26 15:29:11,691 - INFO - Saved dataset to results/datasets\v4.csv
2025-03-26 15:29:13,235 - INFO - Saved dataset to results/datasets\v1.csv
2025-03-26 15:29:15,072 - INFO - Saved dataset to results/datasets\v1.csv
2025-03-26 15:29:17,078 - INFO - Saved dataset to results/datasets\v7.csv
2025-03-26 15:29:17,940 - INFO - Saved dataset to results/datasets\v2.csv
2025-03-26 15:29:19,276 - INFO - Saved dataset to results/datasets\v2.csv
2025-03-26 15:29:19,894 - INFO - Saved dataset to results/datasets\v2.csv
2025-03-26 15:29:20,481 - INFO - Saved dataset to results/datasets\v2.csv
2025-03-26 15:29:20,878 - INFO - Saved dataset to results/datasets\v4.csv
2025-03-26 15:29:21,552 - INFO - Saved dataset to results/datasets\v1.csv
2025-03-26 15:29:23,766 - INFO - Saved dataset to results/datasets\v2.csv
2025-03-26 15:29:26,028 - INFO - Saved dataset to results/datasets\v3.csv
2025-03-26 15:29:27,998 - INFO - Saved dataset to results/datasets\v14.csv
2025-03-26 15:29:30,324 - INFO - Saved dataset to results/datasets\v2.csv
2025-03-26 15:29:31,657 - INFO - Saved dataset to results/datasets\v4.csv
2025-03-26 15:29:32,886 - INFO - Saved dataset to results/datasets\v2.csv
2025-03-26 15:29:35,956 - INFO - Saved dataset to results/datasets\v4.csv
2025-03-26 15:29:37,651 - INFO - Saved dataset to results/datasets\v2.csv
2025-03-26 15:29:39,382 - INFO - Saved dataset to results/datasets\v3.csv
2025-03-26 15:29:41,146 - INFO - Saved dataset to results/datasets\v4.csv
2025-03-26 15:29:43,946 - INFO - Saved dataset to results/datasets\v2.csv
2025-03-26 15:29:47,032 - INFO - Saved dataset to results/datasets\v2.csv
2025-03-26 15:29:47,848 - INFO - Saved dataset to results/datasets\v2.csv
2025-03-26 15:29:49,679 - INFO - Saved dataset to results/datasets\v3.csv
2025-03-26 15:29:51,255 - INFO - Saved dataset to results/datasets\v2.csv
2025-03-26 15:29:53,266 - INFO - Saved dataset to results/datasets\v2.csv
2025-03-26 15:29:55,520 - INFO - Saved dataset to results/datasets\v8.csv
2025-03-26 15:29:56,376 - INFO - Saved dataset to results/datasets\v3.csv
2025-03-26 15:29:57,773 - INFO - Saved dataset to results/datasets\v2.csv
2025-03-26 15:29:59,822 - INFO - Saved dataset to results/datasets\v2.csv
2025-03-26 15:30:02,205 - INFO - Saved dataset to results/datasets\v2.csv
2025-03-26 15:30:03,314 - INFO - Saved dataset to results/datasets\v2.csv
2025-03-26 15:30:04,966 - INFO - Saved dataset to results/datasets\v3.csv
2025-03-26 15:30:06,576 - INFO - Saved dataset to results/datasets\v25.csv
2025-03-26 15:30:08,527 - INFO - Saved dataset to results/datasets\v17.csv
2025-03-26 15:30:10,274 - INFO - Saved dataset to results/datasets\v9.csv
2025-03-26 15:30:12,412 - INFO - Saved dataset to results/datasets\v15.csv
2025-03-26 15:30:13,752 - INFO - Saved dataset to results/datasets\v11.csv
2025-03-26 15:30:15,897 - INFO - Saved dataset to results/datasets\v13.csv
2025-03-26 15:30:18,136 - INFO - Saved dataset to results/datasets\v10.csv
2025-03-26 15:30:19,277 - INFO - Saved dataset to results/datasets\v10.csv
2025-03-26 15:30:19,812 - INFO - Saved dataset to results/datasets\v19.csv
2025-03-26 15:30:20,241 - INFO - Saved dataset to results/datasets\v9.csv
2025-03-26 15:30:20,681 - INFO - Saved dataset to results/datasets\v29.csv
2025-03-26 15:30:21,039 - INFO - Saved dataset to results/datasets\v7.csv
2025-03-26 15:30:21,598 - INFO - Saved dataset to results/datasets\v50.csv
2025-03-26 15:30:23,989 - INFO - Saved dataset to results/datasets\v25.csv
2025-03-26 15:30:25,631 - INFO - Saved dataset to results/datasets\v14.csv
2025-03-26 15:30:26,506 - INFO - Saved dataset to results/datasets\v12.csv
2025-03-26 15:30:27,878 - INFO - Saved dataset to results/datasets\v10.csv
2025-03-26 15:30:29,660 - INFO - Saved dataset to results/datasets\v1.csv
2025-03-26 15:30:31,448 - INFO - Saved dataset to results/datasets\v79.csv
2025-03-26 15:30:33,409 - INFO - Saved dataset to results/datasets\v1.csv
2025-03-26 15:30:34,414 - INFO - Saved dataset to results/datasets\v13.csv
2025-03-26 15:30:36,009 - INFO - Saved dataset to results/datasets\v1.csv
2025-03-26 15:30:37,703 - INFO - Saved dataset to results/datasets\v7.csv
2025-03-26 15:30:41,172 - INFO - Saved dataset to results/datasets\v5.csv
2025-03-26 15:30:43,511 - INFO - Saved dataset to results/datasets\v6.csv
2025-03-26 15:30:46,008 - INFO - Saved dataset to results/datasets\v3.csv
2025-03-26 15:30:48,056 - INFO - Saved dataset to results/datasets\v31.csv
2025-03-26 15:30:49,380 - INFO - Saved dataset to results/datasets\v31.csv
2025-03-26 15:30:50,944 - INFO - Saved dataset to results/datasets\v27.csv
2025-03-26 15:30:52,089 - INFO - Saved dataset to results/datasets\v9.csv
2025-03-26 15:30:53,082 - INFO - Saved dataset to results/datasets\v32.csv
2025-03-26 15:30:53,831 - INFO - Saved dataset to results/datasets\v1.csv
2025-03-26 15:30:54,298 - INFO - Saved dataset to results/datasets\v7.csv
2025-03-26 15:30:54,718 - INFO - Saved dataset to results/datasets\v13.csv
2025-03-26 15:30:55,194 - INFO - Saved dataset to results/datasets\v7.csv
2025-03-26 15:30:55,614 - INFO - Saved dataset to results/datasets\v7.csv
2025-03-26 15:30:56,188 - INFO - Saved dataset to results/datasets\v1.csv
2025-03-26 15:30:56,789 - INFO - Saved dataset to results/datasets\v31.csv
2025-03-26 15:30:57,741 - INFO - Saved dataset to results/datasets\v81.csv
2025-03-26 15:31:00,602 - INFO - Saved dataset to results/datasets\v9.csv
2025-03-26 15:31:01,959 - INFO - Saved dataset to results/datasets\v41.csv
2025-03-26 15:31:02,861 - INFO - Saved dataset to results/datasets\v26.csv
2025-03-26 15:31:03,457 - INFO - Saved dataset to results/datasets\v7.csv
2025-03-26 15:31:03,975 - INFO - Saved dataset to results/datasets\v19.csv
2025-03-26 15:31:04,523 - INFO - Saved dataset to results/datasets\v12.csv
2025-03-26 15:31:05,270 - INFO - Saved dataset to results/datasets\v9.csv
2025-03-26 15:31:05,761 - INFO - Saved dataset to results/datasets\v7.csv
2025-03-26 15:31:06,832 - INFO - Saved dataset to results/datasets\v8.csv
2025-03-26 15:31:07,781 - INFO - Saved dataset to results/datasets\v10.csv
2025-03-26 15:31:09,103 - INFO - Saved dataset to results/datasets\v6.csv
2025-03-26 15:31:09,534 - INFO - Saved dataset to results/datasets\v19.csv
2025-03-26 15:31:10,069 - INFO - Saved dataset to results/datasets\v8.csv
2025-03-26 15:31:10,651 - INFO - Saved dataset to results/datasets\v23.csv
2025-03-26 15:31:11,064 - INFO - Saved dataset to results/datasets\v9.csv
2025-03-26 15:31:11,549 - INFO - Saved dataset to results/datasets\v1.csv
2025-03-26 15:31:13,247 - INFO - Saved dataset to results/datasets\v8.csv
2025-03-26 15:31:13,979 - INFO - Saved dataset to results/datasets\v117.csv
2025-03-26 15:31:15,244 - INFO - Saved dataset to results/datasets\v6.csv
2025-03-26 15:31:17,315 - INFO - Saved dataset to results/datasets\v25.csv
2025-03-26 15:31:19,643 - INFO - Saved dataset to results/datasets\v99.csv
2025-03-26 15:31:20,091 - INFO - Saved dataset to results/datasets\v10.csv
2025-03-26 15:31:20,743 - INFO - Saved dataset to results/datasets\v15.csv
2025-03-26 15:31:21,227 - INFO - Saved dataset to results/datasets\v6.csv
2025-03-26 15:31:23,462 - INFO - Saved dataset to results/datasets\v6.csv
2025-03-26 15:31:26,262 - INFO - Saved dataset to results/datasets\v10.csv
2025-03-26 15:31:26,754 - INFO - Saved dataset to results/datasets\v5.csv
2025-03-26 15:31:27,289 - INFO - Saved dataset to results/datasets\v5.csv
2025-03-26 15:31:28,328 - INFO - Saved dataset to results/datasets\v7.csv
2025-03-26 15:31:29,835 - INFO - Saved dataset to results/datasets\v6.csv
2025-03-26 15:31:30,552 - INFO - Saved dataset to results/datasets\v6.csv
2025-03-26 15:31:30,987 - INFO - Saved dataset to results/datasets\v14.csv
2025-03-26 15:31:31,491 - INFO - Saved dataset to results/datasets\v14.csv
2025-03-26 15:31:31,960 - INFO - Saved dataset to results/datasets\v10.csv
2025-03-26 15:31:32,527 - INFO - Saved dataset to results/datasets\v10.csv
2025-03-26 15:31:33,130 - INFO - Saved dataset to results/datasets\v8.csv
2025-03-26 15:31:33,826 - INFO - Saved dataset to results/datasets\v8.csv
2025-03-26 15:31:34,299 - INFO - Saved dataset to results/datasets\v24.csv
2025-03-26 15:31:34,736 - INFO - Saved dataset to results/datasets\v23.csv
2025-03-26 15:31:35,136 - INFO - Saved dataset to results/datasets\v67.csv
2025-03-26 15:31:35,497 - INFO - Saved dataset to results/datasets\v9.csv
2025-03-26 15:31:36,112 - INFO - Saved dataset to results/datasets\v8.csv
2025-03-26 15:31:36,907 - INFO - Saved dataset to results/datasets\v8.csv
2025-03-26 15:31:37,575 - INFO - Saved dataset to results/datasets\v23.csv
2025-03-26 15:31:38,069 - INFO - Saved dataset to results/datasets\v8.csv
2025-03-26 15:31:38,630 - INFO - Saved dataset to results/datasets\v9.csv
2025-03-26 15:31:40,985 - INFO - Saved dataset to results/datasets\v5.csv
2025-03-26 15:31:43,911 - INFO - Saved dataset to results/datasets\v24.csv
2025-03-26 15:31:45,147 - INFO - Saved dataset to results/datasets\v33.csv
2025-03-26 15:31:47,536 - INFO - Saved dataset to results/datasets\v8.csv
2025-03-26 15:31:48,068 - INFO - Saved dataset to results/datasets\v8.csv
2025-03-26 15:31:48,772 - INFO - Saved dataset to results/datasets\v24.csv
2025-03-26 15:31:50,989 - INFO - Saved dataset to results/datasets\v10.csv
2025-03-26 15:31:51,829 - INFO - Saved dataset to results/datasets\v9.csv
2025-03-26 15:31:52,826 - INFO - Saved dataset to results/datasets\v9.csv
2025-03-26 15:31:53,386 - INFO - Saved dataset to results/datasets\v2.csv
2025-03-26 15:31:53,896 - INFO - Saved dataset to results/datasets\v5.csv
2025-03-26 15:31:54,417 - INFO - Saved dataset to results/datasets\v12.csv
2025-03-26 15:31:54,879 - INFO - Saved dataset to results/datasets\v12.csv
2025-03-26 15:31:55,357 - INFO - Saved dataset to results/datasets\v17.csv
2025-03-26 15:31:55,792 - INFO - Saved dataset to results/datasets\v27.csv
2025-03-26 15:31:56,216 - INFO - Saved dataset to results/datasets\v7.csv
2025-03-26 15:31:56,624 - INFO - Saved dataset to results/datasets\v14.csv
2025-03-26 15:31:57,199 - INFO - Saved dataset to results/datasets\v12.csv
2025-03-26 15:31:57,588 - INFO - Saved dataset to results/datasets\v8.csv
2025-03-26 15:31:58,002 - INFO - Saved dataset to results/datasets\v26.csv
2025-03-26 15:31:58,649 - INFO - Saved dataset to results/datasets\v8.csv
2025-03-26 15:31:59,422 - INFO - Saved dataset to results/datasets\v8.csv
2025-03-26 15:32:00,024 - INFO - Saved dataset to results/datasets\v13.csv
2025-03-26 15:32:01,391 - INFO - Saved dataset to results/datasets\v20.csv
2025-03-26 15:32:02,200 - INFO - Saved dataset to results/datasets\v9.csv
2025-03-26 15:32:02,666 - INFO - Saved dataset to results/datasets\v9.csv
2025-03-26 15:32:03,157 - INFO - Saved dataset to results/datasets\v13.csv
2025-03-26 15:32:03,694 - INFO - Saved dataset to results/datasets\v8.csv
2025-03-26 15:32:04,337 - INFO - Saved dataset to results/datasets\v8.csv
2025-03-26 15:32:08,932 - INFO - Saved dataset to results/datasets\v8.csv
2025-03-26 15:32:09,401 - INFO - Saved dataset to results/datasets\v9.csv
2025-03-26 15:32:09,897 - INFO - Saved dataset to results/datasets\v8.csv
2025-03-26 15:32:11,131 - INFO - Saved dataset to results/datasets\v8.csv
2025-03-26 15:32:12,939 - INFO - Saved dataset to results/datasets\v8.csv
2025-03-26 15:32:13,549 - INFO - Saved dataset to results/datasets\v2.csv
2025-03-26 15:32:14,061 - INFO - Saved dataset to results/datasets\v8.csv
2025-03-26 15:32:14,769 - INFO - Saved dataset to results/datasets\v8.csv
2025-03-26 15:32:15,404 - INFO - Saved dataset to results/datasets\v8.csv
2025-03-26 15:32:15,902 - INFO - Saved dataset to results/datasets\v12.csv
2025-03-26 15:32:16,341 - INFO - Saved dataset to results/datasets\v16.csv
2025-03-26 15:32:16,821 - INFO - Saved dataset to results/datasets\v5.csv
2025-03-26 15:32:17,243 - INFO - Saved dataset to results/datasets\v5.csv
2025-03-26 15:32:17,751 - INFO - Saved dataset to results/datasets\v4.csv
2025-03-26 15:32:18,487 - INFO - Saved dataset to results/datasets\v3.csv
2025-03-26 15:32:19,884 - INFO - Saved dataset to results/datasets\v4.csv
2025-03-26 15:32:21,713 - INFO - Saved dataset to results/datasets\v2.csv
2025-03-26 15:32:22,851 - INFO - Saved dataset to results/datasets\v2.csv
2025-03-26 15:32:23,430 - INFO - Saved dataset to results/datasets\v2.csv
2025-03-26 15:32:24,255 - INFO - Saved dataset to results/datasets\v2.csv
2025-03-26 15:32:24,917 - INFO - Saved dataset to results/datasets\v2.csv
2025-03-26 15:32:28,105 - INFO - Saved dataset to results/datasets\v2.csv
2025-03-26 15:32:28,858 - INFO - Saved dataset to results/datasets\v20.csv
2025-03-26 15:32:29,466 - INFO - Saved dataset to results/datasets\v2.csv
2025-03-26 15:32:30,118 - INFO - Saved dataset to results/datasets\v2.csv
2025-03-26 15:32:30,803 - INFO - Saved dataset to results/datasets\v13.csv
2025-03-26 15:32:31,420 - INFO - Saved dataset to results/datasets\v6.csv
2025-03-26 15:32:33,256 - INFO - Saved dataset to results/datasets\v10.csv
2025-03-26 15:32:33,675 - INFO - Saved dataset to results/datasets\v5.csv
2025-03-26 15:32:34,300 - INFO - Saved dataset to results/datasets\v3.csv
2025-03-26 15:32:34,784 - INFO - Saved dataset to results/datasets\v15.csv
2025-03-26 15:32:35,343 - INFO - Saved dataset to results/datasets\v3.csv
2025-03-26 15:32:36,302 - INFO - Saved dataset to results/datasets\v4.csv
2025-03-26 15:32:38,031 - INFO - Saved dataset to results/datasets\v4.csv
2025-03-26 15:32:39,884 - INFO - Saved dataset to results/datasets\v4.csv
2025-03-26 15:32:41,523 - INFO - Saved dataset to results/datasets\v6.csv
2025-03-26 15:32:43,160 - INFO - Saved dataset to results/datasets\v3.csv
2025-03-26 15:32:45,024 - INFO - Saved dataset to results/datasets\v2.csv
2025-03-26 15:32:45,550 - INFO - Saved dataset to results/datasets\v5.csv
2025-03-26 15:32:46,344 - INFO - Saved dataset to results/datasets\v4.csv
2025-03-26 15:32:48,012 - INFO - Saved dataset to results/datasets\v3.csv
2025-03-26 15:32:49,060 - INFO - Saved dataset to results/datasets\v5.csv
2025-03-26 15:32:53,164 - INFO - Saved dataset to results/datasets\v4.csv
2025-03-26 15:32:54,498 - INFO - Saved dataset to results/datasets\v1.csv
2025-03-26 15:32:55,165 - INFO - Saved dataset to results/datasets\v1.csv
2025-03-26 15:32:56,107 - INFO - Saved dataset to results/datasets\v1.csv
2025-03-26 15:32:56,901 - INFO - Saved dataset to results/datasets\v1.csv
2025-03-26 15:32:57,849 - INFO - Saved dataset to results/datasets\v1.csv
2025-03-26 15:33:00,022 - INFO - Saved dataset to results/datasets\v1.csv
2025-03-26 15:33:00,952 - INFO - Saved dataset to results/datasets\v1.csv
2025-03-26 15:33:02,316 - INFO - Saved dataset to results/datasets\v1.csv
2025-03-26 15:33:03,807 - ERROR - Failed to fetch https://data.egov.kz/api/v4/svedeniya_ob_obektah_energosn1/?apiKey=dcc32505f6134b818ec7ce60b1d5b0c6: 404 Client Error: Not Found for url: https://data.egov.kz/api/v4/svedeniya_ob_obektah_energosn1/?apiKey=dcc32505f6134b818ec7ce60b1d5b0c6&apiKey=dcc32505f6134b818ec7ce60b1d5b0c6
2025-03-26 15:33:05,504 - INFO - Saved dataset to results/datasets\v10.csv
2025-03-26 15:33:06,341 - INFO - Saved dataset to results/datasets\v11.csv
2025-03-26 15:33:06,842 - INFO - Saved dataset to results/datasets\v12.csv
2025-03-26 15:33:07,462 - INFO - Saved dataset to results/datasets\v11.csv
2025-03-26 15:33:08,035 - INFO - Saved dataset to results/datasets\v10.csv
2025-03-26 15:33:09,373 - INFO - Saved dataset to results/datasets\v11.csv
2025-03-26 15:33:10,600 - INFO - Saved dataset to results/datasets\v14.csv
2025-03-26 15:33:11,394 - INFO - Saved dataset to results/datasets\v6.csv
2025-03-26 15:33:12,147 - INFO - Saved dataset to results/datasets\v5.csv
2025-03-26 15:33:13,848 - INFO - Saved dataset to results/datasets\v8.csv
2025-03-26 15:33:14,590 - INFO - Saved dataset to results/datasets\v11.csv
2025-03-26 15:33:15,049 - INFO - Saved dataset to results/datasets\v24.csv
2025-03-26 15:33:15,472 - INFO - Saved dataset to results/datasets\v16.csv
2025-03-26 15:33:15,948 - INFO - Saved dataset to results/datasets\v18.csv
2025-03-26 15:33:16,571 - INFO - Saved dataset to results/datasets\v44.csv
2025-03-26 15:33:19,741 - INFO - Saved dataset to results/datasets\v10.csv
2025-03-26 15:33:35,874 - INFO - Saved dataset to results/datasets\v9.csv
2025-03-26 15:33:37,805 - INFO - Saved dataset to results/datasets\v4.csv
2025-03-26 15:33:39,483 - ERROR - Failed to fetch https://data.egov.kz/api/v4/onirler_bolinisinde_kommunaldy2/?apiKey=dcc32505f6134b818ec7ce60b1d5b0c6: 404 Client Error: Not Found for url: https://data.egov.kz/api/v4/onirler_bolinisinde_kommunaldy2/?apiKey=dcc32505f6134b818ec7ce60b1d5b0c6&apiKey=dcc32505f6134b818ec7ce60b1d5b0c6
2025-03-26 15:33:41,098 - INFO - Saved dataset to results/datasets\v2.csv
2025-03-26 15:33:42,677 - INFO - Saved dataset to results/datasets\v13.csv
2025-03-26 15:33:43,106 - INFO - Saved dataset to results/datasets\v15.csv
2025-03-26 15:33:43,634 - INFO - Saved dataset to results/datasets\v1.csv
2025-03-26 15:33:44,082 - INFO - Saved dataset to results/datasets\v23.csv
2025-03-26 15:33:44,542 - INFO - Saved dataset to results/datasets\v8.csv
2025-03-26 15:33:47,938 - INFO - Saved dataset to results/datasets\v5.csv
2025-03-26 15:33:48,717 - INFO - Saved dataset to results/datasets\v29.csv
2025-03-26 15:33:50,074 - INFO - Saved dataset to results/datasets\v10.csv
2025-03-26 15:33:53,273 - INFO - Saved dataset to results/datasets\v13.csv
2025-03-26 15:33:53,813 - INFO - Saved dataset to results/datasets\v7.csv
2025-03-26 15:33:54,408 - INFO - Saved dataset to results/datasets\v9.csv
2025-03-26 15:33:56,184 - INFO - Saved dataset to results/datasets\v10.csv
2025-03-26 15:33:56,918 - INFO - Saved dataset to results/datasets\v16.csv
2025-03-26 15:33:57,892 - INFO - Saved dataset to results/datasets\v30.csv
2025-03-26 15:34:03,243 - INFO - Saved dataset to results/datasets\v26.csv
2025-03-26 15:34:05,038 - INFO - Saved dataset to results/datasets\v7.csv
2025-03-26 15:34:08,738 - INFO - Saved dataset to results/datasets\v7.csv
2025-03-26 15:34:10,231 - INFO - Saved dataset to results/datasets\v8.csv
2025-03-26 15:34:11,987 - INFO - Saved dataset to results/datasets\v8.csv
2025-03-26 15:34:12,586 - INFO - Saved dataset to results/datasets\v8.csv
2025-03-26 15:34:13,208 - INFO - Saved dataset to results/datasets\v8.csv
2025-03-26 15:34:14,558 - INFO - Saved dataset to results/datasets\v8.csv
2025-03-26 15:34:16,693 - INFO - Saved dataset to results/datasets\v28.csv
2025-03-26 15:34:17,628 - INFO - Saved dataset to results/datasets\v5.csv
2025-03-26 15:34:18,339 - INFO - Saved dataset to results/datasets\v2.csv
2025-03-26 15:34:19,890 - INFO - Saved dataset to results/datasets\v11.csv
2025-03-26 15:34:21,464 - INFO - Saved dataset to results/datasets\v2.csv
2025-03-26 15:34:22,122 - INFO - Saved dataset to results/datasets\v7.csv
2025-03-26 15:34:22,710 - INFO - Saved dataset to results/datasets\v8.csv
2025-03-26 15:34:23,728 - INFO - Saved dataset to results/datasets\v7.csv
2025-03-26 15:34:26,766 - INFO - Saved dataset to results/datasets\v14.csv
2025-03-26 15:34:27,824 - INFO - Saved dataset to results/datasets\v13.csv
2025-03-26 15:34:28,854 - INFO - Saved dataset to results/datasets\v14.csv
2025-03-26 15:34:29,786 - INFO - Saved dataset to results/datasets\v15.csv
2025-03-26 15:34:32,074 - INFO - Saved dataset to results/datasets\v11.csv
2025-03-26 15:34:32,817 - INFO - Saved dataset to results/datasets\v21.csv
2025-03-26 15:34:33,469 - INFO - Saved dataset to results/datasets\v16.csv
2025-03-26 15:34:34,385 - INFO - Saved dataset to results/datasets\v8.csv
2025-03-26 15:34:35,384 - INFO - Saved dataset to results/datasets\v12.csv
2025-03-26 15:34:37,379 - INFO - Saved dataset to results/datasets\v16.csv
2025-03-26 15:34:38,352 - INFO - Saved dataset to results/datasets\v7.csv
2025-03-26 15:34:39,992 - INFO - Saved dataset to results/datasets\v6.csv
2025-03-26 15:34:41,033 - INFO - Saved dataset to results/datasets\v6.csv
2025-03-26 15:34:41,865 - INFO - Saved dataset to results/datasets\v8.csv
2025-03-26 15:34:43,471 - INFO - Saved dataset to results/datasets\v9.csv
2025-03-26 15:34:44,738 - INFO - Saved dataset to results/datasets\v6.csv
2025-03-26 15:34:46,807 - INFO - Saved dataset to results/datasets\v7.csv
2025-03-26 15:34:49,182 - INFO - Saved dataset to results/datasets\v8.csv
2025-03-26 15:34:50,126 - INFO - Saved dataset to results/datasets\v46.csv
2025-03-26 15:34:50,741 - INFO - Saved dataset to results/datasets\v15.csv
2025-03-26 15:34:51,545 - INFO - Saved dataset to results/datasets\v2.csv
2025-03-26 15:34:52,246 - INFO - Saved dataset to results/datasets\v18.csv
2025-03-26 15:34:52,828 - INFO - Saved dataset to results/datasets\v7.csv
2025-03-26 15:34:53,408 - INFO - Saved dataset to results/datasets\v7.csv
2025-03-26 15:34:53,914 - INFO - Saved dataset to results/datasets\v7.csv
2025-03-26 15:34:54,319 - INFO - Saved dataset to results/datasets\v7.csv
2025-03-26 15:34:55,122 - INFO - Saved dataset to results/datasets\v8.csv
2025-03-26 15:34:55,829 - INFO - Saved dataset to results/datasets\v23.csv
2025-03-26 15:34:57,343 - INFO - Saved dataset to results/datasets\v9.csv
2025-03-26 15:34:58,303 - INFO - Saved dataset to results/datasets\v4.csv
2025-03-26 15:34:59,616 - INFO - Saved dataset to results/datasets\v4.csv
2025-03-26 15:35:00,039 - INFO - Saved dataset to results/datasets\v3.csv
2025-03-26 15:35:00,599 - INFO - Saved dataset to results/datasets\v10.csv
2025-03-26 15:35:00,970 - INFO - Saved dataset to results/datasets\v15.csv
2025-03-26 15:35:01,610 - INFO - Saved dataset to results/datasets\v25.csv
2025-03-26 15:35:02,017 - INFO - Saved dataset to results/datasets\v15.csv
2025-03-26 15:35:02,403 - INFO - Saved dataset to results/datasets\v8.csv
2025-03-26 15:35:02,864 - INFO - Saved dataset to results/datasets\v11.csv
2025-03-26 15:35:03,324 - INFO - Saved dataset to results/datasets\v9.csv
2025-03-26 15:35:03,717 - INFO - Saved dataset to results/datasets\v9.csv
2025-03-26 15:35:04,106 - INFO - Saved dataset to results/datasets\v10.csv
2025-03-26 15:35:04,528 - INFO - Saved dataset to results/datasets\v15.csv
2025-03-26 15:35:05,011 - INFO - Saved dataset to results/datasets\v9.csv
2025-03-26 15:35:05,729 - INFO - Saved dataset to results/datasets\v9.csv
2025-03-26 15:35:06,848 - INFO - Saved dataset to results/datasets\v9.csv
2025-03-26 15:35:07,235 - INFO - Saved dataset to results/datasets\v8.csv
2025-03-26 15:35:07,681 - INFO - Saved dataset to results/datasets\v10.csv
2025-03-26 15:35:08,121 - INFO - Saved dataset to results/datasets\v11.csv
2025-03-26 15:35:08,526 - INFO - Saved dataset to results/datasets\v10.csv
2025-03-26 15:35:08,906 - INFO - Saved dataset to results/datasets\v11.csv
2025-03-26 15:35:09,288 - INFO - Saved dataset to results/datasets\v9.csv
2025-03-26 15:35:09,717 - INFO - Saved dataset to results/datasets\v8.csv
2025-03-26 15:35:10,203 - INFO - Saved dataset to results/datasets\v10.csv
2025-03-26 15:35:10,600 - INFO - Saved dataset to results/datasets\v10.csv
2025-03-26 15:35:12,335 - INFO - Saved dataset to results/datasets\v13.csv
2025-03-26 15:35:13,270 - INFO - Saved dataset to results/datasets\v13.csv
2025-03-26 15:35:13,740 - INFO - Saved dataset to results/datasets\v12.csv
2025-03-26 15:35:14,103 - INFO - Saved dataset to results/datasets\v12.csv
2025-03-26 15:35:14,708 - INFO - Saved dataset to results/datasets\v13.csv
2025-03-26 15:35:15,142 - INFO - Saved dataset to results/datasets\v10.csv
2025-03-26 15:35:15,590 - INFO - Saved dataset to results/datasets\v11.csv
2025-03-26 15:35:16,013 - INFO - Saved dataset to results/datasets\v11.csv
2025-03-26 15:35:16,725 - INFO - Saved dataset to results/datasets\v9.csv
2025-03-26 15:35:17,113 - INFO - Saved dataset to results/datasets\v11.csv
2025-03-26 15:35:17,485 - INFO - Saved dataset to results/datasets\v12.csv
2025-03-26 15:35:18,341 - INFO - Saved dataset to results/datasets\v9.csv
2025-03-26 15:35:18,943 - INFO - Saved dataset to results/datasets\v14.csv
2025-03-26 15:35:19,346 - INFO - Saved dataset to results/datasets\v12.csv
2025-03-26 15:35:19,746 - INFO - Saved dataset to results/datasets\v12.csv
2025-03-26 15:35:20,159 - INFO - Saved dataset to results/datasets\v9.csv
2025-03-26 15:35:20,566 - INFO - Saved dataset to results/datasets\v14.csv
2025-03-26 15:35:21,014 - INFO - Saved dataset to results/datasets\v11.csv
2025-03-26 15:35:21,365 - INFO - Saved dataset to results/datasets\v11.csv
2025-03-26 15:35:21,788 - INFO - Saved dataset to results/datasets\v10.csv
2025-03-26 15:35:22,252 - INFO - Saved dataset to results/datasets\v10.csv
2025-03-26 15:35:22,713 - INFO - Saved dataset to results/datasets\v10.csv
2025-03-26 15:35:23,129 - INFO - Saved dataset to results/datasets\v9.csv
2025-03-26 15:35:23,526 - INFO - Saved dataset to results/datasets\v9.csv
2025-03-26 15:35:23,873 - INFO - Saved dataset to results/datasets\v12.csv
2025-03-26 15:35:24,528 - INFO - Saved dataset to results/datasets\v11.csv
2025-03-26 15:35:25,948 - INFO - Saved dataset to results/datasets\v9.csv
2025-03-26 15:35:26,620 - INFO - Saved dataset to results/datasets\v6.csv
2025-03-26 15:35:27,067 - INFO - Saved dataset to results/datasets\v10.csv
2025-03-26 15:35:27,627 - INFO - Saved dataset to results/datasets\v1.csv
2025-03-26 15:35:28,048 - INFO - Saved dataset to results/datasets\v5.csv
2025-03-26 15:35:28,646 - INFO - Saved dataset to results/datasets\v7.csv
2025-03-26 15:35:28,989 - INFO - Saved dataset to results/datasets\v18.csv
2025-03-26 15:35:29,363 - INFO - Saved dataset to results/datasets\v20.csv
2025-03-26 15:35:29,781 - INFO - Saved dataset to results/datasets\v19.csv
2025-03-26 15:35:34,204 - INFO - Saved dataset to results/datasets\v18.csv
2025-03-26 15:35:34,605 - INFO - Saved dataset to results/datasets\v1.csv
2025-03-26 15:35:35,073 - INFO - Saved dataset to results/datasets\v4.csv
2025-03-26 15:35:35,511 - INFO - Saved dataset to results/datasets\v5.csv
2025-03-26 15:35:36,182 - INFO - Saved dataset to results/datasets\v5.csv
2025-03-26 15:35:36,580 - INFO - Saved dataset to results/datasets\v10.csv
2025-03-26 15:35:37,051 - INFO - Saved dataset to results/datasets\v6.csv
2025-03-26 15:35:37,436 - INFO - Saved dataset to results/datasets\v19.csv
2025-03-26 15:35:37,901 - INFO - Saved dataset to results/datasets\v6.csv
2025-03-26 15:35:38,324 - INFO - Saved dataset to results/datasets\v8.csv
2025-03-26 15:35:39,330 - INFO - Saved dataset to results/datasets\v9.csv
2025-03-26 15:35:39,707 - INFO - Saved dataset to results/datasets\v5.csv
2025-03-26 15:35:40,136 - INFO - Saved dataset to results/datasets\v9.csv
2025-03-26 15:35:40,672 - INFO - Saved dataset to results/datasets\v9.csv
2025-03-26 15:35:42,505 - INFO - Saved dataset to results/datasets\v20.csv
2025-03-26 15:35:43,019 - INFO - Saved dataset to results/datasets\v9.csv
2025-03-26 15:35:43,428 - INFO - Saved dataset to results/datasets\v11.csv
2025-03-26 15:35:43,842 - INFO - Saved dataset to results/datasets\v4.csv
2025-03-26 15:35:44,275 - INFO - Saved dataset to results/datasets\v7.csv
2025-03-26 15:35:45,410 - INFO - Saved dataset to results/datasets\v1.csv
2025-03-26 15:35:45,948 - INFO - Saved dataset to results/datasets\v7.csv
2025-03-26 15:35:46,813 - INFO - Saved dataset to results/datasets\v6.csv
2025-03-26 15:35:47,320 - INFO - Saved dataset to results/datasets\v1.csv
2025-03-26 15:35:47,850 - INFO - Saved dataset to results/datasets\v5.csv
2025-03-26 15:35:48,251 - INFO - Saved dataset to results/datasets\v19.csv
2025-03-26 15:35:48,703 - INFO - Saved dataset to results/datasets\v12.csv
2025-03-26 15:35:49,203 - INFO - Saved dataset to results/datasets\v8.csv
2025-03-26 15:35:50,054 - INFO - Saved dataset to results/datasets\v11.csv
2025-03-26 15:35:50,546 - INFO - Saved dataset to results/datasets\v14.csv
2025-03-26 15:35:51,121 - INFO - Saved dataset to results/datasets\v17.csv
2025-03-26 15:35:52,093 - INFO - Saved dataset to results/datasets\v6.csv
2025-03-26 15:35:54,435 - INFO - Saved dataset to results/datasets\v15.csv
2025-03-26 15:35:54,977 - INFO - Saved dataset to results/datasets\v12.csv
2025-03-26 15:35:55,530 - INFO - Saved dataset to results/datasets\v13.csv
2025-03-26 15:35:56,383 - INFO - Saved dataset to results/datasets\v11.csv
2025-03-26 15:35:56,939 - INFO - Saved dataset to results/datasets\v12.csv
2025-03-26 15:35:57,483 - INFO - Saved dataset to results/datasets\v14.csv
2025-03-26 15:35:57,949 - ERROR - Failed to fetch https://data.egov.kz/api/v4/data_on_the_results_of_interna14/?apiKey=dcc32505f6134b818ec7ce60b1d5b0c6: 404 Client Error: Not Found for url: https://data.egov.kz/api/v4/data_on_the_results_of_interna14/?apiKey=dcc32505f6134b818ec7ce60b1d5b0c6&apiKey=dcc32505f6134b818ec7ce60b1d5b0c6
2025-03-26 15:35:58,443 - ERROR - Failed to fetch https://data.egov.kz/api/v4/information_on_the_transfer_of/?apiKey=dcc32505f6134b818ec7ce60b1d5b0c6: 404 Client Error: Not Found for url: https://data.egov.kz/api/v4/information_on_the_transfer_of/?apiKey=dcc32505f6134b818ec7ce60b1d5b0c6&apiKey=dcc32505f6134b818ec7ce60b1d5b0c6
2025-03-26 15:35:58,854 - ERROR - Failed to fetch https://data.egov.kz/api/v4/onirler_bolinisinde_kommunaldy1/?apiKey=dcc32505f6134b818ec7ce60b1d5b0c6: 404 Client Error: Not Found for url: https://data.egov.kz/api/v4/onirler_bolinisinde_kommunaldy1/?apiKey=dcc32505f6134b818ec7ce60b1d5b0c6&apiKey=dcc32505f6134b818ec7ce60b1d5b0c6
2025-03-26 15:36:00,350 - INFO - Saved dataset to results/datasets\v2.csv
2025-03-26 15:36:01,350 - ERROR - Failed to fetch https://data.egov.kz/api/v4/onirler_bolinisinde_zhekeshele/?apiKey=dcc32505f6134b818ec7ce60b1d5b0c6: 404 Client Error: Not Found for url: https://data.egov.kz/api/v4/onirler_bolinisinde_zhekeshele/?apiKey=dcc32505f6134b818ec7ce60b1d5b0c6&apiKey=dcc32505f6134b818ec7ce60b1d5b0c6
2025-03-26 15:36:01,770 - INFO - Saved dataset to results/datasets\v4.csv
2025-03-26 15:36:02,227 - INFO - Saved dataset to results/datasets\v3.csv
2025-03-26 15:36:02,873 - INFO - Saved dataset to results/datasets\v3.csv
2025-03-26 15:36:03,399 - INFO - Saved dataset to results/datasets\v3.csv
2025-03-26 15:36:03,966 - INFO - Saved dataset to results/datasets\v3.csv
2025-03-26 15:36:04,316 - INFO - Saved dataset to results/datasets\v9.csv
2025-03-26 15:36:04,703 - INFO - Saved dataset to results/datasets\v1.csv
2025-03-26 15:36:05,215 - INFO - Saved dataset to results/datasets\v1.csv
2025-03-26 15:36:05,640 - ERROR - Failed to fetch https://data.egov.kz/api/v4/onirler_bolinisinde_zhol_kuryl/?apiKey=dcc32505f6134b818ec7ce60b1d5b0c6: 404 Client Error: Not Found for url: https://data.egov.kz/api/v4/onirler_bolinisinde_zhol_kuryl/?apiKey=dcc32505f6134b818ec7ce60b1d5b0c6&apiKey=dcc32505f6134b818ec7ce60b1d5b0c6
2025-03-26 15:36:06,075 - ERROR - Failed to fetch https://data.egov.kz/api/v4/onirler_bolinisinde_sayazhai_u/?apiKey=dcc32505f6134b818ec7ce60b1d5b0c6: 404 Client Error: Not Found for url: https://data.egov.kz/api/v4/onirler_bolinisinde_sayazhai_u/?apiKey=dcc32505f6134b818ec7ce60b1d5b0c6&apiKey=dcc32505f6134b818ec7ce60b1d5b0c6
2025-03-26 15:36:06,465 - ERROR - Failed to fetch https://data.egov.kz/api/v4/onirler_bolinisinde_zhylytu_ke1/?apiKey=dcc32505f6134b818ec7ce60b1d5b0c6: 404 Client Error: Not Found for url: https://data.egov.kz/api/v4/onirler_bolinisinde_zhylytu_ke1/?apiKey=dcc32505f6134b818ec7ce60b1d5b0c6&apiKey=dcc32505f6134b818ec7ce60b1d5b0c6
2025-03-26 15:36:06,831 - INFO - Saved dataset to results/datasets\v13.csv
2025-03-26 15:36:07,339 - INFO - Saved dataset to results/datasets\v15.csv
2025-03-26 15:36:07,827 - INFO - Saved dataset to results/datasets\v10.csv
2025-03-26 15:36:08,242 - INFO - Saved dataset to results/datasets\v7.csv
2025-03-26 15:36:08,651 - INFO - Saved dataset to results/datasets\v11.csv
2025-03-26 15:36:09,291 - INFO - Saved dataset to results/datasets\v7.csv
2025-03-26 15:36:09,671 - INFO - Saved dataset to results/datasets\v8.csv
2025-03-26 15:36:10,227 - INFO - Saved dataset to results/datasets\v9.csv
2025-03-26 15:36:12,314 - INFO - Saved dataset to results/datasets\v10.csv
2025-03-26 15:36:12,818 - INFO - Saved dataset to results/datasets\v6.csv
2025-03-26 15:36:13,216 - INFO - Saved dataset to results/datasets\v8.csv
2025-03-26 15:36:13,819 - INFO - Saved dataset to results/datasets\v6.csv
2025-03-26 15:36:14,209 - INFO - Saved dataset to results/datasets\v9.csv
2025-03-26 15:36:15,095 - INFO - Saved dataset to results/datasets\v8.csv
2025-03-26 15:36:17,905 - INFO - Saved dataset to results/datasets\v6.csv
2025-03-26 15:36:18,301 - INFO - Saved dataset to results/datasets\v6.csv
2025-03-26 15:36:18,756 - INFO - Saved dataset to results/datasets\v19.csv
2025-03-26 15:36:19,333 - INFO - Saved dataset to results/datasets\v12.csv
2025-03-26 15:36:22,207 - INFO - Saved dataset to results/datasets\v10.csv
2025-03-26 15:36:23,243 - INFO - Saved dataset to results/datasets\v1.csv
2025-03-26 15:36:23,660 - INFO - Saved dataset to results/datasets\v5.csv
2025-03-26 15:36:24,040 - INFO - Saved dataset to results/datasets\v10.csv
2025-03-26 15:36:24,544 - INFO - Saved dataset to results/datasets\v15.csv
2025-03-26 15:36:24,981 - INFO - Saved dataset to results/datasets\v13.csv
2025-03-26 15:36:25,380 - INFO - Saved dataset to results/datasets\v12.csv
2025-03-26 15:36:25,890 - INFO - Saved dataset to results/datasets\v7.csv
2025-03-26 15:36:26,369 - INFO - Saved dataset to results/datasets\v3.csv
2025-03-26 15:36:26,864 - ERROR - Failed to fetch https://data.egov.kz/api/v4/bir_tereze_kagidaty_boiynsha_i/?apiKey=dcc32505f6134b818ec7ce60b1d5b0c6: 404 Client Error: Not Found for url: https://data.egov.kz/api/v4/bir_tereze_kagidaty_boiynsha_i/?apiKey=dcc32505f6134b818ec7ce60b1d5b0c6&apiKey=dcc32505f6134b818ec7ce60b1d5b0c6
2025-03-26 15:36:27,349 - INFO - Saved dataset to results/datasets\v9.csv
2025-03-26 15:36:27,816 - INFO - Saved dataset to results/datasets\v1.csv
2025-03-26 15:36:28,435 - INFO - Saved dataset to results/datasets\v8.csv
2025-03-26 15:36:29,008 - INFO - Saved dataset to results/datasets\v2.csv
2025-03-26 15:36:29,621 - INFO - Saved dataset to results/datasets\v1.csv
2025-03-26 15:36:32,058 - INFO - Saved dataset to results/datasets\v9.csv
2025-03-26 15:36:32,550 - INFO - Saved dataset to results/datasets\v4.csv
2025-03-26 15:36:33,052 - INFO - Saved dataset to results/datasets\v4.csv
2025-03-26 15:36:33,520 - INFO - Saved dataset to results/datasets\v1.csv
2025-03-26 15:36:33,922 - INFO - Saved dataset to results/datasets\v4.csv
2025-03-26 15:36:34,374 - INFO - Saved dataset to results/datasets\v4.csv
2025-03-26 15:36:34,734 - INFO - Saved dataset to results/datasets\v6.csv
2025-03-26 15:36:35,284 - INFO - Saved dataset to results/datasets\v3.csv
2025-03-26 15:36:35,718 - INFO - Saved dataset to results/datasets\v4.csv
2025-03-26 15:36:36,104 - INFO - Saved dataset to results/datasets\v4.csv
2025-03-26 15:36:36,574 - INFO - Saved dataset to results/datasets\v5.csv
2025-03-26 15:36:37,343 - INFO - Saved dataset to results/datasets\v3.csv
2025-03-26 15:36:38,608 - INFO - Saved dataset to results/datasets\v3.csv
2025-03-26 15:36:39,142 - INFO - Saved dataset to results/datasets\v9.csv
2025-03-26 15:36:39,570 - INFO - Saved dataset to results/datasets\v3.csv
2025-03-26 15:36:39,950 - INFO - Saved dataset to results/datasets\v10.csv
2025-03-26 15:36:40,854 - INFO - Saved dataset to results/datasets\v5.csv
2025-03-26 15:36:41,232 - INFO - Saved dataset to results/datasets\v6.csv
2025-03-26 15:36:41,605 - INFO - Saved dataset to results/datasets\v6.csv
2025-03-26 15:36:42,079 - INFO - Saved dataset to results/datasets\v5.csv
2025-03-26 15:36:42,438 - INFO - Saved dataset to results/datasets\v5.csv
2025-03-26 15:36:42,895 - INFO - Saved dataset to results/datasets\v6.csv
2025-03-26 15:36:43,338 - INFO - Saved dataset to results/datasets\v1.csv
2025-03-26 15:36:44,028 - INFO - Saved dataset to results/datasets\v3.csv
2025-03-26 15:36:44,464 - INFO - Saved dataset to results/datasets\v12.csv
2025-03-26 15:36:46,812 - INFO - Saved dataset to results/datasets\v11.csv
2025-03-26 15:36:47,685 - INFO - Saved dataset to results/datasets\v11.csv
2025-03-26 15:36:48,601 - INFO - Saved dataset to results/datasets\v11.csv
2025-03-26 15:36:49,129 - INFO - Saved dataset to results/datasets\v5.csv
2025-03-26 15:36:49,514 - INFO - Saved dataset to results/datasets\v10.csv
2025-03-26 15:36:49,941 - INFO - Saved dataset to results/datasets\v10.csv
2025-03-26 15:36:50,368 - INFO - Saved dataset to results/datasets\v10.csv
2025-03-26 15:36:50,730 - INFO - Saved dataset to results/datasets\v12.csv
2025-03-26 15:36:51,120 - INFO - Saved dataset to results/datasets\v12.csv
2025-03-26 15:36:51,506 - INFO - Saved dataset to results/datasets\v9.csv
2025-03-26 15:36:51,915 - INFO - Saved dataset to results/datasets\v20.csv
2025-03-26 15:36:52,428 - INFO - Saved dataset to results/datasets\v11.csv
2025-03-26 15:36:54,393 - INFO - Saved dataset to results/datasets\v5.csv
2025-03-26 15:36:55,116 - INFO - Saved dataset to results/datasets\v8.csv
2025-03-26 15:36:55,761 - INFO - Saved dataset to results/datasets\v9.csv
2025-03-26 15:36:56,361 - INFO - Saved dataset to results/datasets\v10.csv
2025-03-26 15:36:56,776 - INFO - Saved dataset to results/datasets\v14.csv
2025-03-26 15:36:57,800 - INFO - Saved dataset to results/datasets\v10.csv
2025-03-26 15:37:00,101 - INFO - Saved dataset to results/datasets\v18.csv
2025-03-26 15:37:02,461 - INFO - Saved dataset to results/datasets\v12.csv
2025-03-26 15:37:03,006 - INFO - Saved dataset to results/datasets\v9.csv
2025-03-26 15:37:03,591 - INFO - Saved dataset to results/datasets\v14.csv
2025-03-26 15:37:04,052 - INFO - Saved dataset to results/datasets\v11.csv
2025-03-26 15:37:04,788 - INFO - Saved dataset to results/datasets\v15.csv
2025-03-26 15:37:05,173 - INFO - Saved dataset to results/datasets\v7.csv
2025-03-26 15:37:06,650 - INFO - Saved dataset to results/datasets\v10.csv
2025-03-26 15:37:09,201 - INFO - Saved dataset to results/datasets\v11.csv
2025-03-26 15:37:09,653 - INFO - Saved dataset to results/datasets\v10.csv
2025-03-26 15:37:10,044 - INFO - Saved dataset to results/datasets\v10.csv
2025-03-26 15:37:10,461 - INFO - Saved dataset to results/datasets\v12.csv
2025-03-26 15:37:11,091 - INFO - Saved dataset to results/datasets\v9.csv
2025-03-26 15:37:11,592 - INFO - Saved dataset to results/datasets\v10.csv
2025-03-26 15:37:12,063 - INFO - Saved dataset to results/datasets\v13.csv
2025-03-26 15:37:12,549 - INFO - Saved dataset to results/datasets\v2.csv
2025-03-26 15:37:13,065 - INFO - Saved dataset to results/datasets\v3.csv
2025-03-26 15:37:13,698 - INFO - Saved dataset to results/datasets\v10.csv
2025-03-26 15:37:15,036 - INFO - Saved dataset to results/datasets\v13.csv
2025-03-26 15:37:16,044 - INFO - Saved dataset to results/datasets\v3.csv
2025-03-26 15:37:16,860 - INFO - Saved dataset to results/datasets\v3.csv
2025-03-26 15:37:19,017 - INFO - Saved dataset to results/datasets\v10.csv
2025-03-26 15:37:19,584 - INFO - Saved dataset to results/datasets\v9.csv
2025-03-26 15:37:19,969 - INFO - Saved dataset to results/datasets\v8.csv
2025-03-26 15:37:20,338 - INFO - Saved dataset to results/datasets\v10.csv
2025-03-26 15:37:20,772 - INFO - Saved dataset to results/datasets\v10.csv
2025-03-26 15:37:21,146 - INFO - Saved dataset to results/datasets\v2.csv
2025-03-26 15:37:22,140 - INFO - Saved dataset to results/datasets\v7.csv
2025-03-26 15:37:22,561 - INFO - Saved dataset to results/datasets\v1.csv
2025-03-26 15:37:23,201 - INFO - Saved dataset to results/datasets\v1.csv
2025-03-26 15:37:23,917 - INFO - Saved dataset to results/datasets\v4.csv
2025-03-26 15:37:25,424 - INFO - Saved dataset to results/datasets\v4.csv
2025-03-26 15:37:25,883 - INFO - Saved dataset to results/datasets\v6.csv
2025-03-26 15:37:26,720 - INFO - Saved dataset to results/datasets\v5.csv
2025-03-26 15:37:27,263 - INFO - Saved dataset to results/datasets\v2.csv
2025-03-26 15:37:27,634 - INFO - Saved dataset to results/datasets\v2.csv
