2025-03-21 03:28:22,479 - ERROR - Ошибка в основной функции: Message: invalid session id
Stacktrace:
	GetHandleVerifier [0x00D0B593+24387]
	(No symbol) [0x00C958F4]
	(No symbol) [0x00B705CE]
	(No symbol) [0x00BABA28]
	(No symbol) [0x00BDD706]
	(No symbol) [0x00BD90D2]
	(No symbol) [0x00BD8646]
	(No symbol) [0x00B43245]
	(No symbol) [0x00B4379E]
	(No symbol) [0x00B43C1D]
	GetHandleVerifier [0x0100D873+3179043]
	GetHandleVerifier [0x01026CE9+3282585]
	GetHandleVerifier [0x0102166C+3260444]
	GetHandleVerifier [0x00DA4320+650448]
	(No symbol) [0x00C9ECFD]
	(No symbol) [0x00B42F10]
	(No symbol) [0x00B42ACA]
	GetHandleVerifier [0x010A367C+3792940]
	BaseThreadInitThunk [0x755E5D49+25]
	RtlInitializeExceptionChain [0x7753CE3B+107]
	RtlGetAppContainerNamedObjectPath [0x7753CDC1+561]

2025-03-21 03:52:02,125 - ERROR - Ошибка в основной функции: Message: unknown error: net::ERR_CONNECTION_TIMED_OUT
  (Session info: chrome=134.0.6998.118)
Stacktrace:
	GetHandleVerifier [0x00D0B593+24387]
	(No symbol) [0x00C958F4]
	(No symbol) [0x00B70753]
	(No symbol) [0x00B6DB9E]
	(No symbol) [0x00B614B8]
	(No symbol) [0x00B62DC0]
	(No symbol) [0x00B61747]
	(No symbol) [0x00B612A3]
	(No symbol) [0x00B60FB1]
	(No symbol) [0x00B5EE80]
	(No symbol) [0x00B5F91B]
	(No symbol) [0x00B7420E]
	(No symbol) [0x00BFFDE7]
	(No symbol) [0x00BDD84C]
	(No symbol) [0x00BFF138]
	(No symbol) [0x00BDD646]
	(No symbol) [0x00BAC59F]
	(No symbol) [0x00BAD8E4]
	GetHandleVerifier [0x0100D873+3179043]
	GetHandleVerifier [0x01026CE9+3282585]
	GetHandleVerifier [0x0102166C+3260444]
	GetHandleVerifier [0x00DA4320+650448]
	(No symbol) [0x00C9ECFD]
	(No symbol) [0x00C9BAE8]
	(No symbol) [0x00C9BC89]
	(No symbol) [0x00C8E520]
	BaseThreadInitThunk [0x755E5D49+25]
	RtlInitializeExceptionChain [0x7753CE3B+107]
	RtlGetAppContainerNamedObjectPath [0x7753CDC1+561]

2025-03-21 03:53:09,066 - ERROR - Ошибка в основной функции: Message: no such window: target window already closed
from unknown error: web view not found
  (Session info: chrome=134.0.6998.118)
Stacktrace:
	GetHandleVerifier [0x00D0B593+24387]
	(No symbol) [0x00C958F4]
	(No symbol) [0x00B70753]
	(No symbol) [0x00B4F83E]
	(No symbol) [0x00BE454E]
	(No symbol) [0x00BFEA19]
	(No symbol) [0x00BDD646]
	(No symbol) [0x00BAC59F]
	(No symbol) [0x00BAD8E4]
	GetHandleVerifier [0x0100D873+3179043]
	GetHandleVerifier [0x01026CE9+3282585]
	GetHandleVerifier [0x0102166C+3260444]
	GetHandleVerifier [0x00DA4320+650448]
	(No symbol) [0x00C9ECFD]
	(No symbol) [0x00C9BAE8]
	(No symbol) [0x00C9BC89]
	(No symbol) [0x00C8E520]
	BaseThreadInitThunk [0x755E5D49+25]
	RtlInitializeExceptionChain [0x7753CE3B+107]
	RtlGetAppContainerNamedObjectPath [0x7753CDC1+561]

