2025-03-21 03:28:22,479 - ERROR - Ошибка в основной функции: Message: invalid session id
Stacktrace:
	GetHandleVerifier [0x00D0B593+24387]
	(No symbol) [0x00C958F4]
	(No symbol) [0x00B705CE]
	(No symbol) [0x00BABA28]
	(No symbol) [0x00BDD706]
	(No symbol) [0x00BD90D2]
	(No symbol) [0x00BD8646]
	(No symbol) [0x00B43245]
	(No symbol) [0x00B4379E]
	(No symbol) [0x00B43C1D]
	GetHandleVerifier [0x0100D873+3179043]
	GetHandleVerifier [0x01026CE9+3282585]
	GetHandleVerifier [0x0102166C+3260444]
	GetHandleVerifier [0x00DA4320+650448]
	(No symbol) [0x00C9ECFD]
	(No symbol) [0x00B42F10]
	(No symbol) [0x00B42ACA]
	GetHandleVerifier [0x010A367C+3792940]
	BaseThreadInitThunk [0x755E5D49+25]
	RtlInitializeExceptionChain [0x7753CE3B+107]
	RtlGetAppContainerNamedObjectPath [0x7753CDC1+561]

2025-03-21 03:52:02,125 - ERROR - Ошибка в основной функции: Message: unknown error: net::ERR_CONNECTION_TIMED_OUT
  (Session info: chrome=134.0.6998.118)
Stacktrace:
	GetHandleVerifier [0x00D0B593+24387]
	(No symbol) [0x00C958F4]
	(No symbol) [0x00B70753]
	(No symbol) [0x00B6DB9E]
	(No symbol) [0x00B614B8]
	(No symbol) [0x00B62DC0]
	(No symbol) [0x00B61747]
	(No symbol) [0x00B612A3]
	(No symbol) [0x00B60FB1]
	(No symbol) [0x00B5EE80]
	(No symbol) [0x00B5F91B]
	(No symbol) [0x00B7420E]
	(No symbol) [0x00BFFDE7]
	(No symbol) [0x00BDD84C]
	(No symbol) [0x00BFF138]
	(No symbol) [0x00BDD646]
	(No symbol) [0x00BAC59F]
	(No symbol) [0x00BAD8E4]
	GetHandleVerifier [0x0100D873+3179043]
	GetHandleVerifier [0x01026CE9+3282585]
	GetHandleVerifier [0x0102166C+3260444]
	GetHandleVerifier [0x00DA4320+650448]
	(No symbol) [0x00C9ECFD]
	(No symbol) [0x00C9BAE8]
	(No symbol) [0x00C9BC89]
	(No symbol) [0x00C8E520]
	BaseThreadInitThunk [0x755E5D49+25]
	RtlInitializeExceptionChain [0x7753CE3B+107]
	RtlGetAppContainerNamedObjectPath [0x7753CDC1+561]

2025-03-21 03:53:09,066 - ERROR - Ошибка в основной функции: Message: no such window: target window already closed
from unknown error: web view not found
  (Session info: chrome=134.0.6998.118)
Stacktrace:
	GetHandleVerifier [0x00D0B593+24387]
	(No symbol) [0x00C958F4]
	(No symbol) [0x00B70753]
	(No symbol) [0x00B4F83E]
	(No symbol) [0x00BE454E]
	(No symbol) [0x00BFEA19]
	(No symbol) [0x00BDD646]
	(No symbol) [0x00BAC59F]
	(No symbol) [0x00BAD8E4]
	GetHandleVerifier [0x0100D873+3179043]
	GetHandleVerifier [0x01026CE9+3282585]
	GetHandleVerifier [0x0102166C+3260444]
	GetHandleVerifier [0x00DA4320+650448]
	(No symbol) [0x00C9ECFD]
	(No symbol) [0x00C9BAE8]
	(No symbol) [0x00C9BC89]
	(No symbol) [0x00C8E520]
	BaseThreadInitThunk [0x755E5D49+25]
	RtlInitializeExceptionChain [0x7753CE3B+107]
	RtlGetAppContainerNamedObjectPath [0x7753CDC1+561]

2025-03-21 13:18:54,157 - ERROR - Error in main function: [Errno 2] No such file or directory: 'datasources/getstatisticsbyquasiorgagencies.json'
2025-03-21 14:13:51,476 - ERROR - Ошибка в основной функции: Message: invalid session id
Stacktrace:
	GetHandleVerifier [0x0048B593+24387]
	(No symbol) [0x004158F4]
	(No symbol) [0x002F05CE]
	(No symbol) [0x0032BA28]
	(No symbol) [0x0035D706]
	(No symbol) [0x003590D2]
	(No symbol) [0x00358646]
	(No symbol) [0x002C3245]
	(No symbol) [0x002C379E]
	(No symbol) [0x002C3C1D]
	GetHandleVerifier [0x0078D873+3179043]
	GetHandleVerifier [0x007A6CE9+3282585]
	GetHandleVerifier [0x007A166C+3260444]
	GetHandleVerifier [0x00524320+650448]
	(No symbol) [0x0041ECFD]
	(No symbol) [0x002C2F10]
	(No symbol) [0x002C2ACA]
	GetHandleVerifier [0x0082367C+3792940]
	BaseThreadInitThunk [0x755E5D49+25]
	RtlInitializeExceptionChain [0x7753CE3B+107]
	RtlGetAppContainerNamedObjectPath [0x7753CDC1+561]

2025-03-21 14:24:23,526 - ERROR - Ошибка в основной функции: Message: no such window: target window already closed
from unknown error: web view not found
  (Session info: chrome=134.0.6998.118)
Stacktrace:
	GetHandleVerifier [0x0048B593+24387]
	(No symbol) [0x004158F4]
	(No symbol) [0x002F0753]
	(No symbol) [0x002CF83E]
	(No symbol) [0x0036454E]
	(No symbol) [0x0037EA19]
	(No symbol) [0x0035D646]
	(No symbol) [0x0032C59F]
	(No symbol) [0x0032D8E4]
	GetHandleVerifier [0x0078D873+3179043]
	GetHandleVerifier [0x007A6CE9+3282585]
	GetHandleVerifier [0x007A166C+3260444]
	GetHandleVerifier [0x00524320+650448]
	(No symbol) [0x0041ECFD]
	(No symbol) [0x0041BAE8]
	(No symbol) [0x0041BC89]
	(No symbol) [0x0040E520]
	BaseThreadInitThunk [0x755E5D49+25]
	RtlInitializeExceptionChain [0x7753CE3B+107]
	RtlGetAppContainerNamedObjectPath [0x7753CDC1+561]

2025-03-21 14:30:31,671 - ERROR - Ошибка в основной функции: [Errno 2] No such file or directory: 'datasources/getstatisticsbyquasiorgagencies.json'
2025-03-21 15:03:46,601 - ERROR - Error in main function: [Errno 2] No such file or directory: 'datasources/getstatisticsbyquasiorgagencies.json'
2025-03-21 15:15:25,230 - ERROR - Error in main function: [Errno 2] No such file or directory: 'datasources/getstatisticsbyquasiorgagencies.json'
2025-03-21 15:23:58,263 - ERROR - Error in main function: [Errno 2] No such file or directory: 'datasources/getstatisticsbyquasiorgagencies.json'
2025-03-21 15:45:45,596 - ERROR - Error in main function: Message: invalid argument: 'url' must be a string
  (Session info: chrome=134.0.6998.118)
Stacktrace:
	GetHandleVerifier [0x00C2B593+24387]
	(No symbol) [0x00BB58F4]
	(No symbol) [0x00A90753]
	(No symbol) [0x00B1FEAE]
	(No symbol) [0x00AFD84C]
	(No symbol) [0x00B1F138]
	(No symbol) [0x00AFD646]
	(No symbol) [0x00ACC59F]
	(No symbol) [0x00ACD8E4]
	GetHandleVerifier [0x00F2D873+3179043]
	GetHandleVerifier [0x00F46CE9+3282585]
	GetHandleVerifier [0x00F4166C+3260444]
	GetHandleVerifier [0x00CC4320+650448]
	(No symbol) [0x00BBECFD]
	(No symbol) [0x00BBBAE8]
	(No symbol) [0x00BBBC89]
	(No symbol) [0x00BAE520]
	BaseThreadInitThunk [0x755E5D49+25]
	RtlInitializeExceptionChain [0x7753CE3B+107]
	RtlGetAppContainerNamedObjectPath [0x7753CDC1+561]

2025-03-21 15:53:03,008 - ERROR - Error in main function: Message: invalid argument: 'url' must be a string
  (Session info: chrome=134.0.6998.118)
Stacktrace:
	GetHandleVerifier [0x00C2B593+24387]
	(No symbol) [0x00BB58F4]
	(No symbol) [0x00A90753]
	(No symbol) [0x00B1FEAE]
	(No symbol) [0x00AFD84C]
	(No symbol) [0x00B1F138]
	(No symbol) [0x00AFD646]
	(No symbol) [0x00ACC59F]
	(No symbol) [0x00ACD8E4]
	GetHandleVerifier [0x00F2D873+3179043]
	GetHandleVerifier [0x00F46CE9+3282585]
	GetHandleVerifier [0x00F4166C+3260444]
	GetHandleVerifier [0x00CC4320+650448]
	(No symbol) [0x00BBECFD]
	(No symbol) [0x00BBBAE8]
	(No symbol) [0x00BBBC89]
	(No symbol) [0x00BAE520]
	BaseThreadInitThunk [0x755E5D49+25]
	RtlInitializeExceptionChain [0x7753CE3B+107]
	RtlGetAppContainerNamedObjectPath [0x7753CDC1+561]

2025-03-21 16:04:59,050 - ERROR - Data link not found for https://data.egov.kz/datasets/view?index=gp_od_service_ediniy: Message: 
Stacktrace:
	GetHandleVerifier [0x00C2B593+24387]
	(No symbol) [0x00BB58F4]
	(No symbol) [0x00A90753]
	(No symbol) [0x00AD8BA9]
	(No symbol) [0x00AD8EFB]
	(No symbol) [0x00B219C2]
	(No symbol) [0x00AFD894]
	(No symbol) [0x00B1F138]
	(No symbol) [0x00AFD646]
	(No symbol) [0x00ACC59F]
	(No symbol) [0x00ACD8E4]
	GetHandleVerifier [0x00F2D873+3179043]
	GetHandleVerifier [0x00F46CE9+3282585]
	GetHandleVerifier [0x00F4166C+3260444]
	GetHandleVerifier [0x00CC4320+650448]
	(No symbol) [0x00BBECFD]
	(No symbol) [0x00BBBAE8]
	(No symbol) [0x00BBBC89]
	(No symbol) [0x00BAE520]
	BaseThreadInitThunk [0x755E5D49+25]
	RtlInitializeExceptionChain [0x7753CE3B+107]
	RtlGetAppContainerNamedObjectPath [0x7753CDC1+561]

2025-03-21 16:05:14,802 - ERROR - Data link not found for https://data.egov.kz/datasets/view?index=gp_od_service_1m: Message: 
Stacktrace:
	GetHandleVerifier [0x00C2B593+24387]
	(No symbol) [0x00BB58F4]
	(No symbol) [0x00A90753]
	(No symbol) [0x00AD8BA9]
	(No symbol) [0x00AD8EFB]
	(No symbol) [0x00B219C2]
	(No symbol) [0x00AFD894]
	(No symbol) [0x00B1F138]
	(No symbol) [0x00AFD646]
	(No symbol) [0x00ACC59F]
	(No symbol) [0x00ACD8E4]
	GetHandleVerifier [0x00F2D873+3179043]
	GetHandleVerifier [0x00F46CE9+3282585]
	GetHandleVerifier [0x00F4166C+3260444]
	GetHandleVerifier [0x00CC4320+650448]
	(No symbol) [0x00BBECFD]
	(No symbol) [0x00BBBAE8]
	(No symbol) [0x00BBBC89]
	(No symbol) [0x00BAE520]
	BaseThreadInitThunk [0x755E5D49+25]
	RtlInitializeExceptionChain [0x7753CE3B+107]
	RtlGetAppContainerNamedObjectPath [0x7753CDC1+561]

2025-03-21 16:05:30,512 - ERROR - Data link not found for https://data.egov.kz/datasets/view?index=gp_od_service_1n: Message: 
Stacktrace:
	GetHandleVerifier [0x00C2B593+24387]
	(No symbol) [0x00BB58F4]
	(No symbol) [0x00A90753]
	(No symbol) [0x00AD8BA9]
	(No symbol) [0x00AD8EFB]
	(No symbol) [0x00B219C2]
	(No symbol) [0x00AFD894]
	(No symbol) [0x00B1F138]
	(No symbol) [0x00AFD646]
	(No symbol) [0x00ACC59F]
	(No symbol) [0x00ACD8E4]
	GetHandleVerifier [0x00F2D873+3179043]
	GetHandleVerifier [0x00F46CE9+3282585]
	GetHandleVerifier [0x00F4166C+3260444]
	GetHandleVerifier [0x00CC4320+650448]
	(No symbol) [0x00BBECFD]
	(No symbol) [0x00BBBAE8]
	(No symbol) [0x00BBBC89]
	(No symbol) [0x00BAE520]
	BaseThreadInitThunk [0x755E5D49+25]
	RtlInitializeExceptionChain [0x7753CE3B+107]
	RtlGetAppContainerNamedObjectPath [0x7753CDC1+561]

2025-03-21 16:05:46,808 - ERROR - Data link not found for https://data.egov.kz/datasets/view?index=gp_od_service_1ol1: Message: 
Stacktrace:
	GetHandleVerifier [0x00C2B593+24387]
	(No symbol) [0x00BB58F4]
	(No symbol) [0x00A90753]
	(No symbol) [0x00AD8BA9]
	(No symbol) [0x00AD8EFB]
	(No symbol) [0x00B219C2]
	(No symbol) [0x00AFD894]
	(No symbol) [0x00B1F138]
	(No symbol) [0x00AFD646]
	(No symbol) [0x00ACC59F]
	(No symbol) [0x00ACD8E4]
	GetHandleVerifier [0x00F2D873+3179043]
	GetHandleVerifier [0x00F46CE9+3282585]
	GetHandleVerifier [0x00F4166C+3260444]
	GetHandleVerifier [0x00CC4320+650448]
	(No symbol) [0x00BBECFD]
	(No symbol) [0x00BBBAE8]
	(No symbol) [0x00BBBC89]
	(No symbol) [0x00BAE520]
	BaseThreadInitThunk [0x755E5D49+25]
	RtlInitializeExceptionChain [0x7753CE3B+107]
	RtlGetAppContainerNamedObjectPath [0x7753CDC1+561]

2025-03-21 16:06:04,052 - ERROR - Data link not found for https://data.egov.kz/datasets/view?index=gp_od_service_1e: Message: 
Stacktrace:
	GetHandleVerifier [0x00C2B593+24387]
	(No symbol) [0x00BB58F4]
	(No symbol) [0x00A90753]
	(No symbol) [0x00AD8BA9]
	(No symbol) [0x00AD8EFB]
	(No symbol) [0x00B219C2]
	(No symbol) [0x00AFD894]
	(No symbol) [0x00B1F138]
	(No symbol) [0x00AFD646]
	(No symbol) [0x00ACC59F]
	(No symbol) [0x00ACD8E4]
	GetHandleVerifier [0x00F2D873+3179043]
	GetHandleVerifier [0x00F46CE9+3282585]
	GetHandleVerifier [0x00F4166C+3260444]
	GetHandleVerifier [0x00CC4320+650448]
	(No symbol) [0x00BBECFD]
	(No symbol) [0x00BBBAE8]
	(No symbol) [0x00BBBC89]
	(No symbol) [0x00BAE520]
	BaseThreadInitThunk [0x755E5D49+25]
	RtlInitializeExceptionChain [0x7753CE3B+107]
	RtlGetAppContainerNamedObjectPath [0x7753CDC1+561]

2025-03-21 16:06:21,126 - ERROR - Data link not found for https://data.egov.kz/datasets/view?index=gp_od_service_dtp1: Message: 
Stacktrace:
	GetHandleVerifier [0x00C2B593+24387]
	(No symbol) [0x00BB58F4]
	(No symbol) [0x00A90753]
	(No symbol) [0x00AD8BA9]
	(No symbol) [0x00AD8EFB]
	(No symbol) [0x00B219C2]
	(No symbol) [0x00AFD894]
	(No symbol) [0x00B1F138]
	(No symbol) [0x00AFD646]
	(No symbol) [0x00ACC59F]
	(No symbol) [0x00ACD8E4]
	GetHandleVerifier [0x00F2D873+3179043]
	GetHandleVerifier [0x00F46CE9+3282585]
	GetHandleVerifier [0x00F4166C+3260444]
	GetHandleVerifier [0x00CC4320+650448]
	(No symbol) [0x00BBECFD]
	(No symbol) [0x00BBBAE8]
	(No symbol) [0x00BBBC89]
	(No symbol) [0x00BAE520]
	BaseThreadInitThunk [0x755E5D49+25]
	RtlInitializeExceptionChain [0x7753CE3B+107]
	RtlGetAppContainerNamedObjectPath [0x7753CDC1+561]

2025-03-21 16:06:37,442 - ERROR - Data link not found for https://data.egov.kz/datasets/view?index=gp_od_service_1: Message: 
Stacktrace:
	GetHandleVerifier [0x00C2B593+24387]
	(No symbol) [0x00BB58F4]
	(No symbol) [0x00A90753]
	(No symbol) [0x00AD8BA9]
	(No symbol) [0x00AD8EFB]
	(No symbol) [0x00B219C2]
	(No symbol) [0x00AFD894]
	(No symbol) [0x00B1F138]
	(No symbol) [0x00AFD646]
	(No symbol) [0x00ACC59F]
	(No symbol) [0x00ACD8E4]
	GetHandleVerifier [0x00F2D873+3179043]
	GetHandleVerifier [0x00F46CE9+3282585]
	GetHandleVerifier [0x00F4166C+3260444]
	GetHandleVerifier [0x00CC4320+650448]
	(No symbol) [0x00BBECFD]
	(No symbol) [0x00BBBAE8]
	(No symbol) [0x00BBBC89]
	(No symbol) [0x00BAE520]
	BaseThreadInitThunk [0x755E5D49+25]
	RtlInitializeExceptionChain [0x7753CE3B+107]
	RtlGetAppContainerNamedObjectPath [0x7753CDC1+561]

2025-03-21 16:06:53,341 - ERROR - Data link not found for https://data.egov.kz/datasets/view?index=gp_od_service_2: Message: 
Stacktrace:
	GetHandleVerifier [0x00C2B593+24387]
	(No symbol) [0x00BB58F4]
	(No symbol) [0x00A90753]
	(No symbol) [0x00AD8BA9]
	(No symbol) [0x00AD8EFB]
	(No symbol) [0x00B219C2]
	(No symbol) [0x00AFD894]
	(No symbol) [0x00B1F138]
	(No symbol) [0x00AFD646]
	(No symbol) [0x00ACC59F]
	(No symbol) [0x00ACD8E4]
	GetHandleVerifier [0x00F2D873+3179043]
	GetHandleVerifier [0x00F46CE9+3282585]
	GetHandleVerifier [0x00F4166C+3260444]
	GetHandleVerifier [0x00CC4320+650448]
	(No symbol) [0x00BBECFD]
	(No symbol) [0x00BBBAE8]
	(No symbol) [0x00BBBC89]
	(No symbol) [0x00BAE520]
	BaseThreadInitThunk [0x755E5D49+25]
	RtlInitializeExceptionChain [0x7753CE3B+107]
	RtlGetAppContainerNamedObjectPath [0x7753CDC1+561]

2025-03-21 16:07:09,374 - ERROR - Data link not found for https://data.egov.kz/datasets/view?index=gp_od_service_1zh: Message: 
Stacktrace:
	GetHandleVerifier [0x00C2B593+24387]
	(No symbol) [0x00BB58F4]
	(No symbol) [0x00A90753]
	(No symbol) [0x00AD8BA9]
	(No symbol) [0x00AD8EFB]
	(No symbol) [0x00B219C2]
	(No symbol) [0x00AFD894]
	(No symbol) [0x00B1F138]
	(No symbol) [0x00AFD646]
	(No symbol) [0x00ACC59F]
	(No symbol) [0x00ACD8E4]
	GetHandleVerifier [0x00F2D873+3179043]
	GetHandleVerifier [0x00F46CE9+3282585]
	GetHandleVerifier [0x00F4166C+3260444]
	GetHandleVerifier [0x00CC4320+650448]
	(No symbol) [0x00BBECFD]
	(No symbol) [0x00BBBAE8]
	(No symbol) [0x00BBBC89]
	(No symbol) [0x00BAE520]
	BaseThreadInitThunk [0x755E5D49+25]
	RtlInitializeExceptionChain [0x7753CE3B+107]
	RtlGetAppContainerNamedObjectPath [0x7753CDC1+561]

2025-03-21 16:07:26,297 - ERROR - Data link not found for https://data.egov.kz/datasets/view?index=gp_od_service_6: Message: 
Stacktrace:
	GetHandleVerifier [0x00C2B593+24387]
	(No symbol) [0x00BB58F4]
	(No symbol) [0x00A90753]
	(No symbol) [0x00AD8BA9]
	(No symbol) [0x00AD8EFB]
	(No symbol) [0x00B219C2]
	(No symbol) [0x00AFD894]
	(No symbol) [0x00B1F138]
	(No symbol) [0x00AFD646]
	(No symbol) [0x00ACC59F]
	(No symbol) [0x00ACD8E4]
	GetHandleVerifier [0x00F2D873+3179043]
	GetHandleVerifier [0x00F46CE9+3282585]
	GetHandleVerifier [0x00F4166C+3260444]
	GetHandleVerifier [0x00CC4320+650448]
	(No symbol) [0x00BBECFD]
	(No symbol) [0x00BBBAE8]
	(No symbol) [0x00BBBC89]
	(No symbol) [0x00BAE520]
	BaseThreadInitThunk [0x755E5D49+25]
	RtlInitializeExceptionChain [0x7753CE3B+107]
	RtlGetAppContainerNamedObjectPath [0x7753CDC1+561]

2025-03-21 16:08:47,001 - ERROR - Data link not found for https://data.egov.kz/datasets/view?index=kazakstan_respublikasy_azamatt1: Message: 
Stacktrace:
	GetHandleVerifier [0x00C2B593+24387]
	(No symbol) [0x00BB58F4]
	(No symbol) [0x00A90753]
	(No symbol) [0x00AD8BA9]
	(No symbol) [0x00AD8EFB]
	(No symbol) [0x00B219C2]
	(No symbol) [0x00AFD894]
	(No symbol) [0x00B1F138]
	(No symbol) [0x00AFD646]
	(No symbol) [0x00ACC59F]
	(No symbol) [0x00ACD8E4]
	GetHandleVerifier [0x00F2D873+3179043]
	GetHandleVerifier [0x00F46CE9+3282585]
	GetHandleVerifier [0x00F4166C+3260444]
	GetHandleVerifier [0x00CC4320+650448]
	(No symbol) [0x00BBECFD]
	(No symbol) [0x00BBBAE8]
	(No symbol) [0x00BBBC89]
	(No symbol) [0x00BAE520]
	BaseThreadInitThunk [0x755E5D49+25]
	RtlInitializeExceptionChain [0x7753CE3B+107]
	RtlGetAppContainerNamedObjectPath [0x7753CDC1+561]

2025-03-21 16:09:02,229 - ERROR - Data link not found for https://data.egov.kz/datasets/view?index=onirler_boiynsha_turgylykty_zh1: Message: 
Stacktrace:
	GetHandleVerifier [0x00C2B593+24387]
	(No symbol) [0x00BB58F4]
	(No symbol) [0x00A90753]
	(No symbol) [0x00AD8BA9]
	(No symbol) [0x00AD8EFB]
	(No symbol) [0x00B219C2]
	(No symbol) [0x00AFD894]
	(No symbol) [0x00B1F138]
	(No symbol) [0x00AFD646]
	(No symbol) [0x00ACC59F]
	(No symbol) [0x00ACD8E4]
	GetHandleVerifier [0x00F2D873+3179043]
	GetHandleVerifier [0x00F46CE9+3282585]
	GetHandleVerifier [0x00F4166C+3260444]
	GetHandleVerifier [0x00CC4320+650448]
	(No symbol) [0x00BBECFD]
	(No symbol) [0x00BBBAE8]
	(No symbol) [0x00BBBC89]
	(No symbol) [0x00BAE520]
	BaseThreadInitThunk [0x755E5D49+25]
	RtlInitializeExceptionChain [0x7753CE3B+107]
	RtlGetAppContainerNamedObjectPath [0x7753CDC1+561]

2025-03-21 16:11:43,585 - ERROR - Error in main function: [Errno 2] No such file or directory: 'datasources/getstatisticsbyquasiorgagencies.json'
2025-03-21 16:29:37,992 - ERROR - Data link not found for https://data.egov.kz/datasets/view?index=kazakstan_respublikasy_azamatt1: Message: 
Stacktrace:
	GetHandleVerifier [0x0032B593+24387]
	(No symbol) [0x002B58F4]
	(No symbol) [0x00190753]
	(No symbol) [0x001D8BA9]
	(No symbol) [0x001D8EFB]
	(No symbol) [0x002219C2]
	(No symbol) [0x001FD894]
	(No symbol) [0x0021F138]
	(No symbol) [0x001FD646]
	(No symbol) [0x001CC59F]
	(No symbol) [0x001CD8E4]
	GetHandleVerifier [0x0062D873+3179043]
	GetHandleVerifier [0x00646CE9+3282585]
	GetHandleVerifier [0x0064166C+3260444]
	GetHandleVerifier [0x003C4320+650448]
	(No symbol) [0x002BECFD]
	(No symbol) [0x002BBAE8]
	(No symbol) [0x002BBC89]
	(No symbol) [0x002AE520]
	BaseThreadInitThunk [0x755E5D49+25]
	RtlInitializeExceptionChain [0x7753CE3B+107]
	RtlGetAppContainerNamedObjectPath [0x7753CDC1+561]
	(No symbol) [0x00000000]

2025-03-21 16:30:03,278 - ERROR - Data link not found for https://data.egov.kz/datasets/view?index=onirler_boiynsha_turgylykty_zh1: Message: 
Stacktrace:
	GetHandleVerifier [0x0032B593+24387]
	(No symbol) [0x002B58F4]
	(No symbol) [0x00190753]
	(No symbol) [0x001D8BA9]
	(No symbol) [0x001D8EFB]
	(No symbol) [0x002219C2]
	(No symbol) [0x001FD894]
	(No symbol) [0x0021F138]
	(No symbol) [0x001FD646]
	(No symbol) [0x001CC59F]
	(No symbol) [0x001CD8E4]
	GetHandleVerifier [0x0062D873+3179043]
	GetHandleVerifier [0x00646CE9+3282585]
	GetHandleVerifier [0x0064166C+3260444]
	GetHandleVerifier [0x003C4320+650448]
	(No symbol) [0x002BECFD]
	(No symbol) [0x002BBAE8]
	(No symbol) [0x002BBC89]
	(No symbol) [0x002AE520]
	BaseThreadInitThunk [0x755E5D49+25]
	RtlInitializeExceptionChain [0x7753CE3B+107]
	RtlGetAppContainerNamedObjectPath [0x7753CDC1+561]
	(No symbol) [0x00000000]

2025-03-21 16:32:58,200 - ERROR - Error in main function: [Errno 2] No such file or directory: 'datasources/getstatisticsbyquasiorgagencies.json'
2025-03-21 17:07:36,518 - ERROR - Data link not found for https://data.egov.kz/datasets/view?index=opendata-api-uri456: Message: 
Stacktrace:
	GetHandleVerifier [0x0088B593+24387]
	(No symbol) [0x008158F4]
	(No symbol) [0x006F0753]
	(No symbol) [0x00738BA9]
	(No symbol) [0x00738EFB]
	(No symbol) [0x007819C2]
	(No symbol) [0x0075D894]
	(No symbol) [0x0077F138]
	(No symbol) [0x0075D646]
	(No symbol) [0x0072C59F]
	(No symbol) [0x0072D8E4]
	GetHandleVerifier [0x00B8D873+3179043]
	GetHandleVerifier [0x00BA6CE9+3282585]
	GetHandleVerifier [0x00BA166C+3260444]
	GetHandleVerifier [0x00924320+650448]
	(No symbol) [0x0081ECFD]
	(No symbol) [0x0081BAE8]
	(No symbol) [0x0081BC89]
	(No symbol) [0x0080E520]
	BaseThreadInitThunk [0x755E5D49+25]
	RtlInitializeExceptionChain [0x7753CE3B+107]
	RtlGetAppContainerNamedObjectPath [0x7753CDC1+561]

2025-03-21 17:08:02,448 - ERROR - Data link not found for https://data.egov.kz/datasets/view?index=zhan_basyna_shakkandagy_ondiri: Message: 
Stacktrace:
	GetHandleVerifier [0x0088B593+24387]
	(No symbol) [0x008158F4]
	(No symbol) [0x006F0753]
	(No symbol) [0x00738BA9]
	(No symbol) [0x00738EFB]
	(No symbol) [0x007819C2]
	(No symbol) [0x0075D894]
	(No symbol) [0x0077F138]
	(No symbol) [0x0075D646]
	(No symbol) [0x0072C59F]
	(No symbol) [0x0072D8E4]
	GetHandleVerifier [0x00B8D873+3179043]
	GetHandleVerifier [0x00BA6CE9+3282585]
	GetHandleVerifier [0x00BA166C+3260444]
	GetHandleVerifier [0x00924320+650448]
	(No symbol) [0x0081ECFD]
	(No symbol) [0x0081BAE8]
	(No symbol) [0x0081BC89]
	(No symbol) [0x0080E520]
	BaseThreadInitThunk [0x755E5D49+25]
	RtlInitializeExceptionChain [0x7753CE3B+107]
	RtlGetAppContainerNamedObjectPath [0x7753CDC1+561]

2025-03-21 17:08:28,322 - ERROR - Data link not found for https://data.egov.kz/datasets/view?index=ondiris_shotyndagy_zhalpy_kosy: Message: 
Stacktrace:
	GetHandleVerifier [0x0088B593+24387]
	(No symbol) [0x008158F4]
	(No symbol) [0x006F0753]
	(No symbol) [0x00738BA9]
	(No symbol) [0x00738EFB]
	(No symbol) [0x007819C2]
	(No symbol) [0x0075D894]
	(No symbol) [0x0077F138]
	(No symbol) [0x0075D646]
	(No symbol) [0x0072C59F]
	(No symbol) [0x0072D8E4]
	GetHandleVerifier [0x00B8D873+3179043]
	GetHandleVerifier [0x00BA6CE9+3282585]
	GetHandleVerifier [0x00BA166C+3260444]
	GetHandleVerifier [0x00924320+650448]
	(No symbol) [0x0081ECFD]
	(No symbol) [0x0081BAE8]
	(No symbol) [0x0081BC89]
	(No symbol) [0x0080E520]
	BaseThreadInitThunk [0x755E5D49+25]
	RtlInitializeExceptionChain [0x7753CE3B+107]
	RtlGetAppContainerNamedObjectPath [0x7753CDC1+561]

2025-03-21 17:08:53,864 - ERROR - Data link not found for https://data.egov.kz/datasets/view?index=opendata-api-uri457: Message: 
Stacktrace:
	GetHandleVerifier [0x0088B593+24387]
	(No symbol) [0x008158F4]
	(No symbol) [0x006F0753]
	(No symbol) [0x00738BA9]
	(No symbol) [0x00738EFB]
	(No symbol) [0x007819C2]
	(No symbol) [0x0075D894]
	(No symbol) [0x0077F138]
	(No symbol) [0x0075D646]
	(No symbol) [0x0072C59F]
	(No symbol) [0x0072D8E4]
	GetHandleVerifier [0x00B8D873+3179043]
	GetHandleVerifier [0x00BA6CE9+3282585]
	GetHandleVerifier [0x00BA166C+3260444]
	GetHandleVerifier [0x00924320+650448]
	(No symbol) [0x0081ECFD]
	(No symbol) [0x0081BAE8]
	(No symbol) [0x0081BC89]
	(No symbol) [0x0080E520]
	BaseThreadInitThunk [0x755E5D49+25]
	RtlInitializeExceptionChain [0x7753CE3B+107]
	RtlGetAppContainerNamedObjectPath [0x7753CDC1+561]

2025-03-21 17:09:19,161 - ERROR - Data link not found for https://data.egov.kz/datasets/view?index=opendata-api-uri458: Message: 
Stacktrace:
	GetHandleVerifier [0x0088B593+24387]
	(No symbol) [0x008158F4]
	(No symbol) [0x006F0753]
	(No symbol) [0x00738BA9]
	(No symbol) [0x00738EFB]
	(No symbol) [0x007819C2]
	(No symbol) [0x0075D894]
	(No symbol) [0x0077F138]
	(No symbol) [0x0075D646]
	(No symbol) [0x0072C59F]
	(No symbol) [0x0072D8E4]
	GetHandleVerifier [0x00B8D873+3179043]
	GetHandleVerifier [0x00BA6CE9+3282585]
	GetHandleVerifier [0x00BA166C+3260444]
	GetHandleVerifier [0x00924320+650448]
	(No symbol) [0x0081ECFD]
	(No symbol) [0x0081BAE8]
	(No symbol) [0x0081BC89]
	(No symbol) [0x0080E520]
	BaseThreadInitThunk [0x755E5D49+25]
	RtlInitializeExceptionChain [0x7753CE3B+107]
	RtlGetAppContainerNamedObjectPath [0x7753CDC1+561]

2025-03-21 17:09:44,660 - ERROR - Data link not found for https://data.egov.kz/datasets/view?index=zhalpy_onirlik_onimnin_nakty_k: Message: 
Stacktrace:
	GetHandleVerifier [0x0088B593+24387]
	(No symbol) [0x008158F4]
	(No symbol) [0x006F0753]
	(No symbol) [0x00738BA9]
	(No symbol) [0x00738EFB]
	(No symbol) [0x007819C2]
	(No symbol) [0x0075D894]
	(No symbol) [0x0077F138]
	(No symbol) [0x0075D646]
	(No symbol) [0x0072C59F]
	(No symbol) [0x0072D8E4]
	GetHandleVerifier [0x00B8D873+3179043]
	GetHandleVerifier [0x00BA6CE9+3282585]
	GetHandleVerifier [0x00BA166C+3260444]
	GetHandleVerifier [0x00924320+650448]
	(No symbol) [0x0081ECFD]
	(No symbol) [0x0081BAE8]
	(No symbol) [0x0081BC89]
	(No symbol) [0x0080E520]
	BaseThreadInitThunk [0x755E5D49+25]
	RtlInitializeExceptionChain [0x7753CE3B+107]
	RtlGetAppContainerNamedObjectPath [0x7753CDC1+561]

2025-03-21 17:10:10,184 - ERROR - Data link not found for https://data.egov.kz/datasets/view?index=zhan_basyna_shakkandagy_zhalpy: Message: 
Stacktrace:
	GetHandleVerifier [0x0088B593+24387]
	(No symbol) [0x008158F4]
	(No symbol) [0x006F0753]
	(No symbol) [0x00738BA9]
	(No symbol) [0x00738EFB]
	(No symbol) [0x007819C2]
	(No symbol) [0x0075D894]
	(No symbol) [0x0077F138]
	(No symbol) [0x0075D646]
	(No symbol) [0x0072C59F]
	(No symbol) [0x0072D8E4]
	GetHandleVerifier [0x00B8D873+3179043]
	GetHandleVerifier [0x00BA6CE9+3282585]
	GetHandleVerifier [0x00BA166C+3260444]
	GetHandleVerifier [0x00924320+650448]
	(No symbol) [0x0081ECFD]
	(No symbol) [0x0081BAE8]
	(No symbol) [0x0081BC89]
	(No symbol) [0x0080E520]
	BaseThreadInitThunk [0x755E5D49+25]
	RtlInitializeExceptionChain [0x7753CE3B+107]
	RtlGetAppContainerNamedObjectPath [0x7753CDC1+561]

2025-03-21 17:22:34,880 - ERROR - Data link not found for https://data.egov.kz/datasets/view?index=ondiris_shotyndagy_zhalpy_kosy: Message: 
Stacktrace:
	GetHandleVerifier [0x0088B593+24387]
	(No symbol) [0x008158F4]
	(No symbol) [0x006F0753]
	(No symbol) [0x00738BA9]
	(No symbol) [0x00738EFB]
	(No symbol) [0x007819C2]
	(No symbol) [0x0075D894]
	(No symbol) [0x0077F138]
	(No symbol) [0x0075D646]
	(No symbol) [0x0072C59F]
	(No symbol) [0x0072D8E4]
	GetHandleVerifier [0x00B8D873+3179043]
	GetHandleVerifier [0x00BA6CE9+3282585]
	GetHandleVerifier [0x00BA166C+3260444]
	GetHandleVerifier [0x00924320+650448]
	(No symbol) [0x0081ECFD]
	(No symbol) [0x0081BAE8]
	(No symbol) [0x0081BC89]
	(No symbol) [0x0080E520]
	BaseThreadInitThunk [0x755E5D49+25]
	RtlInitializeExceptionChain [0x7753CE3B+107]
	RtlGetAppContainerNamedObjectPath [0x7753CDC1+561]

2025-03-21 17:23:17,853 - ERROR - Data link not found for https://data.egov.kz/datasets/view?index=opendata-api-uri458: Message: 
Stacktrace:
	GetHandleVerifier [0x0088B593+24387]
	(No symbol) [0x008158F4]
	(No symbol) [0x006F0753]
	(No symbol) [0x00738BA9]
	(No symbol) [0x00738EFB]
	(No symbol) [0x007819C2]
	(No symbol) [0x0075D894]
	(No symbol) [0x0077F138]
	(No symbol) [0x0075D646]
	(No symbol) [0x0072C59F]
	(No symbol) [0x0072D8E4]
	GetHandleVerifier [0x00B8D873+3179043]
	GetHandleVerifier [0x00BA6CE9+3282585]
	GetHandleVerifier [0x00BA166C+3260444]
	GetHandleVerifier [0x00924320+650448]
	(No symbol) [0x0081ECFD]
	(No symbol) [0x0081BAE8]
	(No symbol) [0x0081BC89]
	(No symbol) [0x0080E520]
	BaseThreadInitThunk [0x755E5D49+25]
	RtlInitializeExceptionChain [0x7753CE3B+107]
	RtlGetAppContainerNamedObjectPath [0x7753CDC1+561]

2025-03-21 17:23:43,353 - ERROR - Data link not found for https://data.egov.kz/datasets/view?index=zhalpy_onirlik_onimnin_nakty_k: Message: 
Stacktrace:
	GetHandleVerifier [0x0088B593+24387]
	(No symbol) [0x008158F4]
	(No symbol) [0x006F0753]
	(No symbol) [0x00738BA9]
	(No symbol) [0x00738EFB]
	(No symbol) [0x007819C2]
	(No symbol) [0x0075D894]
	(No symbol) [0x0077F138]
	(No symbol) [0x0075D646]
	(No symbol) [0x0072C59F]
	(No symbol) [0x0072D8E4]
	GetHandleVerifier [0x00B8D873+3179043]
	GetHandleVerifier [0x00BA6CE9+3282585]
	GetHandleVerifier [0x00BA166C+3260444]
	GetHandleVerifier [0x00924320+650448]
	(No symbol) [0x0081ECFD]
	(No symbol) [0x0081BAE8]
	(No symbol) [0x0081BC89]
	(No symbol) [0x0080E520]
	BaseThreadInitThunk [0x755E5D49+25]
	RtlInitializeExceptionChain [0x7753CE3B+107]
	RtlGetAppContainerNamedObjectPath [0x7753CDC1+561]

2025-03-21 17:24:09,158 - ERROR - Data link not found for https://data.egov.kz/datasets/view?index=zhan_basyna_shakkandagy_zhalpy: Message: 
Stacktrace:
	GetHandleVerifier [0x0088B593+24387]
	(No symbol) [0x008158F4]
	(No symbol) [0x006F0753]
	(No symbol) [0x00738BA9]
	(No symbol) [0x00738EFB]
	(No symbol) [0x007819C2]
	(No symbol) [0x0075D894]
	(No symbol) [0x0077F138]
	(No symbol) [0x0075D646]
	(No symbol) [0x0072C59F]
	(No symbol) [0x0072D8E4]
	GetHandleVerifier [0x00B8D873+3179043]
	GetHandleVerifier [0x00BA6CE9+3282585]
	GetHandleVerifier [0x00BA166C+3260444]
	GetHandleVerifier [0x00924320+650448]
	(No symbol) [0x0081ECFD]
	(No symbol) [0x0081BAE8]
	(No symbol) [0x0081BC89]
	(No symbol) [0x0080E520]
	BaseThreadInitThunk [0x755E5D49+25]
	RtlInitializeExceptionChain [0x7753CE3B+107]
	RtlGetAppContainerNamedObjectPath [0x7753CDC1+561]

2025-03-21 17:24:34,853 - ERROR - Data link not found for https://data.egov.kz/datasets/view?index=zheke_kasipkerlerdin_onim_shyg1: Message: 
Stacktrace:
	GetHandleVerifier [0x0088B593+24387]
	(No symbol) [0x008158F4]
	(No symbol) [0x006F0753]
	(No symbol) [0x00738BA9]
	(No symbol) [0x00738EFB]
	(No symbol) [0x007819C2]
	(No symbol) [0x0075D894]
	(No symbol) [0x0077F138]
	(No symbol) [0x0075D646]
	(No symbol) [0x0072C59F]
	(No symbol) [0x0072D8E4]
	GetHandleVerifier [0x00B8D873+3179043]
	GetHandleVerifier [0x00BA6CE9+3282585]
	GetHandleVerifier [0x00BA166C+3260444]
	GetHandleVerifier [0x00924320+650448]
	(No symbol) [0x0081ECFD]
	(No symbol) [0x0081BAE8]
	(No symbol) [0x0081BC89]
	(No symbol) [0x0080E520]
	BaseThreadInitThunk [0x755E5D49+25]
	RtlInitializeExceptionChain [0x7753CE3B+107]
	RtlGetAppContainerNamedObjectPath [0x7753CDC1+561]

2025-03-21 17:25:00,773 - ERROR - Data link not found for https://data.egov.kz/datasets/view?index=shagyn_zhane_orta_kasipkerlik_11: Message: 
Stacktrace:
	GetHandleVerifier [0x0088B593+24387]
	(No symbol) [0x008158F4]
	(No symbol) [0x006F0753]
	(No symbol) [0x00738BA9]
	(No symbol) [0x00738EFB]
	(No symbol) [0x007819C2]
	(No symbol) [0x0075D894]
	(No symbol) [0x0077F138]
	(No symbol) [0x0075D646]
	(No symbol) [0x0072C59F]
	(No symbol) [0x0072D8E4]
	GetHandleVerifier [0x00B8D873+3179043]
	GetHandleVerifier [0x00BA6CE9+3282585]
	GetHandleVerifier [0x00BA166C+3260444]
	GetHandleVerifier [0x00924320+650448]
	(No symbol) [0x0081ECFD]
	(No symbol) [0x0081BAE8]
	(No symbol) [0x0081BC89]
	(No symbol) [0x0080E520]
	BaseThreadInitThunk [0x755E5D49+25]
	RtlInitializeExceptionChain [0x7753CE3B+107]
	RtlGetAppContainerNamedObjectPath [0x7753CDC1+561]

2025-03-21 17:25:26,352 - ERROR - Data link not found for https://data.egov.kz/datasets/view?index=zhan_basyna_shakkanda_shagyn_z1: Message: 
Stacktrace:
	GetHandleVerifier [0x0088B593+24387]
	(No symbol) [0x008158F4]
	(No symbol) [0x006F0753]
	(No symbol) [0x00738BA9]
	(No symbol) [0x00738EFB]
	(No symbol) [0x007819C2]
	(No symbol) [0x0075D894]
	(No symbol) [0x0077F138]
	(No symbol) [0x0075D646]
	(No symbol) [0x0072C59F]
	(No symbol) [0x0072D8E4]
	GetHandleVerifier [0x00B8D873+3179043]
	GetHandleVerifier [0x00BA6CE9+3282585]
	GetHandleVerifier [0x00BA166C+3260444]
	GetHandleVerifier [0x00924320+650448]
	(No symbol) [0x0081ECFD]
	(No symbol) [0x0081BAE8]
	(No symbol) [0x0081BC89]
	(No symbol) [0x0080E520]
	BaseThreadInitThunk [0x755E5D49+25]
	RtlInitializeExceptionChain [0x7753CE3B+107]
	RtlGetAppContainerNamedObjectPath [0x7753CDC1+561]

2025-03-21 17:25:51,770 - ERROR - Data link not found for https://data.egov.kz/datasets/view?index=opendata-api-uri459: Message: 
Stacktrace:
	GetHandleVerifier [0x0088B593+24387]
	(No symbol) [0x008158F4]
	(No symbol) [0x006F0753]
	(No symbol) [0x00738BA9]
	(No symbol) [0x00738EFB]
	(No symbol) [0x007819C2]
	(No symbol) [0x0075D894]
	(No symbol) [0x0077F138]
	(No symbol) [0x0075D646]
	(No symbol) [0x0072C59F]
	(No symbol) [0x0072D8E4]
	GetHandleVerifier [0x00B8D873+3179043]
	GetHandleVerifier [0x00BA6CE9+3282585]
	GetHandleVerifier [0x00BA166C+3260444]
	GetHandleVerifier [0x00924320+650448]
	(No symbol) [0x0081ECFD]
	(No symbol) [0x0081BAE8]
	(No symbol) [0x0081BC89]
	(No symbol) [0x0080E520]
	BaseThreadInitThunk [0x755E5D49+25]
	RtlInitializeExceptionChain [0x7753CE3B+107]
	RtlGetAppContainerNamedObjectPath [0x7753CDC1+561]

2025-03-21 17:26:17,540 - ERROR - Data link not found for https://data.egov.kz/datasets/view?index=opendata-api-uri460: Message: 
Stacktrace:
	GetHandleVerifier [0x0088B593+24387]
	(No symbol) [0x008158F4]
	(No symbol) [0x006F0753]
	(No symbol) [0x00738BA9]
	(No symbol) [0x00738EFB]
	(No symbol) [0x007819C2]
	(No symbol) [0x0075D894]
	(No symbol) [0x0077F138]
	(No symbol) [0x0075D646]
	(No symbol) [0x0072C59F]
	(No symbol) [0x0072D8E4]
	GetHandleVerifier [0x00B8D873+3179043]
	GetHandleVerifier [0x00BA6CE9+3282585]
	GetHandleVerifier [0x00BA166C+3260444]
	GetHandleVerifier [0x00924320+650448]
	(No symbol) [0x0081ECFD]
	(No symbol) [0x0081BAE8]
	(No symbol) [0x0081BC89]
	(No symbol) [0x0080E520]
	BaseThreadInitThunk [0x755E5D49+25]
	RtlInitializeExceptionChain [0x7753CE3B+107]
	RtlGetAppContainerNamedObjectPath [0x7753CDC1+561]

2025-03-21 17:26:43,246 - ERROR - Data link not found for https://data.egov.kz/datasets/view?index=nakty_akshalai_tabystar_indeks: Message: 
Stacktrace:
	GetHandleVerifier [0x0088B593+24387]
	(No symbol) [0x008158F4]
	(No symbol) [0x006F0753]
	(No symbol) [0x00738BA9]
	(No symbol) [0x00738EFB]
	(No symbol) [0x007819C2]
	(No symbol) [0x0075D894]
	(No symbol) [0x0077F138]
	(No symbol) [0x0075D646]
	(No symbol) [0x0072C59F]
	(No symbol) [0x0072D8E4]
	GetHandleVerifier [0x00B8D873+3179043]
	GetHandleVerifier [0x00BA6CE9+3282585]
	GetHandleVerifier [0x00BA166C+3260444]
	GetHandleVerifier [0x00924320+650448]
	(No symbol) [0x0081ECFD]
	(No symbol) [0x0081BAE8]
	(No symbol) [0x0081BC89]
	(No symbol) [0x0080E520]
	BaseThreadInitThunk [0x755E5D49+25]
	RtlInitializeExceptionChain [0x7753CE3B+107]
	RtlGetAppContainerNamedObjectPath [0x7753CDC1+561]

2025-03-21 17:27:08,598 - ERROR - Data link not found for https://data.egov.kz/datasets/view?index=opendata-api-uri461: Message: 
Stacktrace:
	GetHandleVerifier [0x0088B593+24387]
	(No symbol) [0x008158F4]
	(No symbol) [0x006F0753]
	(No symbol) [0x00738BA9]
	(No symbol) [0x00738EFB]
	(No symbol) [0x007819C2]
	(No symbol) [0x0075D894]
	(No symbol) [0x0077F138]
	(No symbol) [0x0075D646]
	(No symbol) [0x0072C59F]
	(No symbol) [0x0072D8E4]
	GetHandleVerifier [0x00B8D873+3179043]
	GetHandleVerifier [0x00BA6CE9+3282585]
	GetHandleVerifier [0x00BA166C+3260444]
	GetHandleVerifier [0x00924320+650448]
	(No symbol) [0x0081ECFD]
	(No symbol) [0x0081BAE8]
	(No symbol) [0x0081BC89]
	(No symbol) [0x0080E520]
	BaseThreadInitThunk [0x755E5D49+25]
	RtlInitializeExceptionChain [0x7753CE3B+107]
	RtlGetAppContainerNamedObjectPath [0x7753CDC1+561]

2025-03-21 17:27:34,269 - ERROR - Data link not found for https://data.egov.kz/datasets/view?index=halyktyn_ortasha_zhan_basyna_s: Message: 
Stacktrace:
	GetHandleVerifier [0x0088B593+24387]
	(No symbol) [0x008158F4]
	(No symbol) [0x006F0753]
	(No symbol) [0x00738BA9]
	(No symbol) [0x00738EFB]
	(No symbol) [0x007819C2]
	(No symbol) [0x0075D894]
	(No symbol) [0x0077F138]
	(No symbol) [0x0075D646]
	(No symbol) [0x0072C59F]
	(No symbol) [0x0072D8E4]
	GetHandleVerifier [0x00B8D873+3179043]
	GetHandleVerifier [0x00BA6CE9+3282585]
	GetHandleVerifier [0x00BA166C+3260444]
	GetHandleVerifier [0x00924320+650448]
	(No symbol) [0x0081ECFD]
	(No symbol) [0x0081BAE8]
	(No symbol) [0x0081BC89]
	(No symbol) [0x0080E520]
	BaseThreadInitThunk [0x755E5D49+25]
	RtlInitializeExceptionChain [0x7753CE3B+107]
	RtlGetAppContainerNamedObjectPath [0x7753CDC1+561]

2025-03-21 17:27:59,677 - ERROR - Data link not found for https://data.egov.kz/datasets/view?index=tutynuga_zhumsalgan_tabystyn_e: Message: 
Stacktrace:
	GetHandleVerifier [0x0088B593+24387]
	(No symbol) [0x008158F4]
	(No symbol) [0x006F0753]
	(No symbol) [0x00738BA9]
	(No symbol) [0x00738EFB]
	(No symbol) [0x007819C2]
	(No symbol) [0x0075D894]
	(No symbol) [0x0077F138]
	(No symbol) [0x0075D646]
	(No symbol) [0x0072C59F]
	(No symbol) [0x0072D8E4]
	GetHandleVerifier [0x00B8D873+3179043]
	GetHandleVerifier [0x00BA6CE9+3282585]
	GetHandleVerifier [0x00BA166C+3260444]
	GetHandleVerifier [0x00924320+650448]
	(No symbol) [0x0081ECFD]
	(No symbol) [0x0081BAE8]
	(No symbol) [0x0081BC89]
	(No symbol) [0x0080E520]
	BaseThreadInitThunk [0x755E5D49+25]
	RtlInitializeExceptionChain [0x7753CE3B+107]
	RtlGetAppContainerNamedObjectPath [0x7753CDC1+561]

2025-03-21 17:28:25,420 - ERROR - Data link not found for https://data.egov.kz/datasets/view?index=opendata-api-uri463: Message: 
Stacktrace:
	GetHandleVerifier [0x0088B593+24387]
	(No symbol) [0x008158F4]
	(No symbol) [0x006F0753]
	(No symbol) [0x00738BA9]
	(No symbol) [0x00738EFB]
	(No symbol) [0x007819C2]
	(No symbol) [0x0075D894]
	(No symbol) [0x0077F138]
	(No symbol) [0x0075D646]
	(No symbol) [0x0072C59F]
	(No symbol) [0x0072D8E4]
	GetHandleVerifier [0x00B8D873+3179043]
	GetHandleVerifier [0x00BA6CE9+3282585]
	GetHandleVerifier [0x00BA166C+3260444]
	GetHandleVerifier [0x00924320+650448]
	(No symbol) [0x0081ECFD]
	(No symbol) [0x0081BAE8]
	(No symbol) [0x0081BC89]
	(No symbol) [0x0080E520]
	BaseThreadInitThunk [0x755E5D49+25]
	RtlInitializeExceptionChain [0x7753CE3B+107]
	RtlGetAppContainerNamedObjectPath [0x7753CDC1+561]

2025-03-21 17:28:51,139 - ERROR - Data link not found for https://data.egov.kz/datasets/view?index=opendata-api-uri464: Message: 
Stacktrace:
	GetHandleVerifier [0x0088B593+24387]
	(No symbol) [0x008158F4]
	(No symbol) [0x006F0753]
	(No symbol) [0x00738BA9]
	(No symbol) [0x00738EFB]
	(No symbol) [0x007819C2]
	(No symbol) [0x0075D894]
	(No symbol) [0x0077F138]
	(No symbol) [0x0075D646]
	(No symbol) [0x0072C59F]
	(No symbol) [0x0072D8E4]
	GetHandleVerifier [0x00B8D873+3179043]
	GetHandleVerifier [0x00BA6CE9+3282585]
	GetHandleVerifier [0x00BA166C+3260444]
	GetHandleVerifier [0x00924320+650448]
	(No symbol) [0x0081ECFD]
	(No symbol) [0x0081BAE8]
	(No symbol) [0x0081BC89]
	(No symbol) [0x0080E520]
	BaseThreadInitThunk [0x755E5D49+25]
	RtlInitializeExceptionChain [0x7753CE3B+107]
	RtlGetAppContainerNamedObjectPath [0x7753CDC1+561]

2025-03-21 17:29:16,670 - ERROR - Data link not found for https://data.egov.kz/datasets/view?index=opendata-api-uri465: Message: 
Stacktrace:
	GetHandleVerifier [0x0088B593+24387]
	(No symbol) [0x008158F4]
	(No symbol) [0x006F0753]
	(No symbol) [0x00738BA9]
	(No symbol) [0x00738EFB]
	(No symbol) [0x007819C2]
	(No symbol) [0x0075D894]
	(No symbol) [0x0077F138]
	(No symbol) [0x0075D646]
	(No symbol) [0x0072C59F]
	(No symbol) [0x0072D8E4]
	GetHandleVerifier [0x00B8D873+3179043]
	GetHandleVerifier [0x00BA6CE9+3282585]
	GetHandleVerifier [0x00BA166C+3260444]
	GetHandleVerifier [0x00924320+650448]
	(No symbol) [0x0081ECFD]
	(No symbol) [0x0081BAE8]
	(No symbol) [0x0081BC89]
	(No symbol) [0x0080E520]
	BaseThreadInitThunk [0x755E5D49+25]
	RtlInitializeExceptionChain [0x7753CE3B+107]
	RtlGetAppContainerNamedObjectPath [0x7753CDC1+561]

2025-03-21 17:29:43,605 - ERROR - Data link not found for https://data.egov.kz/datasets/view?index=halyktyn_ortasha_zhan_basyna_s1: Message: 
Stacktrace:
	GetHandleVerifier [0x0088B593+24387]
	(No symbol) [0x008158F4]
	(No symbol) [0x006F0753]
	(No symbol) [0x00738BA9]
	(No symbol) [0x00738EFB]
	(No symbol) [0x007819C2]
	(No symbol) [0x0075D894]
	(No symbol) [0x0077F138]
	(No symbol) [0x0075D646]
	(No symbol) [0x0072C59F]
	(No symbol) [0x0072D8E4]
	GetHandleVerifier [0x00B8D873+3179043]
	GetHandleVerifier [0x00BA6CE9+3282585]
	GetHandleVerifier [0x00BA166C+3260444]
	GetHandleVerifier [0x00924320+650448]
	(No symbol) [0x0081ECFD]
	(No symbol) [0x0081BAE8]
	(No symbol) [0x0081BC89]
	(No symbol) [0x0080E520]
	BaseThreadInitThunk [0x755E5D49+25]
	RtlInitializeExceptionChain [0x7753CE3B+107]
	RtlGetAppContainerNamedObjectPath [0x7753CDC1+561]

2025-03-21 17:30:09,241 - ERROR - Data link not found for https://data.egov.kz/datasets/view?index=halyktyn_ortasha_zhan_basyna_s6: Message: 
Stacktrace:
	GetHandleVerifier [0x0088B593+24387]
	(No symbol) [0x008158F4]
	(No symbol) [0x006F0753]
	(No symbol) [0x00738BA9]
	(No symbol) [0x00738EFB]
	(No symbol) [0x007819C2]
	(No symbol) [0x0075D894]
	(No symbol) [0x0077F138]
	(No symbol) [0x0075D646]
	(No symbol) [0x0072C59F]
	(No symbol) [0x0072D8E4]
	GetHandleVerifier [0x00B8D873+3179043]
	GetHandleVerifier [0x00BA6CE9+3282585]
	GetHandleVerifier [0x00BA166C+3260444]
	GetHandleVerifier [0x00924320+650448]
	(No symbol) [0x0081ECFD]
	(No symbol) [0x0081BAE8]
	(No symbol) [0x0081BC89]
	(No symbol) [0x0080E520]
	BaseThreadInitThunk [0x755E5D49+25]
	RtlInitializeExceptionChain [0x7753CE3B+107]
	RtlGetAppContainerNamedObjectPath [0x7753CDC1+561]

2025-03-21 17:30:34,859 - ERROR - Data link not found for https://data.egov.kz/datasets/view?index=opendata-api-uri466: Message: 
Stacktrace:
	GetHandleVerifier [0x0088B593+24387]
	(No symbol) [0x008158F4]
	(No symbol) [0x006F0753]
	(No symbol) [0x00738BA9]
	(No symbol) [0x00738EFB]
	(No symbol) [0x007819C2]
	(No symbol) [0x0075D894]
	(No symbol) [0x0077F138]
	(No symbol) [0x0075D646]
	(No symbol) [0x0072C59F]
	(No symbol) [0x0072D8E4]
	GetHandleVerifier [0x00B8D873+3179043]
	GetHandleVerifier [0x00BA6CE9+3282585]
	GetHandleVerifier [0x00BA166C+3260444]
	GetHandleVerifier [0x00924320+650448]
	(No symbol) [0x0081ECFD]
	(No symbol) [0x0081BAE8]
	(No symbol) [0x0081BC89]
	(No symbol) [0x0080E520]
	BaseThreadInitThunk [0x755E5D49+25]
	RtlInitializeExceptionChain [0x7753CE3B+107]
	RtlGetAppContainerNamedObjectPath [0x7753CDC1+561]

2025-03-21 17:31:00,599 - ERROR - Data link not found for https://data.egov.kz/datasets/view?index=halyktyn_ortasha_zhan_basyna_s43: Message: 
Stacktrace:
	GetHandleVerifier [0x0088B593+24387]
	(No symbol) [0x008158F4]
	(No symbol) [0x006F0753]
	(No symbol) [0x00738BA9]
	(No symbol) [0x00738EFB]
	(No symbol) [0x007819C2]
	(No symbol) [0x0075D894]
	(No symbol) [0x0077F138]
	(No symbol) [0x0075D646]
	(No symbol) [0x0072C59F]
	(No symbol) [0x0072D8E4]
	GetHandleVerifier [0x00B8D873+3179043]
	GetHandleVerifier [0x00BA6CE9+3282585]
	GetHandleVerifier [0x00BA166C+3260444]
	GetHandleVerifier [0x00924320+650448]
	(No symbol) [0x0081ECFD]
	(No symbol) [0x0081BAE8]
	(No symbol) [0x0081BC89]
	(No symbol) [0x0080E520]
	BaseThreadInitThunk [0x755E5D49+25]
	RtlInitializeExceptionChain [0x7753CE3B+107]
	RtlGetAppContainerNamedObjectPath [0x7753CDC1+561]

2025-03-21 17:31:26,580 - ERROR - Data link not found for https://data.egov.kz/datasets/view?index=ortasha_ui_sharuashylygyna_sha11: Message: 
Stacktrace:
	GetHandleVerifier [0x0088B593+24387]
	(No symbol) [0x008158F4]
	(No symbol) [0x006F0753]
	(No symbol) [0x00738BA9]
	(No symbol) [0x00738EFB]
	(No symbol) [0x007819C2]
	(No symbol) [0x0075D894]
	(No symbol) [0x0077F138]
	(No symbol) [0x0075D646]
	(No symbol) [0x0072C59F]
	(No symbol) [0x0072D8E4]
	GetHandleVerifier [0x00B8D873+3179043]
	GetHandleVerifier [0x00BA6CE9+3282585]
	GetHandleVerifier [0x00BA166C+3260444]
	GetHandleVerifier [0x00924320+650448]
	(No symbol) [0x0081ECFD]
	(No symbol) [0x0081BAE8]
	(No symbol) [0x0081BC89]
	(No symbol) [0x0080E520]
	BaseThreadInitThunk [0x755E5D49+25]
	RtlInitializeExceptionChain [0x7753CE3B+107]
	RtlGetAppContainerNamedObjectPath [0x7753CDC1+561]

2025-03-21 17:31:52,047 - ERROR - Data link not found for https://data.egov.kz/datasets/view?index=ortasha_ui_sharuashylygyna_sha28: Message: 
Stacktrace:
	GetHandleVerifier [0x0088B593+24387]
	(No symbol) [0x008158F4]
	(No symbol) [0x006F0753]
	(No symbol) [0x00738BA9]
	(No symbol) [0x00738EFB]
	(No symbol) [0x007819C2]
	(No symbol) [0x0075D894]
	(No symbol) [0x0077F138]
	(No symbol) [0x0075D646]
	(No symbol) [0x0072C59F]
	(No symbol) [0x0072D8E4]
	GetHandleVerifier [0x00B8D873+3179043]
	GetHandleVerifier [0x00BA6CE9+3282585]
	GetHandleVerifier [0x00BA166C+3260444]
	GetHandleVerifier [0x00924320+650448]
	(No symbol) [0x0081ECFD]
	(No symbol) [0x0081BAE8]
	(No symbol) [0x0081BC89]
	(No symbol) [0x0080E520]
	BaseThreadInitThunk [0x755E5D49+25]
	RtlInitializeExceptionChain [0x7753CE3B+107]
	RtlGetAppContainerNamedObjectPath [0x7753CDC1+561]

2025-03-21 17:32:18,382 - ERROR - Data link not found for https://data.egov.kz/datasets/view?index=ortasha_ui_sharuashylygyna_sha29: Message: 
Stacktrace:
	GetHandleVerifier [0x0088B593+24387]
	(No symbol) [0x008158F4]
	(No symbol) [0x006F0753]
	(No symbol) [0x00738BA9]
	(No symbol) [0x00738EFB]
	(No symbol) [0x007819C2]
	(No symbol) [0x0075D894]
	(No symbol) [0x0077F138]
	(No symbol) [0x0075D646]
	(No symbol) [0x0072C59F]
	(No symbol) [0x0072D8E4]
	GetHandleVerifier [0x00B8D873+3179043]
	GetHandleVerifier [0x00BA6CE9+3282585]
	GetHandleVerifier [0x00BA166C+3260444]
	GetHandleVerifier [0x00924320+650448]
	(No symbol) [0x0081ECFD]
	(No symbol) [0x0081BAE8]
	(No symbol) [0x0081BC89]
	(No symbol) [0x0080E520]
	BaseThreadInitThunk [0x755E5D49+25]
	RtlInitializeExceptionChain [0x7753CE3B+107]
	RtlGetAppContainerNamedObjectPath [0x7753CDC1+561]

2025-03-21 17:32:44,006 - ERROR - Data link not found for https://data.egov.kz/datasets/view?index=ortasha_ui_sharuashylygyna_sha30: Message: 
Stacktrace:
	GetHandleVerifier [0x0088B593+24387]
	(No symbol) [0x008158F4]
	(No symbol) [0x006F0753]
	(No symbol) [0x00738BA9]
	(No symbol) [0x00738EFB]
	(No symbol) [0x007819C2]
	(No symbol) [0x0075D894]
	(No symbol) [0x0077F138]
	(No symbol) [0x0075D646]
	(No symbol) [0x0072C59F]
	(No symbol) [0x0072D8E4]
	GetHandleVerifier [0x00B8D873+3179043]
	GetHandleVerifier [0x00BA6CE9+3282585]
	GetHandleVerifier [0x00BA166C+3260444]
	GetHandleVerifier [0x00924320+650448]
	(No symbol) [0x0081ECFD]
	(No symbol) [0x0081BAE8]
	(No symbol) [0x0081BC89]
	(No symbol) [0x0080E520]
	BaseThreadInitThunk [0x755E5D49+25]
	RtlInitializeExceptionChain [0x7753CE3B+107]
	RtlGetAppContainerNamedObjectPath [0x7753CDC1+561]

2025-03-21 17:33:09,615 - ERROR - Data link not found for https://data.egov.kz/datasets/view?index=ortasha_ui_sharuashylygyna_sha31: Message: 
Stacktrace:
	GetHandleVerifier [0x0088B593+24387]
	(No symbol) [0x008158F4]
	(No symbol) [0x006F0753]
	(No symbol) [0x00738BA9]
	(No symbol) [0x00738EFB]
	(No symbol) [0x007819C2]
	(No symbol) [0x0075D894]
	(No symbol) [0x0077F138]
	(No symbol) [0x0075D646]
	(No symbol) [0x0072C59F]
	(No symbol) [0x0072D8E4]
	GetHandleVerifier [0x00B8D873+3179043]
	GetHandleVerifier [0x00BA6CE9+3282585]
	GetHandleVerifier [0x00BA166C+3260444]
	GetHandleVerifier [0x00924320+650448]
	(No symbol) [0x0081ECFD]
	(No symbol) [0x0081BAE8]
	(No symbol) [0x0081BC89]
	(No symbol) [0x0080E520]
	BaseThreadInitThunk [0x755E5D49+25]
	RtlInitializeExceptionChain [0x7753CE3B+107]
	RtlGetAppContainerNamedObjectPath [0x7753CDC1+561]

2025-03-21 17:33:35,281 - ERROR - Data link not found for https://data.egov.kz/datasets/view?index=ortasha_ui_sharuashylygyna_sha32: Message: 
Stacktrace:
	GetHandleVerifier [0x0088B593+24387]
	(No symbol) [0x008158F4]
	(No symbol) [0x006F0753]
	(No symbol) [0x00738BA9]
	(No symbol) [0x00738EFB]
	(No symbol) [0x007819C2]
	(No symbol) [0x0075D894]
	(No symbol) [0x0077F138]
	(No symbol) [0x0075D646]
	(No symbol) [0x0072C59F]
	(No symbol) [0x0072D8E4]
	GetHandleVerifier [0x00B8D873+3179043]
	GetHandleVerifier [0x00BA6CE9+3282585]
	GetHandleVerifier [0x00BA166C+3260444]
	GetHandleVerifier [0x00924320+650448]
	(No symbol) [0x0081ECFD]
	(No symbol) [0x0081BAE8]
	(No symbol) [0x0081BC89]
	(No symbol) [0x0080E520]
	BaseThreadInitThunk [0x755E5D49+25]
	RtlInitializeExceptionChain [0x7753CE3B+107]
	RtlGetAppContainerNamedObjectPath [0x7753CDC1+561]

2025-03-21 17:34:00,836 - ERROR - Data link not found for https://data.egov.kz/datasets/view?index=halyktyn_ortasha_zhan_basyna_s44: Message: 
Stacktrace:
	GetHandleVerifier [0x0088B593+24387]
	(No symbol) [0x008158F4]
	(No symbol) [0x006F0753]
	(No symbol) [0x00738BA9]
	(No symbol) [0x00738EFB]
	(No symbol) [0x007819C2]
	(No symbol) [0x0075D894]
	(No symbol) [0x0077F138]
	(No symbol) [0x0075D646]
	(No symbol) [0x0072C59F]
	(No symbol) [0x0072D8E4]
	GetHandleVerifier [0x00B8D873+3179043]
	GetHandleVerifier [0x00BA6CE9+3282585]
	GetHandleVerifier [0x00BA166C+3260444]
	GetHandleVerifier [0x00924320+650448]
	(No symbol) [0x0081ECFD]
	(No symbol) [0x0081BAE8]
	(No symbol) [0x0081BC89]
	(No symbol) [0x0080E520]
	BaseThreadInitThunk [0x755E5D49+25]
	RtlInitializeExceptionChain [0x7753CE3B+107]
	RtlGetAppContainerNamedObjectPath [0x7753CDC1+561]

2025-03-21 17:34:26,979 - ERROR - Data link not found for https://data.egov.kz/datasets/view?index=opendata-api-uri467: Message: 
Stacktrace:
	GetHandleVerifier [0x0088B593+24387]
	(No symbol) [0x008158F4]
	(No symbol) [0x006F0753]
	(No symbol) [0x00738BA9]
	(No symbol) [0x00738EFB]
	(No symbol) [0x007819C2]
	(No symbol) [0x0075D894]
	(No symbol) [0x0077F138]
	(No symbol) [0x0075D646]
	(No symbol) [0x0072C59F]
	(No symbol) [0x0072D8E4]
	GetHandleVerifier [0x00B8D873+3179043]
	GetHandleVerifier [0x00BA6CE9+3282585]
	GetHandleVerifier [0x00BA166C+3260444]
	GetHandleVerifier [0x00924320+650448]
	(No symbol) [0x0081ECFD]
	(No symbol) [0x0081BAE8]
	(No symbol) [0x0081BC89]
	(No symbol) [0x0080E520]
	BaseThreadInitThunk [0x755E5D49+25]
	RtlInitializeExceptionChain [0x7753CE3B+107]
	RtlGetAppContainerNamedObjectPath [0x7753CDC1+561]

2025-03-21 17:34:52,739 - ERROR - Data link not found for https://data.egov.kz/datasets/view?index=opendata-api-uri468: Message: 
Stacktrace:
	GetHandleVerifier [0x0088B593+24387]
	(No symbol) [0x008158F4]
	(No symbol) [0x006F0753]
	(No symbol) [0x00738BA9]
	(No symbol) [0x00738EFB]
	(No symbol) [0x007819C2]
	(No symbol) [0x0075D894]
	(No symbol) [0x0077F138]
	(No symbol) [0x0075D646]
	(No symbol) [0x0072C59F]
	(No symbol) [0x0072D8E4]
	GetHandleVerifier [0x00B8D873+3179043]
	GetHandleVerifier [0x00BA6CE9+3282585]
	GetHandleVerifier [0x00BA166C+3260444]
	GetHandleVerifier [0x00924320+650448]
	(No symbol) [0x0081ECFD]
	(No symbol) [0x0081BAE8]
	(No symbol) [0x0081BC89]
	(No symbol) [0x0080E520]
	BaseThreadInitThunk [0x755E5D49+25]
	RtlInitializeExceptionChain [0x7753CE3B+107]
	RtlGetAppContainerNamedObjectPath [0x7753CDC1+561]

2025-03-21 17:35:18,096 - ERROR - Data link not found for https://data.egov.kz/datasets/view?index=opendata-api-uri469: Message: 
Stacktrace:
	GetHandleVerifier [0x0088B593+24387]
	(No symbol) [0x008158F4]
	(No symbol) [0x006F0753]
	(No symbol) [0x00738BA9]
	(No symbol) [0x00738EFB]
	(No symbol) [0x007819C2]
	(No symbol) [0x0075D894]
	(No symbol) [0x0077F138]
	(No symbol) [0x0075D646]
	(No symbol) [0x0072C59F]
	(No symbol) [0x0072D8E4]
	GetHandleVerifier [0x00B8D873+3179043]
	GetHandleVerifier [0x00BA6CE9+3282585]
	GetHandleVerifier [0x00BA166C+3260444]
	GetHandleVerifier [0x00924320+650448]
	(No symbol) [0x0081ECFD]
	(No symbol) [0x0081BAE8]
	(No symbol) [0x0081BC89]
	(No symbol) [0x0080E520]
	BaseThreadInitThunk [0x755E5D49+25]
	RtlInitializeExceptionChain [0x7753CE3B+107]
	RtlGetAppContainerNamedObjectPath [0x7753CDC1+561]

2025-03-21 17:35:43,995 - ERROR - Data link not found for https://data.egov.kz/datasets/view?index=halyktyn_ortasha_zhan_basyna_s45: Message: 
Stacktrace:
	GetHandleVerifier [0x0088B593+24387]
	(No symbol) [0x008158F4]
	(No symbol) [0x006F0753]
	(No symbol) [0x00738BA9]
	(No symbol) [0x00738EFB]
	(No symbol) [0x007819C2]
	(No symbol) [0x0075D894]
	(No symbol) [0x0077F138]
	(No symbol) [0x0075D646]
	(No symbol) [0x0072C59F]
	(No symbol) [0x0072D8E4]
	GetHandleVerifier [0x00B8D873+3179043]
	GetHandleVerifier [0x00BA6CE9+3282585]
	GetHandleVerifier [0x00BA166C+3260444]
	GetHandleVerifier [0x00924320+650448]
	(No symbol) [0x0081ECFD]
	(No symbol) [0x0081BAE8]
	(No symbol) [0x0081BC89]
	(No symbol) [0x0080E520]
	BaseThreadInitThunk [0x755E5D49+25]
	RtlInitializeExceptionChain [0x7753CE3B+107]
	RtlGetAppContainerNamedObjectPath [0x7753CDC1+561]

2025-03-21 17:36:09,684 - ERROR - Data link not found for https://data.egov.kz/datasets/view?index=tabysy_en_tomengi_kunkoris_den3: Message: 
Stacktrace:
	GetHandleVerifier [0x0088B593+24387]
	(No symbol) [0x008158F4]
	(No symbol) [0x006F0753]
	(No symbol) [0x00738BA9]
	(No symbol) [0x00738EFB]
	(No symbol) [0x007819C2]
	(No symbol) [0x0075D894]
	(No symbol) [0x0077F138]
	(No symbol) [0x0075D646]
	(No symbol) [0x0072C59F]
	(No symbol) [0x0072D8E4]
	GetHandleVerifier [0x00B8D873+3179043]
	GetHandleVerifier [0x00BA6CE9+3282585]
	GetHandleVerifier [0x00BA166C+3260444]
	GetHandleVerifier [0x00924320+650448]
	(No symbol) [0x0081ECFD]
	(No symbol) [0x0081BAE8]
	(No symbol) [0x0081BC89]
	(No symbol) [0x0080E520]
	BaseThreadInitThunk [0x755E5D49+25]
	RtlInitializeExceptionChain [0x7753CE3B+107]
	RtlGetAppContainerNamedObjectPath [0x7753CDC1+561]

2025-03-21 17:36:35,126 - ERROR - Data link not found for https://data.egov.kz/datasets/view?index=tabysy_azyk-tulik_korzhynynyn_3: Message: 
Stacktrace:
	GetHandleVerifier [0x0088B593+24387]
	(No symbol) [0x008158F4]
	(No symbol) [0x006F0753]
	(No symbol) [0x00738BA9]
	(No symbol) [0x00738EFB]
	(No symbol) [0x007819C2]
	(No symbol) [0x0075D894]
	(No symbol) [0x0077F138]
	(No symbol) [0x0075D646]
	(No symbol) [0x0072C59F]
	(No symbol) [0x0072D8E4]
	GetHandleVerifier [0x00B8D873+3179043]
	GetHandleVerifier [0x00BA6CE9+3282585]
	GetHandleVerifier [0x00BA166C+3260444]
	GetHandleVerifier [0x00924320+650448]
	(No symbol) [0x0081ECFD]
	(No symbol) [0x0081BAE8]
	(No symbol) [0x0081BC89]
	(No symbol) [0x0080E520]
	BaseThreadInitThunk [0x755E5D49+25]
	RtlInitializeExceptionChain [0x7753CE3B+107]
	RtlGetAppContainerNamedObjectPath [0x7753CDC1+561]

2025-03-21 17:37:00,793 - ERROR - Data link not found for https://data.egov.kz/datasets/view?index=halyktyn_negizgi_tamak_onimder1: Message: 
Stacktrace:
	GetHandleVerifier [0x0088B593+24387]
	(No symbol) [0x008158F4]
	(No symbol) [0x006F0753]
	(No symbol) [0x00738BA9]
	(No symbol) [0x00738EFB]
	(No symbol) [0x007819C2]
	(No symbol) [0x0075D894]
	(No symbol) [0x0077F138]
	(No symbol) [0x0075D646]
	(No symbol) [0x0072C59F]
	(No symbol) [0x0072D8E4]
	GetHandleVerifier [0x00B8D873+3179043]
	GetHandleVerifier [0x00BA6CE9+3282585]
	GetHandleVerifier [0x00BA166C+3260444]
	GetHandleVerifier [0x00924320+650448]
	(No symbol) [0x0081ECFD]
	(No symbol) [0x0081BAE8]
	(No symbol) [0x0081BC89]
	(No symbol) [0x0080E520]
	BaseThreadInitThunk [0x755E5D49+25]
	RtlInitializeExceptionChain [0x7753CE3B+107]
	RtlGetAppContainerNamedObjectPath [0x7753CDC1+561]

2025-03-21 17:37:26,381 - ERROR - Data link not found for https://data.egov.kz/datasets/view?index=tabysy_en_tomengi_kunkoris_den4: Message: 
Stacktrace:
	GetHandleVerifier [0x0088B593+24387]
	(No symbol) [0x008158F4]
	(No symbol) [0x006F0753]
	(No symbol) [0x00738BA9]
	(No symbol) [0x00738EFB]
	(No symbol) [0x007819C2]
	(No symbol) [0x0075D894]
	(No symbol) [0x0077F138]
	(No symbol) [0x0075D646]
	(No symbol) [0x0072C59F]
	(No symbol) [0x0072D8E4]
	GetHandleVerifier [0x00B8D873+3179043]
	GetHandleVerifier [0x00BA6CE9+3282585]
	GetHandleVerifier [0x00BA166C+3260444]
	GetHandleVerifier [0x00924320+650448]
	(No symbol) [0x0081ECFD]
	(No symbol) [0x0081BAE8]
	(No symbol) [0x0081BC89]
	(No symbol) [0x0080E520]
	BaseThreadInitThunk [0x755E5D49+25]
	RtlInitializeExceptionChain [0x7753CE3B+107]
	RtlGetAppContainerNamedObjectPath [0x7753CDC1+561]

2025-03-21 17:37:52,082 - ERROR - Data link not found for https://data.egov.kz/datasets/view?index=opendata-api-uri470: Message: 
Stacktrace:
	GetHandleVerifier [0x0088B593+24387]
	(No symbol) [0x008158F4]
	(No symbol) [0x006F0753]
	(No symbol) [0x00738BA9]
	(No symbol) [0x00738EFB]
	(No symbol) [0x007819C2]
	(No symbol) [0x0075D894]
	(No symbol) [0x0077F138]
	(No symbol) [0x0075D646]
	(No symbol) [0x0072C59F]
	(No symbol) [0x0072D8E4]
	GetHandleVerifier [0x00B8D873+3179043]
	GetHandleVerifier [0x00BA6CE9+3282585]
	GetHandleVerifier [0x00BA166C+3260444]
	GetHandleVerifier [0x00924320+650448]
	(No symbol) [0x0081ECFD]
	(No symbol) [0x0081BAE8]
	(No symbol) [0x0081BC89]
	(No symbol) [0x0080E520]
	BaseThreadInitThunk [0x755E5D49+25]
	RtlInitializeExceptionChain [0x7753CE3B+107]
	RtlGetAppContainerNamedObjectPath [0x7753CDC1+561]

2025-03-21 17:38:17,711 - ERROR - Data link not found for https://data.egov.kz/datasets/view?index=tutynu_bagalarynyn_indeksi: Message: 
Stacktrace:
	GetHandleVerifier [0x0088B593+24387]
	(No symbol) [0x008158F4]
	(No symbol) [0x006F0753]
	(No symbol) [0x00738BA9]
	(No symbol) [0x00738EFB]
	(No symbol) [0x007819C2]
	(No symbol) [0x0075D894]
	(No symbol) [0x0077F138]
	(No symbol) [0x0075D646]
	(No symbol) [0x0072C59F]
	(No symbol) [0x0072D8E4]
	GetHandleVerifier [0x00B8D873+3179043]
	GetHandleVerifier [0x00BA6CE9+3282585]
	GetHandleVerifier [0x00BA166C+3260444]
	GetHandleVerifier [0x00924320+650448]
	(No symbol) [0x0081ECFD]
	(No symbol) [0x0081BAE8]
	(No symbol) [0x0081BC89]
	(No symbol) [0x0080E520]
	BaseThreadInitThunk [0x755E5D49+25]
	RtlInitializeExceptionChain [0x7753CE3B+107]
	RtlGetAppContainerNamedObjectPath [0x7753CDC1+561]

2025-03-21 17:38:43,310 - ERROR - Data link not found for https://data.egov.kz/datasets/view?index=opendata-api-uri471: Message: 
Stacktrace:
	GetHandleVerifier [0x0088B593+24387]
	(No symbol) [0x008158F4]
	(No symbol) [0x006F0753]
	(No symbol) [0x00738BA9]
	(No symbol) [0x00738EFB]
	(No symbol) [0x007819C2]
	(No symbol) [0x0075D894]
	(No symbol) [0x0077F138]
	(No symbol) [0x0075D646]
	(No symbol) [0x0072C59F]
	(No symbol) [0x0072D8E4]
	GetHandleVerifier [0x00B8D873+3179043]
	GetHandleVerifier [0x00BA6CE9+3282585]
	GetHandleVerifier [0x00BA166C+3260444]
	GetHandleVerifier [0x00924320+650448]
	(No symbol) [0x0081ECFD]
	(No symbol) [0x0081BAE8]
	(No symbol) [0x0081BC89]
	(No symbol) [0x0080E520]
	BaseThreadInitThunk [0x755E5D49+25]
	RtlInitializeExceptionChain [0x7753CE3B+107]
	RtlGetAppContainerNamedObjectPath [0x7753CDC1+561]

2025-03-21 17:39:08,998 - ERROR - Data link not found for https://data.egov.kz/datasets/view?index=opendata-api-uri472: Message: 
Stacktrace:
	GetHandleVerifier [0x0088B593+24387]
	(No symbol) [0x008158F4]
	(No symbol) [0x006F0753]
	(No symbol) [0x00738BA9]
	(No symbol) [0x00738EFB]
	(No symbol) [0x007819C2]
	(No symbol) [0x0075D894]
	(No symbol) [0x0077F138]
	(No symbol) [0x0075D646]
	(No symbol) [0x0072C59F]
	(No symbol) [0x0072D8E4]
	GetHandleVerifier [0x00B8D873+3179043]
	GetHandleVerifier [0x00BA6CE9+3282585]
	GetHandleVerifier [0x00BA166C+3260444]
	GetHandleVerifier [0x00924320+650448]
	(No symbol) [0x0081ECFD]
	(No symbol) [0x0081BAE8]
	(No symbol) [0x0081BC89]
	(No symbol) [0x0080E520]
	BaseThreadInitThunk [0x755E5D49+25]
	RtlInitializeExceptionChain [0x7753CE3B+107]
	RtlGetAppContainerNamedObjectPath [0x7753CDC1+561]

2025-03-21 17:48:20,338 - ERROR - Data link not found for https://data.egov.kz/datasets/view?index=opendata-api-uri456: Message: 
Stacktrace:
	GetHandleVerifier [0x007BB593+24387]
	(No symbol) [0x007458F4]
	(No symbol) [0x00620753]
	(No symbol) [0x00668BA9]
	(No symbol) [0x00668EFB]
	(No symbol) [0x006B19C2]
	(No symbol) [0x0068D894]
	(No symbol) [0x006AF138]
	(No symbol) [0x0068D646]
	(No symbol) [0x0065C59F]
	(No symbol) [0x0065D8E4]
	GetHandleVerifier [0x00ABD873+3179043]
	GetHandleVerifier [0x00AD6CE9+3282585]
	GetHandleVerifier [0x00AD166C+3260444]
	GetHandleVerifier [0x00854320+650448]
	(No symbol) [0x0074ECFD]
	(No symbol) [0x0074BAE8]
	(No symbol) [0x0074BC89]
	(No symbol) [0x0073E520]
	BaseThreadInitThunk [0x755E5D49+25]
	RtlInitializeExceptionChain [0x7753CE3B+107]
	RtlGetAppContainerNamedObjectPath [0x7753CDC1+561]

2025-03-21 17:48:43,096 - ERROR - Data link not found for https://data.egov.kz/datasets/view?index=opendata-api-uri456: Message: 
Stacktrace:
	GetHandleVerifier [0x007BB593+24387]
	(No symbol) [0x007458F4]
	(No symbol) [0x00620753]
	(No symbol) [0x00668BA9]
	(No symbol) [0x00668EFB]
	(No symbol) [0x006B19C2]
	(No symbol) [0x0068D894]
	(No symbol) [0x006AF138]
	(No symbol) [0x0068D646]
	(No symbol) [0x0065C59F]
	(No symbol) [0x0065D8E4]
	GetHandleVerifier [0x00ABD873+3179043]
	GetHandleVerifier [0x00AD6CE9+3282585]
	GetHandleVerifier [0x00AD166C+3260444]
	GetHandleVerifier [0x00854320+650448]
	(No symbol) [0x0074ECFD]
	(No symbol) [0x0074BAE8]
	(No symbol) [0x0074BC89]
	(No symbol) [0x0073E520]
	BaseThreadInitThunk [0x755E5D49+25]
	RtlInitializeExceptionChain [0x7753CE3B+107]
	RtlGetAppContainerNamedObjectPath [0x7753CDC1+561]

2025-03-21 17:49:05,814 - ERROR - Data link not found for https://data.egov.kz/datasets/view?index=opendata-api-uri456: Message: 
Stacktrace:
	GetHandleVerifier [0x007BB593+24387]
	(No symbol) [0x007458F4]
	(No symbol) [0x00620753]
	(No symbol) [0x00668BA9]
	(No symbol) [0x00668EFB]
	(No symbol) [0x006B19C2]
	(No symbol) [0x0068D894]
	(No symbol) [0x006AF138]
	(No symbol) [0x0068D646]
	(No symbol) [0x0065C59F]
	(No symbol) [0x0065D8E4]
	GetHandleVerifier [0x00ABD873+3179043]
	GetHandleVerifier [0x00AD6CE9+3282585]
	GetHandleVerifier [0x00AD166C+3260444]
	GetHandleVerifier [0x00854320+650448]
	(No symbol) [0x0074ECFD]
	(No symbol) [0x0074BAE8]
	(No symbol) [0x0074BC89]
	(No symbol) [0x0073E520]
	BaseThreadInitThunk [0x755E5D49+25]
	RtlInitializeExceptionChain [0x7753CE3B+107]
	RtlGetAppContainerNamedObjectPath [0x7753CDC1+561]

2025-03-21 17:49:28,551 - ERROR - Data link not found for https://data.egov.kz/datasets/view?index=zhan_basyna_shakkandagy_ondiri: Message: 
Stacktrace:
	GetHandleVerifier [0x007BB593+24387]
	(No symbol) [0x007458F4]
	(No symbol) [0x00620753]
	(No symbol) [0x00668BA9]
	(No symbol) [0x00668EFB]
	(No symbol) [0x006B19C2]
	(No symbol) [0x0068D894]
	(No symbol) [0x006AF138]
	(No symbol) [0x0068D646]
	(No symbol) [0x0065C59F]
	(No symbol) [0x0065D8E4]
	GetHandleVerifier [0x00ABD873+3179043]
	GetHandleVerifier [0x00AD6CE9+3282585]
	GetHandleVerifier [0x00AD166C+3260444]
	GetHandleVerifier [0x00854320+650448]
	(No symbol) [0x0074ECFD]
	(No symbol) [0x0074BAE8]
	(No symbol) [0x0074BC89]
	(No symbol) [0x0073E520]
	BaseThreadInitThunk [0x755E5D49+25]
	RtlInitializeExceptionChain [0x7753CE3B+107]
	RtlGetAppContainerNamedObjectPath [0x7753CDC1+561]

2025-03-21 17:49:50,902 - ERROR - Data link not found for https://data.egov.kz/datasets/view?index=zhan_basyna_shakkandagy_ondiri: Message: 
Stacktrace:
	GetHandleVerifier [0x007BB593+24387]
	(No symbol) [0x007458F4]
	(No symbol) [0x00620753]
	(No symbol) [0x00668BA9]
	(No symbol) [0x00668EFB]
	(No symbol) [0x006B19C2]
	(No symbol) [0x0068D894]
	(No symbol) [0x006AF138]
	(No symbol) [0x0068D646]
	(No symbol) [0x0065C59F]
	(No symbol) [0x0065D8E4]
	GetHandleVerifier [0x00ABD873+3179043]
	GetHandleVerifier [0x00AD6CE9+3282585]
	GetHandleVerifier [0x00AD166C+3260444]
	GetHandleVerifier [0x00854320+650448]
	(No symbol) [0x0074ECFD]
	(No symbol) [0x0074BAE8]
	(No symbol) [0x0074BC89]
	(No symbol) [0x0073E520]
	BaseThreadInitThunk [0x755E5D49+25]
	RtlInitializeExceptionChain [0x7753CE3B+107]
	RtlGetAppContainerNamedObjectPath [0x7753CDC1+561]

2025-03-21 17:50:13,430 - ERROR - Data link not found for https://data.egov.kz/datasets/view?index=zhan_basyna_shakkandagy_ondiri: Message: 
Stacktrace:
	GetHandleVerifier [0x007BB593+24387]
	(No symbol) [0x007458F4]
	(No symbol) [0x00620753]
	(No symbol) [0x00668BA9]
	(No symbol) [0x00668EFB]
	(No symbol) [0x006B19C2]
	(No symbol) [0x0068D894]
	(No symbol) [0x006AF138]
	(No symbol) [0x0068D646]
	(No symbol) [0x0065C59F]
	(No symbol) [0x0065D8E4]
	GetHandleVerifier [0x00ABD873+3179043]
	GetHandleVerifier [0x00AD6CE9+3282585]
	GetHandleVerifier [0x00AD166C+3260444]
	GetHandleVerifier [0x00854320+650448]
	(No symbol) [0x0074ECFD]
	(No symbol) [0x0074BAE8]
	(No symbol) [0x0074BC89]
	(No symbol) [0x0073E520]
	BaseThreadInitThunk [0x755E5D49+25]
	RtlInitializeExceptionChain [0x7753CE3B+107]
	RtlGetAppContainerNamedObjectPath [0x7753CDC1+561]

2025-03-21 17:50:36,302 - ERROR - Data link not found for https://data.egov.kz/datasets/view?index=ondiris_shotyndagy_zhalpy_kosy: Message: 
Stacktrace:
	GetHandleVerifier [0x007BB593+24387]
	(No symbol) [0x007458F4]
	(No symbol) [0x00620753]
	(No symbol) [0x00668BA9]
	(No symbol) [0x00668EFB]
	(No symbol) [0x006B19C2]
	(No symbol) [0x0068D894]
	(No symbol) [0x006AF138]
	(No symbol) [0x0068D646]
	(No symbol) [0x0065C59F]
	(No symbol) [0x0065D8E4]
	GetHandleVerifier [0x00ABD873+3179043]
	GetHandleVerifier [0x00AD6CE9+3282585]
	GetHandleVerifier [0x00AD166C+3260444]
	GetHandleVerifier [0x00854320+650448]
	(No symbol) [0x0074ECFD]
	(No symbol) [0x0074BAE8]
	(No symbol) [0x0074BC89]
	(No symbol) [0x0073E520]
	BaseThreadInitThunk [0x755E5D49+25]
	RtlInitializeExceptionChain [0x7753CE3B+107]
	RtlGetAppContainerNamedObjectPath [0x7753CDC1+561]

2025-03-21 17:50:58,850 - ERROR - Data link not found for https://data.egov.kz/datasets/view?index=ondiris_shotyndagy_zhalpy_kosy: Message: 
Stacktrace:
	GetHandleVerifier [0x007BB593+24387]
	(No symbol) [0x007458F4]
	(No symbol) [0x00620753]
	(No symbol) [0x00668BA9]
	(No symbol) [0x00668EFB]
	(No symbol) [0x006B19C2]
	(No symbol) [0x0068D894]
	(No symbol) [0x006AF138]
	(No symbol) [0x0068D646]
	(No symbol) [0x0065C59F]
	(No symbol) [0x0065D8E4]
	GetHandleVerifier [0x00ABD873+3179043]
	GetHandleVerifier [0x00AD6CE9+3282585]
	GetHandleVerifier [0x00AD166C+3260444]
	GetHandleVerifier [0x00854320+650448]
	(No symbol) [0x0074ECFD]
	(No symbol) [0x0074BAE8]
	(No symbol) [0x0074BC89]
	(No symbol) [0x0073E520]
	BaseThreadInitThunk [0x755E5D49+25]
	RtlInitializeExceptionChain [0x7753CE3B+107]
	RtlGetAppContainerNamedObjectPath [0x7753CDC1+561]

2025-03-21 17:51:21,764 - ERROR - Data link not found for https://data.egov.kz/datasets/view?index=ondiris_shotyndagy_zhalpy_kosy: Message: 
Stacktrace:
	GetHandleVerifier [0x007BB593+24387]
	(No symbol) [0x007458F4]
	(No symbol) [0x00620753]
	(No symbol) [0x00668BA9]
	(No symbol) [0x00668EFB]
	(No symbol) [0x006B19C2]
	(No symbol) [0x0068D894]
	(No symbol) [0x006AF138]
	(No symbol) [0x0068D646]
	(No symbol) [0x0065C59F]
	(No symbol) [0x0065D8E4]
	GetHandleVerifier [0x00ABD873+3179043]
	GetHandleVerifier [0x00AD6CE9+3282585]
	GetHandleVerifier [0x00AD166C+3260444]
	GetHandleVerifier [0x00854320+650448]
	(No symbol) [0x0074ECFD]
	(No symbol) [0x0074BAE8]
	(No symbol) [0x0074BC89]
	(No symbol) [0x0073E520]
	BaseThreadInitThunk [0x755E5D49+25]
	RtlInitializeExceptionChain [0x7753CE3B+107]
	RtlGetAppContainerNamedObjectPath [0x7753CDC1+561]

2025-03-21 17:51:44,237 - ERROR - Data link not found for https://data.egov.kz/datasets/view?index=opendata-api-uri457: Message: 
Stacktrace:
	GetHandleVerifier [0x007BB593+24387]
	(No symbol) [0x007458F4]
	(No symbol) [0x00620753]
	(No symbol) [0x00668BA9]
	(No symbol) [0x00668EFB]
	(No symbol) [0x006B19C2]
	(No symbol) [0x0068D894]
	(No symbol) [0x006AF138]
	(No symbol) [0x0068D646]
	(No symbol) [0x0065C59F]
	(No symbol) [0x0065D8E4]
	GetHandleVerifier [0x00ABD873+3179043]
	GetHandleVerifier [0x00AD6CE9+3282585]
	GetHandleVerifier [0x00AD166C+3260444]
	GetHandleVerifier [0x00854320+650448]
	(No symbol) [0x0074ECFD]
	(No symbol) [0x0074BAE8]
	(No symbol) [0x0074BC89]
	(No symbol) [0x0073E520]
	BaseThreadInitThunk [0x755E5D49+25]
	RtlInitializeExceptionChain [0x7753CE3B+107]
	RtlGetAppContainerNamedObjectPath [0x7753CDC1+561]

2025-03-21 17:52:07,006 - ERROR - Data link not found for https://data.egov.kz/datasets/view?index=opendata-api-uri457: Message: 
Stacktrace:
	GetHandleVerifier [0x007BB593+24387]
	(No symbol) [0x007458F4]
	(No symbol) [0x00620753]
	(No symbol) [0x00668BA9]
	(No symbol) [0x00668EFB]
	(No symbol) [0x006B19C2]
	(No symbol) [0x0068D894]
	(No symbol) [0x006AF138]
	(No symbol) [0x0068D646]
	(No symbol) [0x0065C59F]
	(No symbol) [0x0065D8E4]
	GetHandleVerifier [0x00ABD873+3179043]
	GetHandleVerifier [0x00AD6CE9+3282585]
	GetHandleVerifier [0x00AD166C+3260444]
	GetHandleVerifier [0x00854320+650448]
	(No symbol) [0x0074ECFD]
	(No symbol) [0x0074BAE8]
	(No symbol) [0x0074BC89]
	(No symbol) [0x0073E520]
	BaseThreadInitThunk [0x755E5D49+25]
	RtlInitializeExceptionChain [0x7753CE3B+107]
	RtlGetAppContainerNamedObjectPath [0x7753CDC1+561]

2025-03-21 17:52:29,488 - ERROR - Data link not found for https://data.egov.kz/datasets/view?index=opendata-api-uri457: Message: 
Stacktrace:
	GetHandleVerifier [0x007BB593+24387]
	(No symbol) [0x007458F4]
	(No symbol) [0x00620753]
	(No symbol) [0x00668BA9]
	(No symbol) [0x00668EFB]
	(No symbol) [0x006B19C2]
	(No symbol) [0x0068D894]
	(No symbol) [0x006AF138]
	(No symbol) [0x0068D646]
	(No symbol) [0x0065C59F]
	(No symbol) [0x0065D8E4]
	GetHandleVerifier [0x00ABD873+3179043]
	GetHandleVerifier [0x00AD6CE9+3282585]
	GetHandleVerifier [0x00AD166C+3260444]
	GetHandleVerifier [0x00854320+650448]
	(No symbol) [0x0074ECFD]
	(No symbol) [0x0074BAE8]
	(No symbol) [0x0074BC89]
	(No symbol) [0x0073E520]
	BaseThreadInitThunk [0x755E5D49+25]
	RtlInitializeExceptionChain [0x7753CE3B+107]
	RtlGetAppContainerNamedObjectPath [0x7753CDC1+561]

2025-03-21 17:52:52,093 - ERROR - Data link not found for https://data.egov.kz/datasets/view?index=opendata-api-uri458: Message: 
Stacktrace:
	GetHandleVerifier [0x007BB593+24387]
	(No symbol) [0x007458F4]
	(No symbol) [0x00620753]
	(No symbol) [0x00668BA9]
	(No symbol) [0x00668EFB]
	(No symbol) [0x006B19C2]
	(No symbol) [0x0068D894]
	(No symbol) [0x006AF138]
	(No symbol) [0x0068D646]
	(No symbol) [0x0065C59F]
	(No symbol) [0x0065D8E4]
	GetHandleVerifier [0x00ABD873+3179043]
	GetHandleVerifier [0x00AD6CE9+3282585]
	GetHandleVerifier [0x00AD166C+3260444]
	GetHandleVerifier [0x00854320+650448]
	(No symbol) [0x0074ECFD]
	(No symbol) [0x0074BAE8]
	(No symbol) [0x0074BC89]
	(No symbol) [0x0073E520]
	BaseThreadInitThunk [0x755E5D49+25]
	RtlInitializeExceptionChain [0x7753CE3B+107]
	RtlGetAppContainerNamedObjectPath [0x7753CDC1+561]

2025-03-21 17:53:14,242 - ERROR - Data link not found for https://data.egov.kz/datasets/view?index=opendata-api-uri458: Message: 
Stacktrace:
	GetHandleVerifier [0x007BB593+24387]
	(No symbol) [0x007458F4]
	(No symbol) [0x00620753]
	(No symbol) [0x00668BA9]
	(No symbol) [0x00668EFB]
	(No symbol) [0x006B19C2]
	(No symbol) [0x0068D894]
	(No symbol) [0x006AF138]
	(No symbol) [0x0068D646]
	(No symbol) [0x0065C59F]
	(No symbol) [0x0065D8E4]
	GetHandleVerifier [0x00ABD873+3179043]
	GetHandleVerifier [0x00AD6CE9+3282585]
	GetHandleVerifier [0x00AD166C+3260444]
	GetHandleVerifier [0x00854320+650448]
	(No symbol) [0x0074ECFD]
	(No symbol) [0x0074BAE8]
	(No symbol) [0x0074BC89]
	(No symbol) [0x0073E520]
	BaseThreadInitThunk [0x755E5D49+25]
	RtlInitializeExceptionChain [0x7753CE3B+107]
	RtlGetAppContainerNamedObjectPath [0x7753CDC1+561]

2025-03-21 17:53:37,345 - ERROR - Data link not found for https://data.egov.kz/datasets/view?index=opendata-api-uri458: Message: 
Stacktrace:
	GetHandleVerifier [0x007BB593+24387]
	(No symbol) [0x007458F4]
	(No symbol) [0x00620753]
	(No symbol) [0x00668BA9]
	(No symbol) [0x00668EFB]
	(No symbol) [0x006B19C2]
	(No symbol) [0x0068D894]
	(No symbol) [0x006AF138]
	(No symbol) [0x0068D646]
	(No symbol) [0x0065C59F]
	(No symbol) [0x0065D8E4]
	GetHandleVerifier [0x00ABD873+3179043]
	GetHandleVerifier [0x00AD6CE9+3282585]
	GetHandleVerifier [0x00AD166C+3260444]
	GetHandleVerifier [0x00854320+650448]
	(No symbol) [0x0074ECFD]
	(No symbol) [0x0074BAE8]
	(No symbol) [0x0074BC89]
	(No symbol) [0x0073E520]
	BaseThreadInitThunk [0x755E5D49+25]
	RtlInitializeExceptionChain [0x7753CE3B+107]
	RtlGetAppContainerNamedObjectPath [0x7753CDC1+561]

2025-03-21 17:53:59,706 - ERROR - Data link not found for https://data.egov.kz/datasets/view?index=zhalpy_onirlik_onimnin_nakty_k: Message: 
Stacktrace:
	GetHandleVerifier [0x007BB593+24387]
	(No symbol) [0x007458F4]
	(No symbol) [0x00620753]
	(No symbol) [0x00668BA9]
	(No symbol) [0x00668EFB]
	(No symbol) [0x006B19C2]
	(No symbol) [0x0068D894]
	(No symbol) [0x006AF138]
	(No symbol) [0x0068D646]
	(No symbol) [0x0065C59F]
	(No symbol) [0x0065D8E4]
	GetHandleVerifier [0x00ABD873+3179043]
	GetHandleVerifier [0x00AD6CE9+3282585]
	GetHandleVerifier [0x00AD166C+3260444]
	GetHandleVerifier [0x00854320+650448]
	(No symbol) [0x0074ECFD]
	(No symbol) [0x0074BAE8]
	(No symbol) [0x0074BC89]
	(No symbol) [0x0073E520]
	BaseThreadInitThunk [0x755E5D49+25]
	RtlInitializeExceptionChain [0x7753CE3B+107]
	RtlGetAppContainerNamedObjectPath [0x7753CDC1+561]

2025-03-21 17:54:22,158 - ERROR - Data link not found for https://data.egov.kz/datasets/view?index=zhalpy_onirlik_onimnin_nakty_k: Message: 
Stacktrace:
	GetHandleVerifier [0x007BB593+24387]
	(No symbol) [0x007458F4]
	(No symbol) [0x00620753]
	(No symbol) [0x00668BA9]
	(No symbol) [0x00668EFB]
	(No symbol) [0x006B19C2]
	(No symbol) [0x0068D894]
	(No symbol) [0x006AF138]
	(No symbol) [0x0068D646]
	(No symbol) [0x0065C59F]
	(No symbol) [0x0065D8E4]
	GetHandleVerifier [0x00ABD873+3179043]
	GetHandleVerifier [0x00AD6CE9+3282585]
	GetHandleVerifier [0x00AD166C+3260444]
	GetHandleVerifier [0x00854320+650448]
	(No symbol) [0x0074ECFD]
	(No symbol) [0x0074BAE8]
	(No symbol) [0x0074BC89]
	(No symbol) [0x0073E520]
	BaseThreadInitThunk [0x755E5D49+25]
	RtlInitializeExceptionChain [0x7753CE3B+107]
	RtlGetAppContainerNamedObjectPath [0x7753CDC1+561]

2025-03-21 17:54:45,035 - ERROR - Data link not found for https://data.egov.kz/datasets/view?index=zhalpy_onirlik_onimnin_nakty_k: Message: 
Stacktrace:
	GetHandleVerifier [0x007BB593+24387]
	(No symbol) [0x007458F4]
	(No symbol) [0x00620753]
	(No symbol) [0x00668BA9]
	(No symbol) [0x00668EFB]
	(No symbol) [0x006B19C2]
	(No symbol) [0x0068D894]
	(No symbol) [0x006AF138]
	(No symbol) [0x0068D646]
	(No symbol) [0x0065C59F]
	(No symbol) [0x0065D8E4]
	GetHandleVerifier [0x00ABD873+3179043]
	GetHandleVerifier [0x00AD6CE9+3282585]
	GetHandleVerifier [0x00AD166C+3260444]
	GetHandleVerifier [0x00854320+650448]
	(No symbol) [0x0074ECFD]
	(No symbol) [0x0074BAE8]
	(No symbol) [0x0074BC89]
	(No symbol) [0x0073E520]
	BaseThreadInitThunk [0x755E5D49+25]
	RtlInitializeExceptionChain [0x7753CE3B+107]
	RtlGetAppContainerNamedObjectPath [0x7753CDC1+561]

2025-03-21 17:55:08,147 - ERROR - Data link not found for https://data.egov.kz/datasets/view?index=zhan_basyna_shakkandagy_zhalpy: Message: 
Stacktrace:
	GetHandleVerifier [0x007BB593+24387]
	(No symbol) [0x007458F4]
	(No symbol) [0x00620753]
	(No symbol) [0x00668BA9]
	(No symbol) [0x00668EFB]
	(No symbol) [0x006B19C2]
	(No symbol) [0x0068D894]
	(No symbol) [0x006AF138]
	(No symbol) [0x0068D646]
	(No symbol) [0x0065C59F]
	(No symbol) [0x0065D8E4]
	GetHandleVerifier [0x00ABD873+3179043]
	GetHandleVerifier [0x00AD6CE9+3282585]
	GetHandleVerifier [0x00AD166C+3260444]
	GetHandleVerifier [0x00854320+650448]
	(No symbol) [0x0074ECFD]
	(No symbol) [0x0074BAE8]
	(No symbol) [0x0074BC89]
	(No symbol) [0x0073E520]
	BaseThreadInitThunk [0x755E5D49+25]
	RtlInitializeExceptionChain [0x7753CE3B+107]
	RtlGetAppContainerNamedObjectPath [0x7753CDC1+561]

2025-03-21 17:55:30,471 - ERROR - Data link not found for https://data.egov.kz/datasets/view?index=zhan_basyna_shakkandagy_zhalpy: Message: 
Stacktrace:
	GetHandleVerifier [0x007BB593+24387]
	(No symbol) [0x007458F4]
	(No symbol) [0x00620753]
	(No symbol) [0x00668BA9]
	(No symbol) [0x00668EFB]
	(No symbol) [0x006B19C2]
	(No symbol) [0x0068D894]
	(No symbol) [0x006AF138]
	(No symbol) [0x0068D646]
	(No symbol) [0x0065C59F]
	(No symbol) [0x0065D8E4]
	GetHandleVerifier [0x00ABD873+3179043]
	GetHandleVerifier [0x00AD6CE9+3282585]
	GetHandleVerifier [0x00AD166C+3260444]
	GetHandleVerifier [0x00854320+650448]
	(No symbol) [0x0074ECFD]
	(No symbol) [0x0074BAE8]
	(No symbol) [0x0074BC89]
	(No symbol) [0x0073E520]
	BaseThreadInitThunk [0x755E5D49+25]
	RtlInitializeExceptionChain [0x7753CE3B+107]
	RtlGetAppContainerNamedObjectPath [0x7753CDC1+561]

2025-03-21 17:55:53,130 - ERROR - Data link not found for https://data.egov.kz/datasets/view?index=zhan_basyna_shakkandagy_zhalpy: Message: 
Stacktrace:
	GetHandleVerifier [0x007BB593+24387]
	(No symbol) [0x007458F4]
	(No symbol) [0x00620753]
	(No symbol) [0x00668BA9]
	(No symbol) [0x00668EFB]
	(No symbol) [0x006B19C2]
	(No symbol) [0x0068D894]
	(No symbol) [0x006AF138]
	(No symbol) [0x0068D646]
	(No symbol) [0x0065C59F]
	(No symbol) [0x0065D8E4]
	GetHandleVerifier [0x00ABD873+3179043]
	GetHandleVerifier [0x00AD6CE9+3282585]
	GetHandleVerifier [0x00AD166C+3260444]
	GetHandleVerifier [0x00854320+650448]
	(No symbol) [0x0074ECFD]
	(No symbol) [0x0074BAE8]
	(No symbol) [0x0074BC89]
	(No symbol) [0x0073E520]
	BaseThreadInitThunk [0x755E5D49+25]
	RtlInitializeExceptionChain [0x7753CE3B+107]
	RtlGetAppContainerNamedObjectPath [0x7753CDC1+561]

2025-03-21 17:56:16,025 - ERROR - Data link not found for https://data.egov.kz/datasets/view?index=zheke_kasipkerlerdin_onim_shyg1: Message: 
Stacktrace:
	GetHandleVerifier [0x007BB593+24387]
	(No symbol) [0x007458F4]
	(No symbol) [0x00620753]
	(No symbol) [0x00668BA9]
	(No symbol) [0x00668EFB]
	(No symbol) [0x006B19C2]
	(No symbol) [0x0068D894]
	(No symbol) [0x006AF138]
	(No symbol) [0x0068D646]
	(No symbol) [0x0065C59F]
	(No symbol) [0x0065D8E4]
	GetHandleVerifier [0x00ABD873+3179043]
	GetHandleVerifier [0x00AD6CE9+3282585]
	GetHandleVerifier [0x00AD166C+3260444]
	GetHandleVerifier [0x00854320+650448]
	(No symbol) [0x0074ECFD]
	(No symbol) [0x0074BAE8]
	(No symbol) [0x0074BC89]
	(No symbol) [0x0073E520]
	BaseThreadInitThunk [0x755E5D49+25]
	RtlInitializeExceptionChain [0x7753CE3B+107]
	RtlGetAppContainerNamedObjectPath [0x7753CDC1+561]

2025-03-21 17:56:38,812 - ERROR - Data link not found for https://data.egov.kz/datasets/view?index=zheke_kasipkerlerdin_onim_shyg1: Message: 
Stacktrace:
	GetHandleVerifier [0x007BB593+24387]
	(No symbol) [0x007458F4]
	(No symbol) [0x00620753]
	(No symbol) [0x00668BA9]
	(No symbol) [0x00668EFB]
	(No symbol) [0x006B19C2]
	(No symbol) [0x0068D894]
	(No symbol) [0x006AF138]
	(No symbol) [0x0068D646]
	(No symbol) [0x0065C59F]
	(No symbol) [0x0065D8E4]
	GetHandleVerifier [0x00ABD873+3179043]
	GetHandleVerifier [0x00AD6CE9+3282585]
	GetHandleVerifier [0x00AD166C+3260444]
	GetHandleVerifier [0x00854320+650448]
	(No symbol) [0x0074ECFD]
	(No symbol) [0x0074BAE8]
	(No symbol) [0x0074BC89]
	(No symbol) [0x0073E520]
	BaseThreadInitThunk [0x755E5D49+25]
	RtlInitializeExceptionChain [0x7753CE3B+107]
	RtlGetAppContainerNamedObjectPath [0x7753CDC1+561]

2025-03-21 17:57:01,243 - ERROR - Data link not found for https://data.egov.kz/datasets/view?index=zheke_kasipkerlerdin_onim_shyg1: Message: 
Stacktrace:
	GetHandleVerifier [0x007BB593+24387]
	(No symbol) [0x007458F4]
	(No symbol) [0x00620753]
	(No symbol) [0x00668BA9]
	(No symbol) [0x00668EFB]
	(No symbol) [0x006B19C2]
	(No symbol) [0x0068D894]
	(No symbol) [0x006AF138]
	(No symbol) [0x0068D646]
	(No symbol) [0x0065C59F]
	(No symbol) [0x0065D8E4]
	GetHandleVerifier [0x00ABD873+3179043]
	GetHandleVerifier [0x00AD6CE9+3282585]
	GetHandleVerifier [0x00AD166C+3260444]
	GetHandleVerifier [0x00854320+650448]
	(No symbol) [0x0074ECFD]
	(No symbol) [0x0074BAE8]
	(No symbol) [0x0074BC89]
	(No symbol) [0x0073E520]
	BaseThreadInitThunk [0x755E5D49+25]
	RtlInitializeExceptionChain [0x7753CE3B+107]
	RtlGetAppContainerNamedObjectPath [0x7753CDC1+561]

2025-03-21 17:57:24,091 - ERROR - Data link not found for https://data.egov.kz/datasets/view?index=shagyn_zhane_orta_kasipkerlik_11: Message: 
Stacktrace:
	GetHandleVerifier [0x007BB593+24387]
	(No symbol) [0x007458F4]
	(No symbol) [0x00620753]
	(No symbol) [0x00668BA9]
	(No symbol) [0x00668EFB]
	(No symbol) [0x006B19C2]
	(No symbol) [0x0068D894]
	(No symbol) [0x006AF138]
	(No symbol) [0x0068D646]
	(No symbol) [0x0065C59F]
	(No symbol) [0x0065D8E4]
	GetHandleVerifier [0x00ABD873+3179043]
	GetHandleVerifier [0x00AD6CE9+3282585]
	GetHandleVerifier [0x00AD166C+3260444]
	GetHandleVerifier [0x00854320+650448]
	(No symbol) [0x0074ECFD]
	(No symbol) [0x0074BAE8]
	(No symbol) [0x0074BC89]
	(No symbol) [0x0073E520]
	BaseThreadInitThunk [0x755E5D49+25]
	RtlInitializeExceptionChain [0x7753CE3B+107]
	RtlGetAppContainerNamedObjectPath [0x7753CDC1+561]

2025-03-21 17:57:46,910 - ERROR - Data link not found for https://data.egov.kz/datasets/view?index=shagyn_zhane_orta_kasipkerlik_11: Message: 
Stacktrace:
	GetHandleVerifier [0x007BB593+24387]
	(No symbol) [0x007458F4]
	(No symbol) [0x00620753]
	(No symbol) [0x00668BA9]
	(No symbol) [0x00668EFB]
	(No symbol) [0x006B19C2]
	(No symbol) [0x0068D894]
	(No symbol) [0x006AF138]
	(No symbol) [0x0068D646]
	(No symbol) [0x0065C59F]
	(No symbol) [0x0065D8E4]
	GetHandleVerifier [0x00ABD873+3179043]
	GetHandleVerifier [0x00AD6CE9+3282585]
	GetHandleVerifier [0x00AD166C+3260444]
	GetHandleVerifier [0x00854320+650448]
	(No symbol) [0x0074ECFD]
	(No symbol) [0x0074BAE8]
	(No symbol) [0x0074BC89]
	(No symbol) [0x0073E520]
	BaseThreadInitThunk [0x755E5D49+25]
	RtlInitializeExceptionChain [0x7753CE3B+107]
	RtlGetAppContainerNamedObjectPath [0x7753CDC1+561]

2025-03-21 17:58:09,584 - ERROR - Data link not found for https://data.egov.kz/datasets/view?index=shagyn_zhane_orta_kasipkerlik_11: Message: 
Stacktrace:
	GetHandleVerifier [0x007BB593+24387]
	(No symbol) [0x007458F4]
	(No symbol) [0x00620753]
	(No symbol) [0x00668BA9]
	(No symbol) [0x00668EFB]
	(No symbol) [0x006B19C2]
	(No symbol) [0x0068D894]
	(No symbol) [0x006AF138]
	(No symbol) [0x0068D646]
	(No symbol) [0x0065C59F]
	(No symbol) [0x0065D8E4]
	GetHandleVerifier [0x00ABD873+3179043]
	GetHandleVerifier [0x00AD6CE9+3282585]
	GetHandleVerifier [0x00AD166C+3260444]
	GetHandleVerifier [0x00854320+650448]
	(No symbol) [0x0074ECFD]
	(No symbol) [0x0074BAE8]
	(No symbol) [0x0074BC89]
	(No symbol) [0x0073E520]
	BaseThreadInitThunk [0x755E5D49+25]
	RtlInitializeExceptionChain [0x7753CE3B+107]
	RtlGetAppContainerNamedObjectPath [0x7753CDC1+561]

2025-03-21 17:58:32,120 - ERROR - Data link not found for https://data.egov.kz/datasets/view?index=zhan_basyna_shakkanda_shagyn_z1: Message: 
Stacktrace:
	GetHandleVerifier [0x007BB593+24387]
	(No symbol) [0x007458F4]
	(No symbol) [0x00620753]
	(No symbol) [0x00668BA9]
	(No symbol) [0x00668EFB]
	(No symbol) [0x006B19C2]
	(No symbol) [0x0068D894]
	(No symbol) [0x006AF138]
	(No symbol) [0x0068D646]
	(No symbol) [0x0065C59F]
	(No symbol) [0x0065D8E4]
	GetHandleVerifier [0x00ABD873+3179043]
	GetHandleVerifier [0x00AD6CE9+3282585]
	GetHandleVerifier [0x00AD166C+3260444]
	GetHandleVerifier [0x00854320+650448]
	(No symbol) [0x0074ECFD]
	(No symbol) [0x0074BAE8]
	(No symbol) [0x0074BC89]
	(No symbol) [0x0073E520]
	BaseThreadInitThunk [0x755E5D49+25]
	RtlInitializeExceptionChain [0x7753CE3B+107]
	RtlGetAppContainerNamedObjectPath [0x7753CDC1+561]

2025-03-21 17:58:54,589 - ERROR - Data link not found for https://data.egov.kz/datasets/view?index=zhan_basyna_shakkanda_shagyn_z1: Message: 
Stacktrace:
	GetHandleVerifier [0x007BB593+24387]
	(No symbol) [0x007458F4]
	(No symbol) [0x00620753]
	(No symbol) [0x00668BA9]
	(No symbol) [0x00668EFB]
	(No symbol) [0x006B19C2]
	(No symbol) [0x0068D894]
	(No symbol) [0x006AF138]
	(No symbol) [0x0068D646]
	(No symbol) [0x0065C59F]
	(No symbol) [0x0065D8E4]
	GetHandleVerifier [0x00ABD873+3179043]
	GetHandleVerifier [0x00AD6CE9+3282585]
	GetHandleVerifier [0x00AD166C+3260444]
	GetHandleVerifier [0x00854320+650448]
	(No symbol) [0x0074ECFD]
	(No symbol) [0x0074BAE8]
	(No symbol) [0x0074BC89]
	(No symbol) [0x0073E520]
	BaseThreadInitThunk [0x755E5D49+25]
	RtlInitializeExceptionChain [0x7753CE3B+107]
	RtlGetAppContainerNamedObjectPath [0x7753CDC1+561]

2025-03-21 17:59:17,114 - ERROR - Data link not found for https://data.egov.kz/datasets/view?index=zhan_basyna_shakkanda_shagyn_z1: Message: 
Stacktrace:
	GetHandleVerifier [0x007BB593+24387]
	(No symbol) [0x007458F4]
	(No symbol) [0x00620753]
	(No symbol) [0x00668BA9]
	(No symbol) [0x00668EFB]
	(No symbol) [0x006B19C2]
	(No symbol) [0x0068D894]
	(No symbol) [0x006AF138]
	(No symbol) [0x0068D646]
	(No symbol) [0x0065C59F]
	(No symbol) [0x0065D8E4]
	GetHandleVerifier [0x00ABD873+3179043]
	GetHandleVerifier [0x00AD6CE9+3282585]
	GetHandleVerifier [0x00AD166C+3260444]
	GetHandleVerifier [0x00854320+650448]
	(No symbol) [0x0074ECFD]
	(No symbol) [0x0074BAE8]
	(No symbol) [0x0074BC89]
	(No symbol) [0x0073E520]
	BaseThreadInitThunk [0x755E5D49+25]
	RtlInitializeExceptionChain [0x7753CE3B+107]
	RtlGetAppContainerNamedObjectPath [0x7753CDC1+561]

2025-03-21 17:59:39,210 - ERROR - Data link not found for https://data.egov.kz/datasets/view?index=opendata-api-uri459: Message: 
Stacktrace:
	GetHandleVerifier [0x007BB593+24387]
	(No symbol) [0x007458F4]
	(No symbol) [0x00620753]
	(No symbol) [0x00668BA9]
	(No symbol) [0x00668EFB]
	(No symbol) [0x006B19C2]
	(No symbol) [0x0068D894]
	(No symbol) [0x006AF138]
	(No symbol) [0x0068D646]
	(No symbol) [0x0065C59F]
	(No symbol) [0x0065D8E4]
	GetHandleVerifier [0x00ABD873+3179043]
	GetHandleVerifier [0x00AD6CE9+3282585]
	GetHandleVerifier [0x00AD166C+3260444]
	GetHandleVerifier [0x00854320+650448]
	(No symbol) [0x0074ECFD]
	(No symbol) [0x0074BAE8]
	(No symbol) [0x0074BC89]
	(No symbol) [0x0073E520]
	BaseThreadInitThunk [0x755E5D49+25]
	RtlInitializeExceptionChain [0x7753CE3B+107]
	RtlGetAppContainerNamedObjectPath [0x7753CDC1+561]

2025-03-21 18:00:08,576 - ERROR - Data link not found for https://data.egov.kz/datasets/view?index=opendata-api-uri459: Message: 
Stacktrace:
	GetHandleVerifier [0x007BB593+24387]
	(No symbol) [0x007458F4]
	(No symbol) [0x00620753]
	(No symbol) [0x00668BA9]
	(No symbol) [0x00668EFB]
	(No symbol) [0x006B19C2]
	(No symbol) [0x0068D894]
	(No symbol) [0x006AF138]
	(No symbol) [0x0068D646]
	(No symbol) [0x0065C59F]
	(No symbol) [0x0065D8E4]
	GetHandleVerifier [0x00ABD873+3179043]
	GetHandleVerifier [0x00AD6CE9+3282585]
	GetHandleVerifier [0x00AD166C+3260444]
	GetHandleVerifier [0x00854320+650448]
	(No symbol) [0x0074ECFD]
	(No symbol) [0x0074BAE8]
	(No symbol) [0x0074BC89]
	(No symbol) [0x0073E520]
	BaseThreadInitThunk [0x755E5D49+25]
	RtlInitializeExceptionChain [0x7753CE3B+107]
	RtlGetAppContainerNamedObjectPath [0x7753CDC1+561]

2025-03-21 18:00:31,770 - ERROR - Data link not found for https://data.egov.kz/datasets/view?index=opendata-api-uri459: Message: 
Stacktrace:
	GetHandleVerifier [0x007BB593+24387]
	(No symbol) [0x007458F4]
	(No symbol) [0x00620753]
	(No symbol) [0x00668BA9]
	(No symbol) [0x00668EFB]
	(No symbol) [0x006B19C2]
	(No symbol) [0x0068D894]
	(No symbol) [0x006AF138]
	(No symbol) [0x0068D646]
	(No symbol) [0x0065C59F]
	(No symbol) [0x0065D8E4]
	GetHandleVerifier [0x00ABD873+3179043]
	GetHandleVerifier [0x00AD6CE9+3282585]
	GetHandleVerifier [0x00AD166C+3260444]
	GetHandleVerifier [0x00854320+650448]
	(No symbol) [0x0074ECFD]
	(No symbol) [0x0074BAE8]
	(No symbol) [0x0074BC89]
	(No symbol) [0x0073E520]
	BaseThreadInitThunk [0x755E5D49+25]
	RtlInitializeExceptionChain [0x7753CE3B+107]
	RtlGetAppContainerNamedObjectPath [0x7753CDC1+561]

2025-03-21 18:00:58,125 - ERROR - Data link not found for https://data.egov.kz/datasets/view?index=opendata-api-uri460: Message: 
Stacktrace:
	GetHandleVerifier [0x007BB593+24387]
	(No symbol) [0x007458F4]
	(No symbol) [0x00620753]
	(No symbol) [0x00668BA9]
	(No symbol) [0x00668EFB]
	(No symbol) [0x006B19C2]
	(No symbol) [0x0068D894]
	(No symbol) [0x006AF138]
	(No symbol) [0x0068D646]
	(No symbol) [0x0065C59F]
	(No symbol) [0x0065D8E4]
	GetHandleVerifier [0x00ABD873+3179043]
	GetHandleVerifier [0x00AD6CE9+3282585]
	GetHandleVerifier [0x00AD166C+3260444]
	GetHandleVerifier [0x00854320+650448]
	(No symbol) [0x0074ECFD]
	(No symbol) [0x0074BAE8]
	(No symbol) [0x0074BC89]
	(No symbol) [0x0073E520]
	BaseThreadInitThunk [0x755E5D49+25]
	RtlInitializeExceptionChain [0x7753CE3B+107]
	RtlGetAppContainerNamedObjectPath [0x7753CDC1+561]

2025-03-21 18:01:20,566 - ERROR - Data link not found for https://data.egov.kz/datasets/view?index=opendata-api-uri460: Message: 
Stacktrace:
	GetHandleVerifier [0x007BB593+24387]
	(No symbol) [0x007458F4]
	(No symbol) [0x00620753]
	(No symbol) [0x00668BA9]
	(No symbol) [0x00668EFB]
	(No symbol) [0x006B19C2]
	(No symbol) [0x0068D894]
	(No symbol) [0x006AF138]
	(No symbol) [0x0068D646]
	(No symbol) [0x0065C59F]
	(No symbol) [0x0065D8E4]
	GetHandleVerifier [0x00ABD873+3179043]
	GetHandleVerifier [0x00AD6CE9+3282585]
	GetHandleVerifier [0x00AD166C+3260444]
	GetHandleVerifier [0x00854320+650448]
	(No symbol) [0x0074ECFD]
	(No symbol) [0x0074BAE8]
	(No symbol) [0x0074BC89]
	(No symbol) [0x0073E520]
	BaseThreadInitThunk [0x755E5D49+25]
	RtlInitializeExceptionChain [0x7753CE3B+107]
	RtlGetAppContainerNamedObjectPath [0x7753CDC1+561]

2025-03-21 18:01:43,238 - ERROR - Data link not found for https://data.egov.kz/datasets/view?index=opendata-api-uri460: Message: 
Stacktrace:
	GetHandleVerifier [0x007BB593+24387]
	(No symbol) [0x007458F4]
	(No symbol) [0x00620753]
	(No symbol) [0x00668BA9]
	(No symbol) [0x00668EFB]
	(No symbol) [0x006B19C2]
	(No symbol) [0x0068D894]
	(No symbol) [0x006AF138]
	(No symbol) [0x0068D646]
	(No symbol) [0x0065C59F]
	(No symbol) [0x0065D8E4]
	GetHandleVerifier [0x00ABD873+3179043]
	GetHandleVerifier [0x00AD6CE9+3282585]
	GetHandleVerifier [0x00AD166C+3260444]
	GetHandleVerifier [0x00854320+650448]
	(No symbol) [0x0074ECFD]
	(No symbol) [0x0074BAE8]
	(No symbol) [0x0074BC89]
	(No symbol) [0x0073E520]
	BaseThreadInitThunk [0x755E5D49+25]
	RtlInitializeExceptionChain [0x7753CE3B+107]
	RtlGetAppContainerNamedObjectPath [0x7753CDC1+561]

2025-03-21 18:02:06,299 - ERROR - Data link not found for https://data.egov.kz/datasets/view?index=nakty_akshalai_tabystar_indeks: Message: 
Stacktrace:
	GetHandleVerifier [0x007BB593+24387]
	(No symbol) [0x007458F4]
	(No symbol) [0x00620753]
	(No symbol) [0x00668BA9]
	(No symbol) [0x00668EFB]
	(No symbol) [0x006B19C2]
	(No symbol) [0x0068D894]
	(No symbol) [0x006AF138]
	(No symbol) [0x0068D646]
	(No symbol) [0x0065C59F]
	(No symbol) [0x0065D8E4]
	GetHandleVerifier [0x00ABD873+3179043]
	GetHandleVerifier [0x00AD6CE9+3282585]
	GetHandleVerifier [0x00AD166C+3260444]
	GetHandleVerifier [0x00854320+650448]
	(No symbol) [0x0074ECFD]
	(No symbol) [0x0074BAE8]
	(No symbol) [0x0074BC89]
	(No symbol) [0x0073E520]
	BaseThreadInitThunk [0x755E5D49+25]
	RtlInitializeExceptionChain [0x7753CE3B+107]
	RtlGetAppContainerNamedObjectPath [0x7753CDC1+561]

2025-03-21 18:02:29,341 - ERROR - Data link not found for https://data.egov.kz/datasets/view?index=nakty_akshalai_tabystar_indeks: Message: 
Stacktrace:
	GetHandleVerifier [0x007BB593+24387]
	(No symbol) [0x007458F4]
	(No symbol) [0x00620753]
	(No symbol) [0x00668BA9]
	(No symbol) [0x00668EFB]
	(No symbol) [0x006B19C2]
	(No symbol) [0x0068D894]
	(No symbol) [0x006AF138]
	(No symbol) [0x0068D646]
	(No symbol) [0x0065C59F]
	(No symbol) [0x0065D8E4]
	GetHandleVerifier [0x00ABD873+3179043]
	GetHandleVerifier [0x00AD6CE9+3282585]
	GetHandleVerifier [0x00AD166C+3260444]
	GetHandleVerifier [0x00854320+650448]
	(No symbol) [0x0074ECFD]
	(No symbol) [0x0074BAE8]
	(No symbol) [0x0074BC89]
	(No symbol) [0x0073E520]
	BaseThreadInitThunk [0x755E5D49+25]
	RtlInitializeExceptionChain [0x7753CE3B+107]
	RtlGetAppContainerNamedObjectPath [0x7753CDC1+561]

2025-03-21 18:02:52,131 - ERROR - Data link not found for https://data.egov.kz/datasets/view?index=nakty_akshalai_tabystar_indeks: Message: 
Stacktrace:
	GetHandleVerifier [0x007BB593+24387]
	(No symbol) [0x007458F4]
	(No symbol) [0x00620753]
	(No symbol) [0x00668BA9]
	(No symbol) [0x00668EFB]
	(No symbol) [0x006B19C2]
	(No symbol) [0x0068D894]
	(No symbol) [0x006AF138]
	(No symbol) [0x0068D646]
	(No symbol) [0x0065C59F]
	(No symbol) [0x0065D8E4]
	GetHandleVerifier [0x00ABD873+3179043]
	GetHandleVerifier [0x00AD6CE9+3282585]
	GetHandleVerifier [0x00AD166C+3260444]
	GetHandleVerifier [0x00854320+650448]
	(No symbol) [0x0074ECFD]
	(No symbol) [0x0074BAE8]
	(No symbol) [0x0074BC89]
	(No symbol) [0x0073E520]
	BaseThreadInitThunk [0x755E5D49+25]
	RtlInitializeExceptionChain [0x7753CE3B+107]
	RtlGetAppContainerNamedObjectPath [0x7753CDC1+561]

2025-03-21 18:03:14,940 - ERROR - Data link not found for https://data.egov.kz/datasets/view?index=opendata-api-uri461: Message: 
Stacktrace:
	GetHandleVerifier [0x007BB593+24387]
	(No symbol) [0x007458F4]
	(No symbol) [0x00620753]
	(No symbol) [0x00668BA9]
	(No symbol) [0x00668EFB]
	(No symbol) [0x006B19C2]
	(No symbol) [0x0068D894]
	(No symbol) [0x006AF138]
	(No symbol) [0x0068D646]
	(No symbol) [0x0065C59F]
	(No symbol) [0x0065D8E4]
	GetHandleVerifier [0x00ABD873+3179043]
	GetHandleVerifier [0x00AD6CE9+3282585]
	GetHandleVerifier [0x00AD166C+3260444]
	GetHandleVerifier [0x00854320+650448]
	(No symbol) [0x0074ECFD]
	(No symbol) [0x0074BAE8]
	(No symbol) [0x0074BC89]
	(No symbol) [0x0073E520]
	BaseThreadInitThunk [0x755E5D49+25]
	RtlInitializeExceptionChain [0x7753CE3B+107]
	RtlGetAppContainerNamedObjectPath [0x7753CDC1+561]

